[01:29:47] INFO     📋 Full debug log → automation_20260316_012947.log
[01:29:47] INFO     =======================================================
[01:29:47] INFO     🚀 Grok Video Generation Automation - Starting Session
[01:29:47] INFO        Image    : None
[01:29:47] INFO     =======================================================
[01:29:47] INFO     STAGE 1: Launching Chrome
[01:29:48] INFO     ✅ STAGE 1 PASSED: Chrome launched.
[01:29:48] INFO     STAGE 2: Navigating to Grok
[01:29:48] INFO     ⏳ Waiting 8.6s for UI to settle …
[01:29:57] DEBUG    🖱️  Scroll up 103px
[01:29:58] DEBUG    🖱️  Mouse jiggle → (769, 355)
[01:29:58] INFO     ✅ STAGE 2 PASSED: Page loaded.
[01:29:58] DEBUG    🕐 Human delay 1.6s post-navigation
[01:30:00] INFO     =======================================================
[01:30:00] INFO     👋 Closing Grok session
[01:30:00] INFO     =======================================================
[01:32:37] INFO     =======================================================
[01:32:37] INFO     🚀 Grok Video Generation Automation - Starting Session
[01:32:37] INFO        Image    : None
[01:32:37] INFO     =======================================================
[01:32:37] INFO     STAGE 1: Launching Chrome
[01:32:37] INFO     ✅ STAGE 1 PASSED: Chrome launched.
[01:32:37] INFO     STAGE 2: Navigating to Grok
[01:32:39] INFO     ⏳ Waiting 8.5s for UI to settle …
[01:32:47] DEBUG    🖱️  Scroll down 80px
[01:32:48] DEBUG    🖱️  Mouse jiggle → (583, 241)
[01:32:49] INFO     ✅ STAGE 2 PASSED: Page loaded.
[01:32:49] DEBUG    🕐 Human delay 2.3s post-navigation
[01:32:51] INFO     =======================================================
[01:32:51] INFO     👋 Closing Grok session
[01:32:51] INFO     =======================================================
[01:41:09] INFO     =======================================================
[01:41:09] INFO     🚀 Grok Video Generation Automation - Starting Session
[01:41:09] INFO        Image    : None
[01:41:09] INFO     =======================================================
[01:41:09] INFO     STAGE 1: Launching Chrome
[01:41:10] INFO     ✅ STAGE 1 PASSED: Chrome launched.
[01:41:10] INFO     STAGE 2: Navigating to Grok
[01:41:10] INFO     ⏳ Waiting 8.1s for UI to settle …
[01:41:19] DEBUG    🖱️  Scroll up 194px
[01:41:19] DEBUG    🖱️  Mouse jiggle → (279, 175)
[01:41:20] INFO     ✅ STAGE 2 PASSED: Page loaded.
[01:41:20] DEBUG    🕐 Human delay 2.9s post-navigation
[01:41:23] INFO     STAGE 3: Ensuring Video mode is selected
[01:41:23] DEBUG    🕐 Human delay 1.3s before checking mode
[01:41:24] WARNING  ⚠️  Settings button not found — trying to continue anyway.
[01:41:24] INFO     📸 Screenshot → /home/sonupandit/Documents/ai-vide-api/twitter-automation/03_no_settings_btn.png
[01:41:24] INFO     =======================================================
[01:41:24] INFO     🎬 Grok Video Generation - New Video
[01:41:24] INFO        Prompt   : IMAGE CONTEXT:
ancient indian fort kitchen chef preparing food stone walls torches sepia vintage

VIDEO INSTRUCTIONS:
Talking character delivering dialogue on camera with synchronized lip movement. The dialogue being spoken is: 'नमस्कार, मैं राजा की रसोई का मुख्य रसोइया हूँ। उस ज़माने में, राजा के किले में हर भोजन को परफेक्ट बनाना पड़ता था… वरना सिर कलम! हाहा, साला डर लगता था।' Ensure lip movements and pacing synchronize precisely with this dialogue over 10 seconds. Environment: Grand ancient Indian fort kitchen with stone walls, wooden counters, clay pots, flickering torches, spices scattered. Character: Middle-aged Indian chef, stout build, dark skin, mustache, wearing white dhoti-kurta and chef's turban, friendly yet nervous expression. Action: Gesturing with hands while speaking, slight smile with edgy humor. Movement: Subtle head nods and hand waves. Camera slowly pushes in.
[01:41:24] INFO        Output   : /home/sonupandit/Documents/ai-vide-api/twitter-automation/videos/module_1.mp4
[01:41:24] INFO     =======================================================
[01:41:24] INFO     STAGE 5: Entering prompt
[01:41:24] INFO     📝 «IMAGE CONTEXT:
ancient indian fort kitchen chef preparing food stone walls torches sepia vintage

VIDEO INSTRUCTIONS:
Talking character delivering dialogue on camera with synchronized lip movement. The dialogue being spoken is: 'नमस्कार, मैं राजा की रसोई का मुख्य रसोइया हूँ। उस ज़माने में, राजा के किले में हर भोजन को परफेक्ट बनाना पड़ता था… वरना सिर कलम! हाहा, साला डर लगता था।' Ensure lip movements and pacing synchronize precisely with this dialogue over 10 seconds. Environment: Grand ancient Indian fort kitchen with stone walls, wooden counters, clay pots, flickering torches, spices scattered. Character: Middle-aged Indian chef, stout build, dark skin, mustache, wearing white dhoti-kurta and chef's turban, friendly yet nervous expression. Action: Gesturing with hands while speaking, slight smile with edgy humor. Movement: Subtle head nods and hand waves. Camera slowly pushes in.»
[01:41:24] DEBUG    🖱️  Scroll up 208px
[01:41:25] DEBUG    🕐 Human delay 2.4s before typing prompt
[01:41:28] DEBUG    🖱️  Mouse jiggle → (442, 489)
[01:41:33] DEBUG    Strategy 'textarea' failed: Locator.wait_for: Timeout 5000ms exceeded.
Call log:
  - waiting for locator("textarea").first

[01:41:34] INFO     ✏️  Entered via ProseMirror.
[01:41:35] DEBUG    ✅ 'prompt in DOM' met on attempt 1/8
[01:41:35] INFO     ✅ STAGE 5 PASSED: Prompt confirmed in DOM.
[01:41:35] INFO     STAGE 6: Submitting generation request
[01:41:35] DEBUG    🕐 Human delay 1.3s before pressing Enter
