[23:35:09] INFO     📋 Full debug log → automation_20260305_233509.log
[23:35:09] INFO     =======================================================
[23:35:09] INFO     🚀 Grok Video Generation Automation - Starting Session
[23:35:09] INFO        Image    : /home/sonupandit/Documents/ai-vide-api/twitter-automation/default.png
[23:35:09] INFO     =======================================================
[23:35:09] INFO     STAGE 1: Launching Chrome
[23:35:10] INFO     ✅ STAGE 1 PASSED: Chrome launched.
[23:35:10] INFO     STAGE 2: Navigating to Grok
[23:35:12] INFO     ⏳ Waiting 8.3s for UI to settle …
[23:35:21] DEBUG    🖱️  Scroll up 129px
[23:35:24] DEBUG    🖱️  Mouse jiggle → (697, 367)
[23:35:24] INFO     ✅ STAGE 2 PASSED: Page loaded.
[23:35:24] DEBUG    🕐 Human delay 2.0s post-navigation
[23:35:26] INFO     STAGE 3: Ensuring Video mode is selected
[23:35:26] DEBUG    🕐 Human delay 1.3s before checking mode
[23:35:27] INFO        Current mode button text: 'Video'
[23:35:27] INFO     ✅ STAGE 3 PASSED: Already in Video mode.
[23:35:27] INFO     STAGE 4: Uploading image
[23:35:27] INFO     🖼️  Image: /home/sonupandit/Documents/ai-vide-api/twitter-automation/default.png (7.52 MB)
[23:35:28] INFO     📤 File set on input.
[23:35:28] DEBUG    🕐 Human delay 1.9s after file select
[23:35:30] DEBUG    ✅ 'upload visible' met on attempt 1/20
[23:35:30] INFO     ✅ STAGE 4 PASSED: Image visible in UI.
[23:35:30] INFO     ⏳ Waiting 60s for Grok to process image …
[23:35:40] INFO        … 50s remaining
[23:35:50] INFO        … 40s remaining
[23:36:00] INFO        … 30s remaining
[23:36:10] INFO        … 20s remaining
[23:36:20] INFO        … 10s remaining
[23:36:30] INFO     =======================================================
[23:36:30] INFO     🎬 Grok Video Generation - New Video
[23:36:30] INFO        Prompt   : {"shots": [{"shot_number": 1, "duration": "4s", "description": "Wide cinematic view of Chowpatty beach at sunset with waves touching the sand and people walking along the coastline.", "camera_movement_lighting": "Slow aerial glide toward the shoreline with warm golden sunset lighting.", "audio_cue": "Ocean waves and distant crowd ambience.", "voiceover_narration": "बहुत साल पहले मुंबई के चौपाटी समुद्र किनारे एक छोटा सा ठेला लगता था।", "voice_style": "dramatic storytelling tone"}, {"shot_number": 2, "duration": "3s", "description": "Street vendor standing beside a small wooden cart filled with puffed rice containers.", "camera_movement_lighting": "Slow push-in toward the vendor with warm evening light.", "audio_cue": "Soft sea breeze and distant chatter.", "voiceover_narration": "उस ठेले पर रामू नाम का आदमी बस मुरमुरा बेचता था,", "voice_style": "calm storytelling tone"}, {"shot_number": 3, "duration": "3s", "description": "People walking past the cart while enjoying the beach atmosphere.", "camera_movement_lighting": "Side tracking shot with warm sunset lighting.", "audio_cue": "Footsteps on sand and ocean waves.", "voiceover_narration": "और लोग समुद्र की हवा खाते हुए उसके पास से गुजर जाते थे।", "voice_style": "neutral storytelling tone"}]}
[23:36:30] INFO        Output   : /home/sonupandit/Documents/ai-vide-api/twitter-automation/videos/module_1.mp4
[23:36:30] INFO     =======================================================
[23:36:30] INFO     STAGE 5: Entering prompt
[23:36:30] INFO     📝 «{"shots": [{"shot_number": 1, "duration": "4s", "description": "Wide cinematic view of Chowpatty beach at sunset with waves touching the sand and people walking along the coastline.", "camera_movement_lighting": "Slow aerial glide toward the shoreline with warm golden sunset lighting.", "audio_cue": "Ocean waves and distant crowd ambience.", "voiceover_narration": "बहुत साल पहले मुंबई के चौपाटी समुद्र किनारे एक छोटा सा ठेला लगता था।", "voice_style": "dramatic storytelling tone"}, {"shot_number": 2, "duration": "3s", "description": "Street vendor standing beside a small wooden cart filled with puffed rice containers.", "camera_movement_lighting": "Slow push-in toward the vendor with warm evening light.", "audio_cue": "Soft sea breeze and distant chatter.", "voiceover_narration": "उस ठेले पर रामू नाम का आदमी बस मुरमुरा बेचता था,", "voice_style": "calm storytelling tone"}, {"shot_number": 3, "duration": "3s", "description": "People walking past the cart while enjoying the beach atmosphere.", "camera_movement_lighting": "Side tracking shot with warm sunset lighting.", "audio_cue": "Footsteps on sand and ocean waves.", "voiceover_narration": "और लोग समुद्र की हवा खाते हुए उसके पास से गुजर जाते थे।", "voice_style": "neutral storytelling tone"}]}»
[23:36:30] DEBUG    🖱️  Scroll up 337px
[23:36:30] DEBUG    🕐 Human delay 1.5s before typing prompt
[23:36:32] DEBUG    🖱️  Mouse jiggle → (664, 198)
[23:36:37] DEBUG    Strategy 'textarea' failed: Locator.wait_for: Timeout 5000ms exceeded.
Call log:
  - waiting for locator("textarea").first

[23:36:39] INFO     ✏️  Entered via ProseMirror.
[23:36:40] DEBUG    ✅ 'prompt in DOM' met on attempt 1/8
[23:36:40] INFO     ✅ STAGE 5 PASSED: Prompt confirmed in DOM.
[23:36:40] INFO     STAGE 6: Submitting generation request
[23:36:40] DEBUG    🕐 Human delay 1.2s before pressing Enter
[23:36:48] INFO     📸 Screenshot → /home/sonupandit/Documents/ai-vide-api/twitter-automation/06_after_submit.png
[23:36:48] INFO     ✅ STAGE 6 PASSED: Generation request submitted.
[23:36:48] INFO     ⏳ Waiting for generation to complete (looking for 'Make video' or video element) …
[23:36:48] INFO        ⏳ Still generating … 0s
[23:36:51] INFO     ✅ 'Make video' button found after 3s — images generated.
[23:36:51] INFO     📸 Screenshot → /home/sonupandit/Documents/ai-vide-api/twitter-automation/06_images_done.png
[23:36:51] INFO     STAGE 7: Clicking 'Make video' button
[23:36:51] DEBUG    🕐 Human delay 2.3s before clicking Make video
[23:36:53] DEBUG    🖱️  Mouse jiggle → (329, 279)
[23:36:54] INFO     🎬 Clicked 'Make video'!
[23:37:00] INFO     📸 Screenshot → /home/sonupandit/Documents/ai-vide-api/twitter-automation/07_make_video_clicked.png
[23:37:00] INFO     ⏳ Waiting for video generation (up to 600s) …
[23:37:00] INFO        ⏳ Video generating … 0s
[23:37:15] INFO        ⏳ Video generating … 15s
[23:37:30] INFO        ⏳ Video generating … 30s
[23:37:45] INFO        ⏳ Video generating … 45s
[23:38:00] INFO        ⏳ Video generating … 60s
[23:38:15] INFO        ⏳ Video generating … 75s
[23:38:18] INFO     ✅ Video element found after 78s!
[23:38:18] INFO        Video src: https://assets.grok.com/users/8dbf2400-2043-4217-8f1b-f55601499675/generated/2585e2dc-4983-41bd-8b14…
[23:38:18] INFO     📸 Screenshot → /home/sonupandit/Documents/ai-vide-api/twitter-automation/07_video_generated.png
[23:38:18] INFO     STAGE 8: Downloading generated video
[23:38:18] INFO        Trying Strategy 1: Extract video src URL …
[23:38:18] INFO     🔗 Video URL found: https://assets.grok.com/users/8dbf2400-2043-4217-8f1b-f55601499675/generated/2585e2dc-4983-41bd-8b14-e52f35be8eed/genera…
[23:38:18] INFO     ⬇️  Downloading video to /home/sonupandit/Documents/ai-vide-api/twitter-automation/videos/module_1.mp4 …
[23:38:19] WARNING  ⚠️  Direct download failed: HTTP Error 403: Forbidden — trying Strategy 2.
[23:38:19] INFO        Trying Strategy 2: Click download button …
[23:38:19] INFO        Found download element: button[aria-label*="ownload"]
[23:38:19] INFO     ⬇️  Attempt 1/3 …
[23:38:22] INFO     ✅ STAGE 8 PASSED (Strategy 2): /home/sonupandit/Documents/ai-vide-api/twitter-automation/videos/module_1.mp4 (3.42 MB)
[23:38:22] INFO     📸 Screenshot → /home/sonupandit/Documents/ai-vide-api/twitter-automation/08_download_success.png
[23:38:22] INFO     🎉 SUCCESS!
[23:38:22] INFO     =======================================================
[23:38:22] INFO     🎬 Grok Video Generation - New Video
[23:38:22] INFO        Prompt   : {"shots": [{"shot_number": 1, "duration": "4s", "description": "Group of children gathering around the beach food cart with curious expressions.", "camera_movement_lighting": "Handheld energetic movement with warm sunset lighting.", "audio_cue": "Children chatter and light laughter.", "voiceover_narration": "एक दिन कुछ बच्चे उसके ठेले के पास आकर रुक गए और बोले, रामू भैया इसमें कुछ मजेदार डालो ना।", "voice_style": "cheerful storytelling tone"}, {"shot_number": 2, "duration": "3s", "description": "Vendor looking at the ingredients on the cart thoughtfully.", "camera_movement_lighting": "Slow push-in toward the vendor with warm evening lighting.", "audio_cue": "Soft metal container sounds.", "voiceover_narration": "रामू ने सोचा", "voice_style": "suspense tone"}, {"shot_number": 3, "duration": "3s", "description": "Close-up of hands mixing puffed rice with vegetables and sev in a steel bowl.", "camera_movement_lighting": "Dynamic close-up with warm golden light.", "audio_cue": "Mixing sounds of spoon and bowl.", "voiceover_narration": "और अपने ठेले पर रखी प्याज़, टमाटर, हरी मिर्च और सेव को मुरमुरे में मिलाना शुरू कर दिया।", "voice_style": "fast storytelling tone"}]}
[23:38:22] INFO        Output   : /home/sonupandit/Documents/ai-vide-api/twitter-automation/videos/module_2.mp4
[23:38:22] INFO     =======================================================
[23:38:22] INFO     STAGE 5: Entering prompt
[23:38:22] INFO     📝 «{"shots": [{"shot_number": 1, "duration": "4s", "description": "Group of children gathering around the beach food cart with curious expressions.", "camera_movement_lighting": "Handheld energetic movement with warm sunset lighting.", "audio_cue": "Children chatter and light laughter.", "voiceover_narration": "एक दिन कुछ बच्चे उसके ठेले के पास आकर रुक गए और बोले, रामू भैया इसमें कुछ मजेदार डालो ना।", "voice_style": "cheerful storytelling tone"}, {"shot_number": 2, "duration": "3s", "description": "Vendor looking at the ingredients on the cart thoughtfully.", "camera_movement_lighting": "Slow push-in toward the vendor with warm evening lighting.", "audio_cue": "Soft metal container sounds.", "voiceover_narration": "रामू ने सोचा", "voice_style": "suspense tone"}, {"shot_number": 3, "duration": "3s", "description": "Close-up of hands mixing puffed rice with vegetables and sev in a steel bowl.", "camera_movement_lighting": "Dynamic close-up with warm golden light.", "audio_cue": "Mixing sounds of spoon and bowl.", "voiceover_narration": "और अपने ठेले पर रखी प्याज़, टमाटर, हरी मिर्च और सेव को मुरमुरे में मिलाना शुरू कर दिया।", "voice_style": "fast storytelling tone"}]}»
[23:38:22] DEBUG    🖱️  Scroll down 314px
[23:38:22] DEBUG    🕐 Human delay 1.1s before typing prompt
[23:38:24] DEBUG    🖱️  Mouse jiggle → (401, 218)
[23:38:29] DEBUG    Strategy 'textarea' failed: Locator.wait_for: Timeout 5000ms exceeded.
Call log:
  - waiting for locator("textarea").first

[23:38:30] INFO     ✏️  Entered via ProseMirror.
[23:38:31] DEBUG    ✅ 'prompt in DOM' met on attempt 1/8
[23:38:31] INFO     ✅ STAGE 5 PASSED: Prompt confirmed in DOM.
[23:38:31] INFO     STAGE 6: Submitting generation request
[23:38:31] DEBUG    🕐 Human delay 0.6s before pressing Enter
[23:38:36] INFO     📸 Screenshot → /home/sonupandit/Documents/ai-vide-api/twitter-automation/06_after_submit.png
[23:38:36] INFO     ✅ STAGE 6 PASSED: Generation request submitted.
[23:38:36] INFO     ⏳ Waiting for generation to complete (looking for 'Make video' or video element) …
[23:38:36] INFO        ⏳ Still generating … 0s
[23:38:51] INFO        ⏳ Still generating … 15s
[23:39:06] INFO        ⏳ Still generating … 30s
[23:39:22] INFO        ⏳ Still generating … 45s
[23:39:37] INFO        ⏳ Still generating … 60s
[23:39:52] INFO     ✅ Video element found after 75s — video generated directly.
[23:39:52] INFO     📸 Screenshot → /home/sonupandit/Documents/ai-vide-api/twitter-automation/06_video_direct.png
[23:39:52] INFO     STAGE 7: Clicking 'Make video' button
[23:39:52] WARNING  ⚠️  'Make video' button not visible — maybe video was generated directly.
[23:39:52] INFO     STAGE 8: Downloading generated video
[23:39:52] INFO        Trying Strategy 1: Extract video src URL …
[23:39:52] INFO     🔗 Video URL found: https://assets.grok.com/users/8dbf2400-2043-4217-8f1b-f55601499675/generated/9739a4b8-3b45-4a83-be6d-882f9f3ccfbd/genera…
[23:39:52] INFO     ⬇️  Downloading video to /home/sonupandit/Documents/ai-vide-api/twitter-automation/videos/module_2.mp4 …
[23:39:52] WARNING  ⚠️  Direct download failed: HTTP Error 403: Forbidden — trying Strategy 2.
[23:39:52] INFO        Trying Strategy 2: Click download button …
[23:39:52] INFO        Found download element: button[aria-label*="ownload"]
[23:39:52] INFO     ⬇️  Attempt 1/3 …
[23:39:55] INFO     ✅ STAGE 8 PASSED (Strategy 2): /home/sonupandit/Documents/ai-vide-api/twitter-automation/videos/module_2.mp4 (4.85 MB)
[23:39:55] INFO     📸 Screenshot → /home/sonupandit/Documents/ai-vide-api/twitter-automation/08_download_success.png
[23:39:55] INFO     🎉 SUCCESS!
[23:39:55] INFO     =======================================================
[23:39:55] INFO     🎬 Grok Video Generation - New Video
[23:39:55] INFO        Prompt   : {"shots": [{"shot_number": 1, "duration": "4s", "description": "Vendor pouring tamarind chutney and spices over the puffed rice mixture.", "camera_movement_lighting": "Macro food close-up with warm golden sunset lighting.", "audio_cue": "Liquid pouring and mixing sounds.", "voiceover_narration": "ऊपर से इमली की चटनी और मसाला डालकर रामू ने सबको अच्छे से मिला दिया।", "voice_style": "fast storytelling tone"}, {"shot_number": 2, "duration": "3s", "description": "Children tasting the snack and reacting with excitement and smiles.", "camera_movement_lighting": "Slow push toward happy faces with sunset glow.", "audio_cue": "Children joyful reactions.", "voiceover_narration": "बच्चों ने जैसे ही खाया, उनके चेहरे खिल उठे", "voice_style": "cheerful storytelling tone"}, {"shot_number": 3, "duration": "3s", "description": "Cinematic close shot of a paper cone filled with bhel puri against the glowing sea sunset.", "camera_movement_lighting": "Slow cinematic tilt upward with warm sunset backlight.", "audio_cue": "Ocean waves and soft wind.", "voiceover_narration": "और उसी दिन चौपाटी पर जन्म हुआ मशहूर भेलपुरी का।", "voice_style": "dramatic storytelling tone"}]}
[23:39:55] INFO        Output   : /home/sonupandit/Documents/ai-vide-api/twitter-automation/videos/module_3.mp4
[23:39:55] INFO     =======================================================
[23:39:55] INFO     STAGE 5: Entering prompt
[23:39:55] INFO     📝 «{"shots": [{"shot_number": 1, "duration": "4s", "description": "Vendor pouring tamarind chutney and spices over the puffed rice mixture.", "camera_movement_lighting": "Macro food close-up with warm golden sunset lighting.", "audio_cue": "Liquid pouring and mixing sounds.", "voiceover_narration": "ऊपर से इमली की चटनी और मसाला डालकर रामू ने सबको अच्छे से मिला दिया।", "voice_style": "fast storytelling tone"}, {"shot_number": 2, "duration": "3s", "description": "Children tasting the snack and reacting with excitement and smiles.", "camera_movement_lighting": "Slow push toward happy faces with sunset glow.", "audio_cue": "Children joyful reactions.", "voiceover_narration": "बच्चों ने जैसे ही खाया, उनके चेहरे खिल उठे", "voice_style": "cheerful storytelling tone"}, {"shot_number": 3, "duration": "3s", "description": "Cinematic close shot of a paper cone filled with bhel puri against the glowing sea sunset.", "camera_movement_lighting": "Slow cinematic tilt upward with warm sunset backlight.", "audio_cue": "Ocean waves and soft wind.", "voiceover_narration": "और उसी दिन चौपाटी पर जन्म हुआ मशहूर भेलपुरी का।", "voice_style": "dramatic storytelling tone"}]}»
[23:39:55] DEBUG    🖱️  Scroll up 325px
[23:39:55] DEBUG    🕐 Human delay 3.0s before typing prompt
[23:39:59] DEBUG    🖱️  Mouse jiggle → (481, 331)
[23:40:04] DEBUG    Strategy 'textarea' failed: Locator.wait_for: Timeout 5000ms exceeded.
Call log:
  - waiting for locator("textarea").first

[23:40:05] INFO     ✏️  Entered via ProseMirror.
[23:40:06] DEBUG    ✅ 'prompt in DOM' met on attempt 1/8
[23:40:06] INFO     ✅ STAGE 5 PASSED: Prompt confirmed in DOM.
[23:40:06] INFO     STAGE 6: Submitting generation request
[23:40:06] DEBUG    🕐 Human delay 0.7s before pressing Enter
[23:40:12] INFO     📸 Screenshot → /home/sonupandit/Documents/ai-vide-api/twitter-automation/06_after_submit.png
[23:40:12] INFO     ✅ STAGE 6 PASSED: Generation request submitted.
[23:40:12] INFO     ⏳ Waiting for generation to complete (looking for 'Make video' or video element) …
[23:40:12] INFO        ⏳ Still generating … 0s
[23:40:27] INFO        ⏳ Still generating … 15s
[23:40:42] INFO        ⏳ Still generating … 30s
[23:40:57] INFO        ⏳ Still generating … 45s
[23:41:12] INFO        ⏳ Still generating … 60s
[23:41:27] INFO        ⏳ Still generating … 75s
[23:41:39] INFO     ✅ Video element found after 87s — video generated directly.
[23:41:39] INFO     📸 Screenshot → /home/sonupandit/Documents/ai-vide-api/twitter-automation/06_video_direct.png
[23:41:39] INFO     STAGE 7: Clicking 'Make video' button
[23:41:39] WARNING  ⚠️  'Make video' button not visible — maybe video was generated directly.
[23:41:39] INFO     STAGE 8: Downloading generated video
[23:41:39] INFO        Trying Strategy 1: Extract video src URL …
[23:41:39] INFO     🔗 Video URL found: https://assets.grok.com/users/8dbf2400-2043-4217-8f1b-f55601499675/generated/5f3e61bc-1559-4b4e-962b-853d41c16a61/genera…
[23:41:39] INFO     ⬇️  Downloading video to /home/sonupandit/Documents/ai-vide-api/twitter-automation/videos/module_3.mp4 …
[23:41:40] WARNING  ⚠️  Direct download failed: HTTP Error 403: Forbidden — trying Strategy 2.
[23:41:40] INFO        Trying Strategy 2: Click download button …
[23:41:40] INFO        Found download element: button[aria-label*="ownload"]
[23:41:40] INFO     ⬇️  Attempt 1/3 …
[23:41:43] INFO     ✅ STAGE 8 PASSED (Strategy 2): /home/sonupandit/Documents/ai-vide-api/twitter-automation/videos/module_3.mp4 (4.38 MB)
[23:41:43] INFO     📸 Screenshot → /home/sonupandit/Documents/ai-vide-api/twitter-automation/08_download_success.png
[23:41:43] INFO     🎉 SUCCESS!
[23:41:43] INFO     =======================================================
[23:41:43] INFO     👋 Closing Grok session
[23:41:43] INFO     =======================================================
