[23:13:46] INFO     📋 Full debug log → automation_20260310_231346.log
[23:13:46] INFO     =======================================================
[23:13:46] INFO     🚀 Grok Video Generation Automation - Starting Session
[23:13:46] INFO        Image    : /home/sonupandit/Documents/ai-vide-api/twitter-automation/default.jpg
[23:13:46] INFO     =======================================================
[23:13:46] INFO     STAGE 1: Launching Chrome
[23:13:46] INFO     ✅ STAGE 1 PASSED: Chrome launched.
[23:13:46] INFO     STAGE 2: Navigating to Grok
[23:13:48] INFO     ⏳ Waiting 8.1s for UI to settle …
[23:13:56] DEBUG    🖱️  Scroll up 336px
[23:13:56] DEBUG    🖱️  Mouse jiggle → (618, 477)
[23:13:57] INFO     ✅ STAGE 2 PASSED: Page loaded.
[23:13:57] DEBUG    🕐 Human delay 2.1s post-navigation
[23:13:59] INFO     STAGE 3: Ensuring Video mode is selected
[23:13:59] DEBUG    🕐 Human delay 1.4s before checking mode
[23:14:01] WARNING  ⚠️  Settings button not found — trying to continue anyway.
[23:14:01] INFO     📸 Screenshot → /home/sonupandit/Documents/ai-vide-api/twitter-automation/03_no_settings_btn.png
[23:14:01] INFO     STAGE 4: Uploading image
[23:14:01] INFO     🖼️  Image: /home/sonupandit/Documents/ai-vide-api/twitter-automation/default.jpg (0.85 MB)
[23:14:01] INFO     📤 File set on input.
[23:14:01] DEBUG    🕐 Human delay 2.0s after file select
[23:14:03] DEBUG    ✅ 'upload visible' met on attempt 1/20
[23:14:03] INFO     ✅ STAGE 4 PASSED: Image visible in UI.
[23:14:03] INFO     ⏳ Waiting 60s for Grok to process image …
[23:14:13] INFO        … 50s remaining
[23:14:23] INFO        … 40s remaining
[23:14:33] INFO        … 30s remaining
[23:14:43] INFO        … 20s remaining
[23:14:53] INFO        … 10s remaining
[23:15:03] INFO     =======================================================
[23:15:03] INFO     🎬 Grok Video Generation - New Video
[23:15:03] INFO        Prompt   : IMAGE CONTEXT:
early 1900s laboratory interior with Nikola Tesla inspired inventor speaking directly beside primitive electrical equipment and coils, wooden tables with wires and bulbs, sepia black and white vintage film look, heavy film grain, scratches, dust particles, frame jitter, flickering exposure, hand cranked camera aesthetic

VIDEO INSTRUCTIONS:
{
  "shots": [
    {
      "shot_number": 1,
      "duration": "5s",
      "description": "Medium shot inside an early 1900s laboratory. Nikola Tesla stands beside a wooden table filled with electrical coils and wires. He slowly looks toward the camera as if speaking directly to the viewer while faint sparks glow behind him.",
      "camera_movement_lighting": "Static early cinema framing with hand-cranked jitter and dim laboratory lighting.",
      "audio_cue": "Soft electrical humming and quiet room ambience.",
      "voiceover_narration": "टेस्ला कहता है, \"मेरा नाम निकोला टेस्ला है।\"",
      "voice_style": "calm reflective male voice"
    },
    {
      "shot_number": 2,
      "duration": "5s",
      "description": "Closer shot of Tesla standing beside the same table of electrical equipment. He gestures toward the coils while speaking thoughtfully.",
      "camera_movement_lighting": "Soft flickering light from electrical equipment with vintage vignette.",
      "audio_cue": "Low electrical buzzing.",
      "voiceover_narration": "टेस्ला कहता है, \"बचपन से ही मुझे बिजली से एक अजीब आकर्षण था।\"",
      "voice_style": "thoughtful storytelling tone"
    }
  ]
}
[23:15:03] INFO        Output   : /home/sonupandit/Documents/ai-vide-api/twitter-automation/videos/module_1.mp4
[23:15:03] INFO     =======================================================
[23:15:03] INFO     STAGE 5: Entering prompt
[23:15:03] INFO     📝 «IMAGE CONTEXT:
early 1900s laboratory interior with Nikola Tesla inspired inventor speaking directly beside primitive electrical equipment and coils, wooden tables with wires and bulbs, sepia black and white vintage film look, heavy film grain, scratches, dust particles, frame jitter, flickering exposure, hand cranked camera aesthetic

VIDEO INSTRUCTIONS:
{
  "shots": [
    {
      "shot_number": 1,
      "duration": "5s",
      "description": "Medium shot inside an early 1900s laboratory. Nikola Tesla stands beside a wooden table filled with electrical coils and wires. He slowly looks toward the camera as if speaking directly to the viewer while faint sparks glow behind him.",
      "camera_movement_lighting": "Static early cinema framing with hand-cranked jitter and dim laboratory lighting.",
      "audio_cue": "Soft electrical humming and quiet room ambience.",
      "voiceover_narration": "टेस्ला कहता है, \"मेरा नाम निकोला टेस्ला है।\"",
      "voice_style": "calm reflective male voice"
    },
    {
      "shot_number": 2,
      "duration": "5s",
      "description": "Closer shot of Tesla standing beside the same table of electrical equipment. He gestures toward the coils while speaking thoughtfully.",
      "camera_movement_lighting": "Soft flickering light from electrical equipment with vintage vignette.",
      "audio_cue": "Low electrical buzzing.",
      "voiceover_narration": "टेस्ला कहता है, \"बचपन से ही मुझे बिजली से एक अजीब आकर्षण था।\"",
      "voice_style": "thoughtful storytelling tone"
    }
  ]
}»
[23:15:03] DEBUG    🖱️  Scroll down 267px
[23:15:04] DEBUG    🕐 Human delay 1.9s before typing prompt
[23:15:05] DEBUG    🖱️  Mouse jiggle → (1025, 263)
[23:15:11] DEBUG    Strategy 'textarea' failed: Locator.wait_for: Timeout 5000ms exceeded.
Call log:
  - waiting for locator("textarea").first

[23:15:12] INFO     ✏️  Entered via ProseMirror.
[23:15:13] DEBUG    ✅ 'prompt in DOM' met on attempt 1/8
[23:15:13] INFO     ✅ STAGE 5 PASSED: Prompt confirmed in DOM.
[23:15:13] INFO     STAGE 6: Submitting generation request
[23:15:13] DEBUG    🕐 Human delay 0.6s before pressing Enter
[23:15:20] INFO     📸 Screenshot → /home/sonupandit/Documents/ai-vide-api/twitter-automation/06_after_submit.png
[23:15:20] INFO     ✅ STAGE 6 PASSED: Generation request submitted.
[23:15:20] INFO     ⏳ Waiting for generation to complete (looking for 'Make video' or video element) …
[23:15:50] INFO        ⏳ Still generating … 30s
[23:16:05] INFO        ⏳ Still generating … 45s
[23:16:20] INFO        ⏳ Still generating … 60s
[23:16:35] INFO        ⏳ Still generating … 75s
[23:16:50] INFO        ⏳ Still generating … 90s
[23:17:05] INFO        ⏳ Still generating … 105s
[23:17:11] INFO     ✅ Video element found after 111s — video generated directly.
[23:17:12] INFO     📸 Screenshot → /home/sonupandit/Documents/ai-vide-api/twitter-automation/06_video_direct.png
[23:17:12] INFO     STAGE 7: Clicking 'Make video' button
[23:17:12] WARNING  ⚠️  'Make video' button not visible — maybe video was generated directly.
[23:17:12] INFO     STAGE 8: Downloading generated video
[23:17:12] INFO        Trying Strategy 1: Extract video src URL …
[23:17:12] INFO     🔗 Video URL found: https://assets.grok.com/users/8dbf2400-2043-4217-8f1b-f55601499675/generated/7730fb32-dda4-426a-a724-b6c5226cdac6/genera…
[23:17:12] INFO     ⬇️  Downloading video to /home/sonupandit/Documents/ai-vide-api/twitter-automation/videos/module_1.mp4 …
[23:17:12] WARNING  ⚠️  Direct download failed: HTTP Error 403: Forbidden — trying Strategy 2.
[23:17:12] INFO        Trying Strategy 2: Click download button …
[23:17:12] INFO        Found download element: button[aria-label*="ownload"]
[23:17:12] INFO     ⬇️  Attempt 1/3 …
[23:17:15] INFO     ✅ STAGE 8 PASSED (Strategy 2): /home/sonupandit/Documents/ai-vide-api/twitter-automation/videos/module_1.mp4 (3.79 MB)
[23:17:15] INFO     📸 Screenshot → /home/sonupandit/Documents/ai-vide-api/twitter-automation/08_download_success.png
[23:17:15] INFO     🎉 SUCCESS!
[23:17:15] INFO     =======================================================
[23:17:15] INFO     🎬 Grok Video Generation - New Video
[23:17:15] INFO        Prompt   : IMAGE CONTEXT:
same early 1900s laboratory with Tesla explaining ideas while pointing at sketches of electrical waves and towers on wooden table, sepia vintage cinema aesthetic with heavy film grain scratches dust particles

VIDEO INSTRUCTIONS:
{
  "shots": [
    {
      "shot_number": 1,
      "duration": "6s",
      "description": "Tesla spreads several papers with hand drawn electrical diagrams across a wooden table. The sketches show towers and waves moving through the air.",
      "camera_movement_lighting": "Slow vintage push in with dim laboratory lighting.",
      "audio_cue": "Paper rustling and faint electrical hum.",
      "voiceover_narration": "टेस्ला सोचते हुए कहता है, \"दुनिया तारों से बिजली भेजती थी।\"",
      "voice_style": "reflective narration tone"
    },
    {
      "shot_number": 2,
      "duration": "4s",
      "description": "Tesla points toward a drawing showing energy waves traveling through the air while explaining his idea.",
      "camera_movement_lighting": "Static frame with flickering exposure and soft shadows.",
      "audio_cue": "Quiet ambient buzzing.",
      "voiceover_narration": "टेस्ला आगे कहता है, \"लेकिन मैं सोचता था... अगर बिजली हवा में जा सके तो?\"",
      "voice_style": "curious thoughtful tone"
    }
  ]
}
[23:17:15] INFO        Output   : /home/sonupandit/Documents/ai-vide-api/twitter-automation/videos/module_2.mp4
[23:17:15] INFO     =======================================================
[23:17:15] INFO     STAGE 5: Entering prompt
[23:17:15] INFO     📝 «IMAGE CONTEXT:
same early 1900s laboratory with Tesla explaining ideas while pointing at sketches of electrical waves and towers on wooden table, sepia vintage cinema aesthetic with heavy film grain scratches dust particles

VIDEO INSTRUCTIONS:
{
  "shots": [
    {
      "shot_number": 1,
      "duration": "6s",
      "description": "Tesla spreads several papers with hand drawn electrical diagrams across a wooden table. The sketches show towers and waves moving through the air.",
      "camera_movement_lighting": "Slow vintage push in with dim laboratory lighting.",
      "audio_cue": "Paper rustling and faint electrical hum.",
      "voiceover_narration": "टेस्ला सोचते हुए कहता है, \"दुनिया तारों से बिजली भेजती थी।\"",
      "voice_style": "reflective narration tone"
    },
    {
      "shot_number": 2,
      "duration": "4s",
      "description": "Tesla points toward a drawing showing energy waves traveling through the air while explaining his idea.",
      "camera_movement_lighting": "Static frame with flickering exposure and soft shadows.",
      "audio_cue": "Quiet ambient buzzing.",
      "voiceover_narration": "टेस्ला आगे कहता है, \"लेकिन मैं सोचता था... अगर बिजली हवा में जा सके तो?\"",
      "voice_style": "curious thoughtful tone"
    }
  ]
}»
[23:17:16] DEBUG    🖱️  Scroll up 292px
[23:17:16] DEBUG    🕐 Human delay 2.2s before typing prompt
[23:17:18] DEBUG    🖱️  Mouse jiggle → (696, 201)
[23:17:24] DEBUG    Strategy 'textarea' failed: Locator.wait_for: Timeout 5000ms exceeded.
Call log:
  - waiting for locator("textarea").first

[23:17:25] INFO     ✏️  Entered via ProseMirror.
[23:17:26] DEBUG    ✅ 'prompt in DOM' met on attempt 1/8
[23:17:26] INFO     ✅ STAGE 5 PASSED: Prompt confirmed in DOM.
[23:17:26] INFO     STAGE 6: Submitting generation request
[23:17:26] DEBUG    🕐 Human delay 1.0s before pressing Enter
[23:17:32] INFO     📸 Screenshot → /home/sonupandit/Documents/ai-vide-api/twitter-automation/06_after_submit.png
[23:17:32] INFO     ✅ STAGE 6 PASSED: Generation request submitted.
[23:17:32] INFO     ⏳ Waiting for generation to complete (looking for 'Make video' or video element) …
[23:17:32] INFO        ⏳ Still generating … 0s
[23:17:47] INFO        ⏳ Still generating … 15s
[23:18:02] INFO        ⏳ Still generating … 30s
[23:18:18] INFO        ⏳ Still generating … 45s
[23:18:33] INFO        ⏳ Still generating … 60s
