[23:47:07] INFO     📋 Full debug log → automation_20260318_234707.log
[23:47:07] INFO     =======================================================
[23:47:07] INFO     🚀 Grok Video Generation Automation - Starting Session
[23:47:07] INFO        Image    : None
[23:47:07] INFO     =======================================================
[23:47:07] INFO     STAGE 1: Launching Chrome
[23:47:08] INFO     ✅ STAGE 1 PASSED: Chrome launched.
[23:47:08] INFO     STAGE 2: Navigating to Grok
[23:47:10] INFO     ⏳ Waiting 7.5s for UI to settle …
[23:47:20] DEBUG    🖱️  Scroll up 80px
[23:47:21] DEBUG    🖱️  Mouse jiggle → (802, 449)
[23:47:22] INFO     ✅ STAGE 2 PASSED: Page loaded.
[23:47:22] DEBUG    🕐 Human delay 2.1s post-navigation
[23:47:24] INFO     STAGE 3: Ensuring Video mode is selected
[23:47:24] DEBUG    🕐 Human delay 0.6s before checking mode
[23:47:24] WARNING  ⚠️  Settings button not found — trying to continue anyway.
[23:47:25] INFO     📸 Screenshot → /home/sonupandit/Documents/ai-vide-api/twitter-automation/03_no_settings_btn.png
[23:47:25] INFO     =======================================================
[23:47:25] INFO     🎬 Grok Video Generation - New Video
[23:47:25] INFO        Prompt   : IMAGE CONTEXT:
dadi monkey hot desert sweating Rajasthan dunes

VIDEO INSTRUCTIONS:
Cinematic wide shot of scorching Rajasthan desert, dadi and monkey wiping sweat, dramatic zoom on dadi's face. Dadi speaks with lip sync: 'Arre saale garmi bc, main aur mera bandar bhai tad rahe hain yahan rann mein!' Emotional expressions, slow pan.
[23:47:25] INFO        Output   : /home/sonupandit/Documents/ai-vide-api/twitter-automation/videos/module_1.mp4
[23:47:25] INFO     =======================================================
[23:47:25] INFO     STAGE 5: Entering prompt
[23:47:25] INFO     📝 «IMAGE CONTEXT:
dadi monkey hot desert sweating Rajasthan dunes

VIDEO INSTRUCTIONS:
Cinematic wide shot of scorching Rajasthan desert, dadi and monkey wiping sweat, dramatic zoom on dadi's face. Dadi speaks with lip sync: 'Arre saale garmi bc, main aur mera bandar bhai tad rahe hain yahan rann mein!' Emotional expressions, slow pan.»
[23:47:25] DEBUG    🖱️  Scroll down 113px
[23:47:26] DEBUG    🕐 Human delay 2.8s before typing prompt
[23:47:29] DEBUG    🖱️  Mouse jiggle → (376, 568)
[23:47:34] DEBUG    Strategy 'textarea' failed: Locator.wait_for: Timeout 5000ms exceeded.
Call log:
  - waiting for locator("textarea").first

[23:47:36] INFO     ✏️  Entered via ProseMirror.
[23:47:37] DEBUG    ✅ 'prompt in DOM' met on attempt 1/8
[23:47:37] INFO     ✅ STAGE 5 PASSED: Prompt confirmed in DOM.
[23:47:37] INFO     STAGE 6: Submitting generation request
[23:47:37] DEBUG    🕐 Human delay 0.9s before pressing Enter
[23:47:42] INFO     📸 Screenshot → /home/sonupandit/Documents/ai-vide-api/twitter-automation/06_after_submit.png
[23:47:42] INFO     ✅ STAGE 6 PASSED: Generation request submitted.
[23:47:42] INFO     ⏳ Waiting for generation to complete (looking for 'Make video' or video element) …
[23:47:42] INFO        ⏳ Still generating … 0s
[23:47:57] INFO        ⏳ Still generating … 15s
[23:48:13] INFO        ⏳ Still generating … 30s
[23:48:28] INFO        ⏳ Still generating … 45s
[23:48:43] INFO        ⏳ Still generating … 60s
[23:48:55] INFO     ✅ Video element found after 72s — video generated directly.
[23:48:55] INFO     📸 Screenshot → /home/sonupandit/Documents/ai-vide-api/twitter-automation/06_video_direct.png
[23:48:55] INFO     STAGE 7: Clicking 'Make video' button
[23:48:55] WARNING  ⚠️  'Make video' button not visible — maybe video was generated directly.
[23:48:55] INFO     STAGE 8: Downloading generated video
[23:48:55] INFO        Trying Strategy 1: Extract video src URL …
[23:48:55] INFO     🔗 Video URL found: https://assets.grok.com/users/8dbf2400-2043-4217-8f1b-f55601499675/generated/08dd007d-7f85-4c50-9457-cc6447697a16/genera…
[23:48:55] INFO     ⬇️  Downloading video to /home/sonupandit/Documents/ai-vide-api/twitter-automation/videos/module_1.mp4 …
[23:48:57] WARNING  ⚠️  Direct download failed: HTTP Error 403: Forbidden — trying Strategy 2.
[23:48:57] INFO        Trying Strategy 2: Click download button …
[23:48:57] INFO        Found download element: button[aria-label*="ownload"]
[23:48:57] INFO     ⬇️  Attempt 1/3 …
[23:49:04] INFO     ✅ STAGE 8 PASSED (Strategy 2): /home/sonupandit/Documents/ai-vide-api/twitter-automation/videos/module_1.mp4 (2.61 MB)
[23:49:04] INFO     📸 Screenshot → /home/sonupandit/Documents/ai-vide-api/twitter-automation/08_download_success.png
[23:49:04] INFO     🎉 SUCCESS!
[23:49:04] INFO     STAGE 3: Ensuring Video mode is selected
[23:49:04] DEBUG    🕐 Human delay 1.0s before checking mode
[23:49:05] INFO        Current mode button text: ''
[23:49:05] INFO        Switching to Video mode …
[23:49:07] INFO     📸 Screenshot → /home/sonupandit/Documents/ai-vide-api/twitter-automation/03_settings_dropdown.png
[23:49:37] WARNING  ⚠️  STAGE 3 WARNING: Video option not found in dropdown.
[23:49:37] INFO     STAGE 4: Uploading image
[23:49:37] INFO     🖼️  Image: /home/sonupandit/Documents/ai-vide-api/twitter-automation/videos/module_2_start_frame.jpg (0.10 MB)
[23:49:38] INFO     📤 File set on input.
[23:49:38] DEBUG    🕐 Human delay 1.3s after file select
[23:49:39] DEBUG    ✅ 'upload visible' met on attempt 1/20
[23:49:39] INFO     ✅ STAGE 4 PASSED: Image visible in UI.
[23:49:39] INFO     ⏳ Waiting dynamically (up to 60s) for Grok to process image …
[23:49:39] DEBUG    ✅ 'upload finished' met on attempt 1/1
[23:49:39] INFO     ✅ STAGE 4: Image fully uploaded/processed after ~0s.
[23:49:41] INFO     =======================================================
[23:49:41] INFO     🎬 Grok Video Generation - New Video
[23:49:41] INFO        Prompt   : Close-up dadi's excited face in sunny desert, monkey tilts head curiously, handheld camera shake for drama. Dadi lip sync: 'Yaar, socha kyun na barf se ghar bana lein? Chutiya idea nahi, dekho!' Quick cuts to ice blocks, bhai-bhai vibe.
[23:49:41] INFO        Output   : /home/sonupandit/Documents/ai-vide-api/twitter-automation/videos/module_2.mp4
[23:49:41] INFO     =======================================================
[23:49:41] INFO     STAGE 5: Entering prompt
[23:49:41] INFO     📝 «Close-up dadi's excited face in sunny desert, monkey tilts head curiously, handheld camera shake for drama. Dadi lip sync: 'Yaar, socha kyun na barf se ghar bana lein? Chutiya idea nahi, dekho!' Quick cuts to ice blocks, bhai-bhai vibe.»
[23:49:41] DEBUG    🖱️  Scroll down 236px
[23:49:42] DEBUG    🕐 Human delay 2.4s before typing prompt
[23:49:44] DEBUG    🖱️  Mouse jiggle → (253, 249)
[23:49:49] DEBUG    Strategy 'textarea' failed: Locator.wait_for: Timeout 5000ms exceeded.
Call log:
  - waiting for locator("textarea").first

[23:49:50] INFO     ✏️  Entered via ProseMirror.
[23:49:51] DEBUG    ✅ 'prompt in DOM' met on attempt 1/8
[23:49:51] INFO     ✅ STAGE 5 PASSED: Prompt confirmed in DOM.
[23:49:51] INFO     STAGE 6: Submitting generation request
[23:49:51] DEBUG    🕐 Human delay 0.9s before pressing Enter
[23:49:57] INFO     📸 Screenshot → /home/sonupandit/Documents/ai-vide-api/twitter-automation/06_after_submit.png
[23:49:57] INFO     ✅ STAGE 6 PASSED: Generation request submitted.
[23:49:57] INFO     ⏳ Waiting for generation to complete (looking for 'Make video' or video element) …
[23:49:57] INFO        ⏳ Still generating … 0s
[23:50:12] INFO        ⏳ Still generating … 15s
[23:50:27] INFO        ⏳ Still generating … 30s
[23:50:42] INFO        ⏳ Still generating … 45s
[23:50:57] INFO        ⏳ Still generating … 60s
[23:51:12] INFO        ⏳ Still generating … 75s
[23:51:27] INFO     ✅ Video element found after 90s — video generated directly.
[23:51:27] INFO     📸 Screenshot → /home/sonupandit/Documents/ai-vide-api/twitter-automation/06_video_direct.png
[23:51:27] INFO     STAGE 7: Clicking 'Make video' button
[23:51:27] WARNING  ⚠️  'Make video' button not visible — maybe video was generated directly.
[23:51:27] INFO     STAGE 8: Downloading generated video
[23:51:27] INFO        Trying Strategy 1: Extract video src URL …
[23:51:27] INFO     🔗 Video URL found: https://assets.grok.com/users/8dbf2400-2043-4217-8f1b-f55601499675/generated/64dd62b3-5a9c-454f-bbea-13a0adc8674b/genera…
[23:51:27] INFO     ⬇️  Downloading video to /home/sonupandit/Documents/ai-vide-api/twitter-automation/videos/module_2.mp4 …
[23:51:29] WARNING  ⚠️  Direct download failed: HTTP Error 403: Forbidden — trying Strategy 2.
[23:51:29] INFO        Trying Strategy 2: Click download button …
[23:51:29] INFO        Found download element: button[aria-label*="ownload"]
[23:51:29] INFO     ⬇️  Attempt 1/3 …
[23:51:59] WARNING  Click attempt failed: Locator.click: Timeout 30000ms exceeded.
Call log:
  - waiting for locator("button[aria-label*=\"ownload\"]").first
    - locator resolved to <button type="button" data-state="closed" aria-label="Download" class="inline-flex items-center justify-center gap-2 whitespace-nowrap text-sm font-medium leading-[normal] cursor-pointer focus-visible:outline-none focus-visible:ring-1 focus-visible:ring-ring disabled:opacity-60 disabled:cursor-not-allowed transition-colors duration-100 [&_svg]:shrink-0 select-none hover:text-fg-primary disabled:hover:bg-transparent border border-transparent rounded-full overflow-hidden h-10 w-10 p-2 bg-surface-l2 text…>…</button>
  - attempting click action
    2 × waiting for element to be visible, enabled and stable
      - element is visible, enabled and stable
      - scrolling into view if needed
      - done scrolling
      - <div class="flex items-center p-2 gap-2 border-b border-border-l1">…</div> from <div class="absolute left-0 bottom-0 w-full px-3 pb-6 pointer-events-none z-10">…</div> subtree intercepts pointer events
    - retrying click action
    - waiting 20ms
    2 × waiting for element to be visible, enabled and stable
      - element is visible, enabled and stable
      - scrolling into view if needed
      - done scrolling
      - <div class="flex items-center p-2 gap-2 border-b border-border-l1">…</div> from <div class="absolute left-0 bottom-0 w-full px-3 pb-6 pointer-events-none z-10">…</div> subtree intercepts pointer events
    - retrying click action
      - waiting 100ms
    58 × waiting for element to be visible, enabled and stable
       - element is visible, enabled and stable
       - scrolling into view if needed
       - done scrolling
       - <div class="flex items-center p-2 gap-2 border-b border-border-l1">…</div> from <div class="absolute left-0 bottom-0 w-full px-3 pb-6 pointer-events-none z-10">…</div> subtree intercepts pointer events
     - retrying click action
       - waiting 500ms

[23:52:06] INFO     ✅ STAGE 8 PASSED (Strategy 2): /home/sonupandit/Documents/ai-vide-api/twitter-automation/videos/module_2.mp4 (2.71 MB)
[23:52:06] INFO     📸 Screenshot → /home/sonupandit/Documents/ai-vide-api/twitter-automation/08_download_success.png
[23:52:06] INFO     🎉 SUCCESS!
[23:52:06] INFO     STAGE 3: Ensuring Video mode is selected
[23:52:06] DEBUG    🕐 Human delay 1.4s before checking mode
[23:52:08] INFO        Current mode button text: ''
[23:52:08] INFO        Switching to Video mode …
[23:52:10] INFO     📸 Screenshot → /home/sonupandit/Documents/ai-vide-api/twitter-automation/03_settings_dropdown.png
[23:52:40] WARNING  ⚠️  STAGE 3 WARNING: Video option not found in dropdown.
[23:52:40] INFO     STAGE 4: Uploading image
[23:52:40] INFO     🖼️  Image: /home/sonupandit/Documents/ai-vide-api/twitter-automation/videos/module_3_start_frame.jpg (0.08 MB)
[23:52:40] INFO     📤 File set on input.
[23:52:40] DEBUG    🕐 Human delay 1.2s after file select
[23:52:42] DEBUG    ✅ 'upload visible' met on attempt 1/20
[23:52:42] INFO     ✅ STAGE 4 PASSED: Image visible in UI.
[23:52:42] INFO     ⏳ Waiting dynamically (up to 60s) for Grok to process image …
[23:52:42] DEBUG    ✅ 'upload finished' met on attempt 1/1
[23:52:42] INFO     ✅ STAGE 4: Image fully uploaded/processed after ~0s.
[23:52:44] INFO     =======================================================
[23:52:44] INFO     🎬 Grok Video Generation - New Video
[23:52:44] INFO        Prompt   : Dynamic tracking shot, dadi and monkey stacking ice bricks in desert heat, sweat flying, Bollywood style action. Dadi lip sync: 'Chal bandar bhai, jaldi dhakelo yeh barf ke patthar, mc garmi ko bhagaayenge!' Tense build-up, fast cuts.
[23:52:44] INFO        Output   : /home/sonupandit/Documents/ai-vide-api/twitter-automation/videos/module_3.mp4
[23:52:44] INFO     =======================================================
[23:52:44] INFO     STAGE 5: Entering prompt
[23:52:44] INFO     📝 «Dynamic tracking shot, dadi and monkey stacking ice bricks in desert heat, sweat flying, Bollywood style action. Dadi lip sync: 'Chal bandar bhai, jaldi dhakelo yeh barf ke patthar, mc garmi ko bhagaayenge!' Tense build-up, fast cuts.»
[23:52:44] DEBUG    🖱️  Scroll up 114px
[23:52:44] DEBUG    🕐 Human delay 1.7s before typing prompt
[23:52:46] DEBUG    🖱️  Mouse jiggle → (914, 314)
[23:52:51] DEBUG    Strategy 'textarea' failed: Locator.wait_for: Timeout 5000ms exceeded.
Call log:
  - waiting for locator("textarea").first

[23:52:52] INFO     ✏️  Entered via ProseMirror.
[23:52:53] DEBUG    ✅ 'prompt in DOM' met on attempt 1/8
[23:52:53] INFO     ✅ STAGE 5 PASSED: Prompt confirmed in DOM.
[23:52:53] INFO     STAGE 6: Submitting generation request
[23:52:53] DEBUG    🕐 Human delay 1.2s before pressing Enter
[23:53:00] INFO     📸 Screenshot → /home/sonupandit/Documents/ai-vide-api/twitter-automation/06_after_submit.png
[23:53:00] INFO     ✅ STAGE 6 PASSED: Generation request submitted.
[23:53:00] INFO     ⏳ Waiting for generation to complete (looking for 'Make video' or video element) …
[23:53:00] INFO        ⏳ Still generating … 0s
[23:53:15] INFO        ⏳ Still generating … 15s
[23:53:30] INFO        ⏳ Still generating … 30s
[23:53:45] INFO        ⏳ Still generating … 45s
[23:54:00] INFO        ⏳ Still generating … 60s
[23:54:15] INFO        ⏳ Still generating … 75s
[23:54:24] INFO     ✅ Video element found after 84s — video generated directly.
[23:54:24] INFO     📸 Screenshot → /home/sonupandit/Documents/ai-vide-api/twitter-automation/06_video_direct.png
[23:54:24] INFO     STAGE 7: Clicking 'Make video' button
[23:54:24] WARNING  ⚠️  'Make video' button not visible — maybe video was generated directly.
[23:54:24] INFO     STAGE 8: Downloading generated video
[23:54:24] INFO        Trying Strategy 1: Extract video src URL …
[23:54:24] INFO     🔗 Video URL found: https://assets.grok.com/users/8dbf2400-2043-4217-8f1b-f55601499675/generated/25705d47-07f1-438f-9689-86db9f5615f1/genera…
[23:54:24] INFO     ⬇️  Downloading video to /home/sonupandit/Documents/ai-vide-api/twitter-automation/videos/module_3.mp4 …
[23:54:27] WARNING  ⚠️  Direct download failed: HTTP Error 403: Forbidden — trying Strategy 2.
[23:54:27] INFO        Trying Strategy 2: Click download button …
[23:54:27] INFO        Found download element: button[aria-label*="ownload"]
[23:54:27] INFO     ⬇️  Attempt 1/3 …
[23:54:54] INFO     ✅ STAGE 8 PASSED (Strategy 2): /home/sonupandit/Documents/ai-vide-api/twitter-automation/videos/module_3.mp4 (4.28 MB)
[23:54:55] INFO     📸 Screenshot → /home/sonupandit/Documents/ai-vide-api/twitter-automation/08_download_success.png
[23:54:55] INFO     🎉 SUCCESS!
[23:54:55] INFO     STAGE 3: Ensuring Video mode is selected
[23:54:55] DEBUG    🕐 Human delay 1.0s before checking mode
[23:54:56] INFO        Current mode button text: ''
[23:54:56] INFO        Switching to Video mode …
[23:54:58] INFO     📸 Screenshot → /home/sonupandit/Documents/ai-vide-api/twitter-automation/03_settings_dropdown.png
[23:55:28] WARNING  ⚠️  STAGE 3 WARNING: Video option not found in dropdown.
[23:55:28] INFO     STAGE 4: Uploading image
[23:55:28] INFO     🖼️  Image: /home/sonupandit/Documents/ai-vide-api/twitter-automation/videos/module_4_start_frame.jpg (0.11 MB)
[23:55:28] INFO     📤 File set on input.
[23:55:28] DEBUG    🕐 Human delay 2.5s after file select
[23:55:31] DEBUG    ✅ 'upload visible' met on attempt 1/20
[23:55:31] INFO     ✅ STAGE 4 PASSED: Image visible in UI.
[23:55:31] INFO     ⏳ Waiting dynamically (up to 60s) for Grok to process image …
[23:55:31] DEBUG    ✅ 'upload finished' met on attempt 1/1
[23:55:31] INFO     ✅ STAGE 4: Image fully uploaded/processed after ~0s.
[23:55:33] INFO     =======================================================
[23:55:33] INFO     🎬 Grok Video Generation - New Video
[23:55:33] INFO        Prompt   : Slow-motion tension, ice starting to melt under sun, dadi panics, monkey slips comically, dramatic low angle. Dadi lip sync: 'Arre harami barf paani ho rahi, ab kya karenge saale!' High drama zoom on worried faces.
[23:55:33] INFO        Output   : /home/sonupandit/Documents/ai-vide-api/twitter-automation/videos/module_4.mp4
[23:55:33] INFO     =======================================================
[23:55:33] INFO     STAGE 5: Entering prompt
[23:55:33] INFO     📝 «Slow-motion tension, ice starting to melt under sun, dadi panics, monkey slips comically, dramatic low angle. Dadi lip sync: 'Arre harami barf paani ho rahi, ab kya karenge saale!' High drama zoom on worried faces.»
[23:55:33] DEBUG    🖱️  Scroll down 150px
[23:55:33] DEBUG    🕐 Human delay 2.3s before typing prompt
[23:55:36] DEBUG    🖱️  Mouse jiggle → (1055, 379)
[23:55:41] DEBUG    Strategy 'textarea' failed: Locator.wait_for: Timeout 5000ms exceeded.
Call log:
  - waiting for locator("textarea").first

[23:55:43] INFO     ✏️  Entered via ProseMirror.
[23:55:44] DEBUG    ✅ 'prompt in DOM' met on attempt 1/8
[23:55:44] INFO     ✅ STAGE 5 PASSED: Prompt confirmed in DOM.
[23:55:44] INFO     STAGE 6: Submitting generation request
[23:55:44] DEBUG    🕐 Human delay 1.0s before pressing Enter
[23:55:50] INFO     📸 Screenshot → /home/sonupandit/Documents/ai-vide-api/twitter-automation/06_after_submit.png
[23:55:50] INFO     ✅ STAGE 6 PASSED: Generation request submitted.
[23:55:50] INFO     ⏳ Waiting for generation to complete (looking for 'Make video' or video element) …
[23:55:50] INFO        ⏳ Still generating … 0s
[23:56:05] INFO        ⏳ Still generating … 15s
[23:56:20] INFO        ⏳ Still generating … 30s
[23:56:35] INFO        ⏳ Still generating … 45s
[23:56:50] INFO        ⏳ Still generating … 60s
[23:57:05] INFO        ⏳ Still generating … 75s
[23:57:17] INFO     ✅ Video element found after 87s — video generated directly.
[23:57:17] INFO     📸 Screenshot → /home/sonupandit/Documents/ai-vide-api/twitter-automation/06_video_direct.png
[23:57:17] INFO     STAGE 7: Clicking 'Make video' button
[23:57:17] WARNING  ⚠️  'Make video' button not visible — maybe video was generated directly.
[23:57:17] INFO     STAGE 8: Downloading generated video
[23:57:17] INFO        Trying Strategy 1: Extract video src URL …
[23:57:17] INFO     🔗 Video URL found: https://assets.grok.com/users/8dbf2400-2043-4217-8f1b-f55601499675/generated/bc52bdb7-6936-42b8-bcc9-3679c28e96c0/genera…
[23:57:17] INFO     ⬇️  Downloading video to /home/sonupandit/Documents/ai-vide-api/twitter-automation/videos/module_4.mp4 …
[23:57:18] WARNING  ⚠️  Direct download failed: HTTP Error 403: Forbidden — trying Strategy 2.
[23:57:18] INFO        Trying Strategy 2: Click download button …
[23:57:18] INFO        Found download element: button[aria-label*="ownload"]
[23:57:18] INFO     ⬇️  Attempt 1/3 …
[23:57:29] INFO     ✅ STAGE 8 PASSED (Strategy 2): /home/sonupandit/Documents/ai-vide-api/twitter-automation/videos/module_4.mp4 (3.10 MB)
[23:57:29] INFO     📸 Screenshot → /home/sonupandit/Documents/ai-vide-api/twitter-automation/08_download_success.png
[23:57:29] INFO     🎉 SUCCESS!
[23:57:29] INFO     STAGE 3: Ensuring Video mode is selected
[23:57:29] DEBUG    🕐 Human delay 0.8s before checking mode
[23:57:30] INFO        Current mode button text: ''
[23:57:30] INFO        Switching to Video mode …
[23:57:32] INFO     📸 Screenshot → /home/sonupandit/Documents/ai-vide-api/twitter-automation/03_settings_dropdown.png
[23:58:02] WARNING  ⚠️  STAGE 3 WARNING: Video option not found in dropdown.
[23:58:02] INFO     STAGE 4: Uploading image
[23:58:02] INFO     🖼️  Image: /home/sonupandit/Documents/ai-vide-api/twitter-automation/videos/module_5_start_frame.jpg (0.10 MB)
[23:58:02] INFO     📤 File set on input.
[23:58:02] DEBUG    🕐 Human delay 2.2s after file select
[23:58:04] DEBUG    ✅ 'upload visible' met on attempt 1/20
[23:58:04] INFO     ✅ STAGE 4 PASSED: Image visible in UI.
[23:58:04] INFO     ⏳ Waiting dynamically (up to 60s) for Grok to process image …
[23:58:04] DEBUG    ✅ 'upload finished' met on attempt 1/1
[23:58:04] INFO     ✅ STAGE 4: Image fully uploaded/processed after ~0s.
[23:58:06] INFO     =======================================================
[23:58:06] INFO     🎬 Grok Video Generation - New Video
[23:58:06] INFO        Prompt   : Epic reveal shot, enter finished igloo, sudden cool breeze, surprised joyful faces, swirling camera. Dadi lip sync: 'Wah bhenchod, thandak aa gayi! Yeh toh AC jaisa hai yaar!' Surprise expressions, magical light rays.
[23:58:06] INFO        Output   : /home/sonupandit/Documents/ai-vide-api/twitter-automation/videos/module_5.mp4
[23:58:06] INFO     =======================================================
[23:58:06] INFO     STAGE 5: Entering prompt
[23:58:06] INFO     📝 «Epic reveal shot, enter finished igloo, sudden cool breeze, surprised joyful faces, swirling camera. Dadi lip sync: 'Wah bhenchod, thandak aa gayi! Yeh toh AC jaisa hai yaar!' Surprise expressions, magical light rays.»
[23:58:06] DEBUG    🖱️  Scroll up 285px
[23:58:07] DEBUG    🕐 Human delay 2.5s before typing prompt
[23:58:10] DEBUG    🖱️  Mouse jiggle → (472, 329)
[23:58:15] DEBUG    Strategy 'textarea' failed: Locator.wait_for: Timeout 5000ms exceeded.
Call log:
  - waiting for locator("textarea").first

[23:58:16] INFO     ✏️  Entered via ProseMirror.
[23:58:17] DEBUG    ✅ 'prompt in DOM' met on attempt 1/8
[23:58:17] INFO     ✅ STAGE 5 PASSED: Prompt confirmed in DOM.
[23:58:17] INFO     STAGE 6: Submitting generation request
[23:58:17] DEBUG    🕐 Human delay 1.3s before pressing Enter
[23:58:25] INFO     📸 Screenshot → /home/sonupandit/Documents/ai-vide-api/twitter-automation/06_after_submit.png
[23:58:25] INFO     ✅ STAGE 6 PASSED: Generation request submitted.
[23:58:25] INFO     ⏳ Waiting for generation to complete (looking for 'Make video' or video element) …
[23:58:25] INFO        ⏳ Still generating … 0s
[23:58:41] INFO        ⏳ Still generating … 15s
[23:58:56] INFO        ⏳ Still generating … 30s
[23:59:11] INFO        ⏳ Still generating … 45s
[23:59:26] INFO        ⏳ Still generating … 60s
[23:59:41] INFO     ✅ Video element found after 75s — video generated directly.
[23:59:41] INFO     📸 Screenshot → /home/sonupandit/Documents/ai-vide-api/twitter-automation/06_video_direct.png
[23:59:41] INFO     STAGE 7: Clicking 'Make video' button
[23:59:41] WARNING  ⚠️  'Make video' button not visible — maybe video was generated directly.
[23:59:41] INFO     STAGE 8: Downloading generated video
[23:59:41] INFO        Trying Strategy 1: Extract video src URL …
[23:59:41] INFO     🔗 Video URL found: https://assets.grok.com/users/8dbf2400-2043-4217-8f1b-f55601499675/generated/d6db9df1-a6b0-4cc4-8643-52fd0bfe7cfd/genera…
[23:59:41] INFO     ⬇️  Downloading video to /home/sonupandit/Documents/ai-vide-api/twitter-automation/videos/module_5.mp4 …
[23:59:41] WARNING  ⚠️  Direct download failed: HTTP Error 403: Forbidden — trying Strategy 2.
[23:59:41] INFO        Trying Strategy 2: Click download button …
[23:59:41] INFO        Found download element: button[aria-label*="ownload"]
[23:59:41] INFO     ⬇️  Attempt 1/3 …
[23:59:47] INFO     ✅ STAGE 8 PASSED (Strategy 2): /home/sonupandit/Documents/ai-vide-api/twitter-automation/videos/module_5.mp4 (3.49 MB)
[23:59:47] INFO     📸 Screenshot → /home/sonupandit/Documents/ai-vide-api/twitter-automation/08_download_success.png
[23:59:47] INFO     🎉 SUCCESS!
[23:59:48] INFO     STAGE 3: Ensuring Video mode is selected
[23:59:48] DEBUG    🕐 Human delay 0.9s before checking mode
[23:59:49] INFO        Current mode button text: ''
[23:59:49] INFO        Switching to Video mode …
[23:59:51] INFO     📸 Screenshot → /home/sonupandit/Documents/ai-vide-api/twitter-automation/03_settings_dropdown.png
[00:00:21] WARNING  ⚠️  STAGE 3 WARNING: Video option not found in dropdown.
[00:00:21] INFO     STAGE 4: Uploading image
[00:00:21] INFO     🖼️  Image: /home/sonupandit/Documents/ai-vide-api/twitter-automation/videos/module_6_start_frame.jpg (0.11 MB)
[00:00:21] INFO     📤 File set on input.
[00:00:21] DEBUG    🕐 Human delay 1.5s after file select
[00:00:23] DEBUG    ✅ 'upload visible' met on attempt 1/20
[00:00:23] INFO     ✅ STAGE 4 PASSED: Image visible in UI.
[00:00:23] INFO     ⏳ Waiting dynamically (up to 60s) for Grok to process image …
[00:00:23] DEBUG    ✅ 'upload finished' met on attempt 1/1
[00:00:23] INFO     ✅ STAGE 4: Image fully uploaded/processed after ~0s.
[00:00:25] INFO     =======================================================
[00:00:25] INFO     🎬 Grok Video Generation - New Video
[00:00:25] INFO        Prompt   : Cozy interior igloo, dadi and monkey relaxing with chai, happy dance, uplifting wide shot fade out. Dadi lip sync: 'Bandar bhai, desi jugaad zindabad! Garmi ko bye-bye!' Triumphant music swell, emotional bhai-bhai hug.
[00:00:25] INFO        Output   : /home/sonupandit/Documents/ai-vide-api/twitter-automation/videos/module_6.mp4
[00:00:25] INFO     =======================================================
[00:00:25] INFO     STAGE 5: Entering prompt
[00:00:25] INFO     📝 «Cozy interior igloo, dadi and monkey relaxing with chai, happy dance, uplifting wide shot fade out. Dadi lip sync: 'Bandar bhai, desi jugaad zindabad! Garmi ko bye-bye!' Triumphant music swell, emotional bhai-bhai hug.»
[00:00:25] DEBUG    🖱️  Scroll down 281px
[00:00:25] DEBUG    🕐 Human delay 2.4s before typing prompt
[00:00:28] DEBUG    🖱️  Mouse jiggle → (909, 507)
[00:00:33] DEBUG    Strategy 'textarea' failed: Locator.wait_for: Timeout 5000ms exceeded.
Call log:
  - waiting for locator("textarea").first

[00:00:34] INFO     ✏️  Entered via ProseMirror.
[00:00:35] DEBUG    ✅ 'prompt in DOM' met on attempt 1/8
[00:00:35] INFO     ✅ STAGE 5 PASSED: Prompt confirmed in DOM.
[00:00:35] INFO     STAGE 6: Submitting generation request
[00:00:35] DEBUG    🕐 Human delay 1.0s before pressing Enter
[00:00:42] INFO     📸 Screenshot → /home/sonupandit/Documents/ai-vide-api/twitter-automation/06_after_submit.png
[00:00:42] INFO     ✅ STAGE 6 PASSED: Generation request submitted.
[00:00:42] INFO     ⏳ Waiting for generation to complete (looking for 'Make video' or video element) …
[00:00:42] INFO        ⏳ Still generating … 0s
[00:00:57] INFO        ⏳ Still generating … 15s
[00:01:12] INFO        ⏳ Still generating … 30s
[00:01:27] INFO        ⏳ Still generating … 45s
[00:01:42] INFO        ⏳ Still generating … 60s
[00:01:57] INFO        ⏳ Still generating … 75s
[00:02:06] INFO     ✅ Video element found after 84s — video generated directly.
[00:02:06] INFO     📸 Screenshot → /home/sonupandit/Documents/ai-vide-api/twitter-automation/06_video_direct.png
[00:02:06] INFO     STAGE 7: Clicking 'Make video' button
[00:02:06] WARNING  ⚠️  'Make video' button not visible — maybe video was generated directly.
[00:02:06] INFO     STAGE 8: Downloading generated video
[00:02:06] INFO        Trying Strategy 1: Extract video src URL …
[00:02:06] INFO     🔗 Video URL found: https://assets.grok.com/users/8dbf2400-2043-4217-8f1b-f55601499675/generated/be752b42-12dd-4456-ab10-a426a7b1889d/genera…
[00:02:06] INFO     ⬇️  Downloading video to /home/sonupandit/Documents/ai-vide-api/twitter-automation/videos/module_6.mp4 …
[00:02:08] WARNING  ⚠️  Direct download failed: HTTP Error 403: Forbidden — trying Strategy 2.
[00:02:08] INFO        Trying Strategy 2: Click download button …
[00:02:08] INFO        Found download element: button[aria-label*="ownload"]
[00:02:08] INFO     ⬇️  Attempt 1/3 …
[00:02:11] INFO     ✅ STAGE 8 PASSED (Strategy 2): /home/sonupandit/Documents/ai-vide-api/twitter-automation/videos/module_6.mp4 (2.54 MB)
[00:02:11] INFO     📸 Screenshot → /home/sonupandit/Documents/ai-vide-api/twitter-automation/08_download_success.png
[00:02:11] INFO     🎉 SUCCESS!
[00:02:11] INFO     =======================================================
[00:02:11] INFO     👋 Closing Grok session
[00:02:11] INFO     =======================================================
