[00:48:57] INFO     📋 Full debug log → automation_20260319_004857.log
[00:48:57] INFO     =======================================================
[00:48:57] INFO     🚀 Grok Video Generation Automation - Starting Session
[00:48:57] INFO        Image    : None
[00:48:57] INFO     =======================================================
[00:48:57] INFO     STAGE 1: Launching Chrome
[00:48:58] INFO     ✅ STAGE 1 PASSED: Chrome launched.
[00:48:58] INFO     STAGE 2: Navigating to Grok
[00:49:00] INFO     ⏳ Waiting 8.4s for UI to settle …
[00:49:08] DEBUG    🖱️  Scroll down 315px
[00:49:09] DEBUG    🖱️  Mouse jiggle → (854, 525)
[00:49:10] INFO     ✅ STAGE 2 PASSED: Page loaded.
[00:49:10] DEBUG    🕐 Human delay 1.2s post-navigation
[00:49:12] INFO     STAGE 3: Ensuring Video mode is selected
[00:49:12] DEBUG    🕐 Human delay 0.6s before checking mode
[00:49:12] WARNING  ⚠️  Settings button not found — trying to continue anyway.
[00:49:13] INFO     📸 Screenshot → /home/sonupandit/Documents/ai-vide-api/twitter-automation/03_no_settings_btn.png
[00:49:13] INFO     STAGE 4: Uploading image
[00:49:13] INFO     🖼️  Image: /home/sonupandit/Documents/ai-vide-api/twitter-automation/videos/module_4_start_frame.jpg (0.14 MB)
[00:49:13] INFO     📤 File set on input.
[00:49:13] DEBUG    🕐 Human delay 2.8s after file select
[00:49:16] DEBUG    ✅ 'upload visible' met on attempt 1/20
[00:49:16] INFO     ✅ STAGE 4 PASSED: Image visible in UI.
[00:49:16] INFO     ⏳ Waiting dynamically (up to 60s) for Grok to process image …
[00:49:16] DEBUG    ✅ 'upload finished' met on attempt 1/1
[00:49:16] INFO     ✅ STAGE 4: Image fully uploaded/processed after ~0s.
[00:49:18] INFO     =======================================================
[00:49:18] INFO     🎬 Grok Video Generation - New Video
[00:49:18] INFO        Prompt   : Talking character delivering dialogue on camera with synchronized lip movement. The dialogue being spoken is: 'फिर मैंने टमाटर, प्याज़, हरी चटनी सब मिला दिया। लेकिन गलती से नींबू ज्यादा निचोड़ दिया… भेंचो, अब क्या होगा?' Ensure lip movements and pacing synchronize precisely with this dialogue over 10 seconds. Environment: Detailed kitchen scene with mixing bowl center, spilled ingredients, fort windows showing outside battlements. Character: Middle-aged Indian chef, stout build, dark skin, mustache, wearing white dhoti-kurta and chef's turban, surprised expression with edgy gali. Action: Mimicking pouring action while speaking. Movement: Quick hand gestures. Camera gentle tilt up.
[00:49:18] INFO        Output   : /home/sonupandit/Documents/ai-vide-api/twitter-automation/videos/module_4.mp4
[00:49:18] INFO     =======================================================
[00:49:18] INFO     STAGE 5: Entering prompt
[00:49:18] INFO     📝 «Talking character delivering dialogue on camera with synchronized lip movement. The dialogue being spoken is: 'फिर मैंने टमाटर, प्याज़, हरी चटनी सब मिला दिया। लेकिन गलती से नींबू ज्यादा निचोड़ दिया… भेंचो, अब क्या होगा?' Ensure lip movements and pacing synchronize precisely with this dialogue over 10 seconds. Environment: Detailed kitchen scene with mixing bowl center, spilled ingredients, fort windows showing outside battlements. Character: Middle-aged Indian chef, stout build, dark skin, mustache, wearing white dhoti-kurta and chef's turban, surprised expression with edgy gali. Action: Mimicking pouring action while speaking. Movement: Quick hand gestures. Camera gentle tilt up.»
[00:49:18] DEBUG    🖱️  Scroll down 94px
[00:49:18] DEBUG    🕐 Human delay 1.5s before typing prompt
[00:49:20] DEBUG    🖱️  Mouse jiggle → (485, 194)
[00:49:25] DEBUG    Strategy 'textarea' failed: Locator.wait_for: Timeout 5000ms exceeded.
Call log:
  - waiting for locator("textarea").first

[00:49:27] INFO     ✏️  Entered via ProseMirror.
[00:49:28] DEBUG    ✅ 'prompt in DOM' met on attempt 1/8
[00:49:28] INFO     ✅ STAGE 5 PASSED: Prompt confirmed in DOM.
[00:49:28] INFO     STAGE 6: Submitting generation request
[00:49:28] DEBUG    🕐 Human delay 1.5s before pressing Enter
