[21:23:48] INFO     📋 Full debug log → automation_20260304_212348.log
[21:23:48] INFO     =======================================================
[21:23:48] INFO     🚀 Grok Video Generation Automation
[21:23:48] INFO        Job Start: 2026-03-04T21:23:48.749220
[21:23:48] INFO        Prompt   : hen
[21:23:48] INFO        Image    : /home/sonupandit/Documents/ai-vide-api/twitter-automation/default.png
[21:23:48] INFO        Output   : /home/sonupandit/Documents/ai-vide-api/twitter-automation/output.mp4
[21:23:48] INFO     =======================================================
[21:23:49] INFO     STAGE 1: Launching Chrome
[21:23:49] INFO     ✅ STAGE 1 PASSED: Chrome launched.
[21:23:49] INFO     STAGE 2: Navigating to Grok
[21:23:52] INFO     ⏳ Waiting 8.7s for UI to settle …
[21:24:01] DEBUG    🖱️  Scroll down 322px
[21:24:01] DEBUG    🖱️  Mouse jiggle → (691, 380)
[21:24:02] INFO     ✅ STAGE 2 PASSED: Page loaded.
[21:24:02] DEBUG    🕐 Human delay 1.5s post-navigation
[21:24:03] INFO     STAGE 3: Ensuring Video mode is selected
[21:24:03] DEBUG    🕐 Human delay 0.7s before checking mode
[21:24:04] WARNING  ⚠️  Settings button not found — trying to continue anyway.
[21:24:04] INFO     📸 Screenshot → /home/sonupandit/Documents/ai-vide-api/twitter-automation/03_no_settings_btn.png
[21:24:04] INFO     STAGE 4: Uploading image
[21:24:04] INFO     🖼️  Image: /home/sonupandit/Documents/ai-vide-api/twitter-automation/default.png (7.52 MB)
[21:24:04] INFO     📤 File set on input.
[21:24:04] DEBUG    🕐 Human delay 1.2s after file select
[21:24:06] DEBUG    ✅ 'upload visible' met on attempt 1/20
[21:24:06] INFO     ✅ STAGE 4 PASSED: Image visible in UI.
[21:24:06] INFO     ⏳ Waiting 60s for Grok to process image …
[21:24:16] INFO        … 50s remaining
[21:24:26] INFO        … 40s remaining
[21:24:36] INFO        … 30s remaining
[21:24:46] INFO        … 20s remaining
[21:24:56] INFO        … 10s remaining
[21:25:06] INFO     STAGE 5: Entering prompt
[21:25:06] INFO     📝 «hen»
[21:25:06] DEBUG    🖱️  Scroll down 106px
[21:25:06] DEBUG    🕐 Human delay 1.7s before typing prompt
[21:25:08] DEBUG    🖱️  Mouse jiggle → (383, 260)
[21:25:14] DEBUG    Strategy 'textarea' failed: Locator.wait_for: Timeout 5000ms exceeded.
Call log:
  - waiting for locator("textarea").first

[21:25:14] INFO     ✏️  Entered via ProseMirror.
[21:25:15] DEBUG    ✅ 'prompt in DOM' met on attempt 1/8
[21:25:15] INFO     ✅ STAGE 5 PASSED: Prompt confirmed in DOM.
[21:25:15] INFO     STAGE 6: Submitting generation request
[21:25:15] DEBUG    🕐 Human delay 0.7s before pressing Enter
[21:25:22] INFO     📸 Screenshot → /home/sonupandit/Documents/ai-vide-api/twitter-automation/06_after_submit.png
[21:25:22] INFO     ✅ STAGE 6 PASSED: Generation request submitted.
[21:25:22] INFO     ⏳ Waiting for generation to complete (looking for 'Make video' or video element) …
[21:25:22] INFO        ⏳ Still generating … 0s
[21:25:38] INFO        ⏳ Still generating … 15s
[21:25:50] INFO     ✅ 'Make video' button found after 27s — images generated.
[21:25:50] INFO     📸 Screenshot → /home/sonupandit/Documents/ai-vide-api/twitter-automation/06_images_done.png
[21:25:50] INFO     STAGE 7: Clicking 'Make video' button
[21:25:50] DEBUG    🕐 Human delay 1.4s before clicking Make video
[21:25:51] DEBUG    🖱️  Mouse jiggle → (203, 399)
[21:25:52] INFO     🎬 Clicked 'Make video'!
[21:25:58] INFO     📸 Screenshot → /home/sonupandit/Documents/ai-vide-api/twitter-automation/07_make_video_clicked.png
[21:25:58] INFO     ⏳ Waiting for video generation (up to 600s) …
[21:25:58] INFO        ⏳ Video generating … 0s
[21:26:13] INFO        ⏳ Video generating … 15s
[21:26:28] INFO        ⏳ Video generating … 30s
[21:26:43] INFO        ⏳ Video generating … 45s
[21:26:58] INFO        ⏳ Video generating … 60s
[21:27:13] INFO        ⏳ Video generating … 75s
[21:27:16] INFO     ✅ Video element found after 78s!
[21:27:16] INFO        Video src: https://assets.grok.com/users/8dbf2400-2043-4217-8f1b-f55601499675/generated/f18f5530-01fb-457d-8a63…
[21:27:16] INFO     📸 Screenshot → /home/sonupandit/Documents/ai-vide-api/twitter-automation/07_video_generated.png
[21:27:16] INFO     STAGE 8: Downloading generated video
[21:27:16] INFO        Trying Strategy 1: Extract video src URL …
[21:27:16] INFO     🔗 Video URL found: https://assets.grok.com/users/8dbf2400-2043-4217-8f1b-f55601499675/generated/f18f5530-01fb-457d-8a63-7cf10fa6ff39/genera…
[21:27:16] INFO     ⬇️  Downloading video to /home/sonupandit/Documents/ai-vide-api/twitter-automation/output.mp4 …
[21:27:18] WARNING  ⚠️  Direct download failed: HTTP Error 403: Forbidden — trying Strategy 2.
[21:27:18] INFO        Trying Strategy 2: Click download button …
[21:27:18] INFO        Found download element: button[aria-label*="ownload"]
[21:27:18] INFO     ⬇️  Attempt 1/3 …
[21:28:23] WARNING  Click attempt failed: Target page, context or browser has been closed
=========================== logs ===========================
waiting for event "download"
============================================================
[21:28:23] WARNING  Click attempt failed: Locator.evaluate: Target page, context or browser has been closed
[21:28:26] INFO     ⬇️  Attempt 2/3 …
[21:28:26] WARNING  Click attempt failed: Locator.click: Connection closed while reading from the driver
