[23:15:53] INFO     📋 Full debug log → automation_20260318_231553.log
[23:15:53] INFO     =======================================================
[23:15:53] INFO     🚀 Grok Video Generation Automation - Starting Session
[23:15:53] INFO        Image    : None
[23:15:53] INFO     =======================================================
[23:15:53] INFO     STAGE 1: Launching Chrome
[23:15:53] INFO     ✅ STAGE 1 PASSED: Chrome launched.
[23:15:53] INFO     STAGE 2: Navigating to Grok
[23:15:56] INFO     ⏳ Waiting 8.9s for UI to settle …
[23:16:05] DEBUG    🖱️  Scroll up 98px
[23:16:06] DEBUG    🖱️  Mouse jiggle → (916, 172)
[23:16:07] INFO     ✅ STAGE 2 PASSED: Page loaded.
[23:16:07] DEBUG    🕐 Human delay 2.9s post-navigation
[23:16:10] INFO     STAGE 3: Ensuring Video mode is selected
[23:16:10] DEBUG    🕐 Human delay 0.9s before checking mode
[23:16:11] WARNING  ⚠️  Settings button not found — trying to continue anyway.
[23:16:11] INFO     📸 Screenshot → /home/sonupandit/Documents/ai-vide-api/twitter-automation/03_no_settings_btn.png
[23:16:11] INFO     =======================================================
[23:16:11] INFO     🎬 Grok Video Generation - New Video
[23:16:11] INFO        Prompt   : IMAGE CONTEXT:
ancient indian fort kitchen chef preparing food stone walls torches sepia vintage

VIDEO INSTRUCTIONS:
Talking character delivering dialogue on camera with synchronized lip movement. The dialogue being spoken is: 'नमस्कार, मैं राजा की रसोई का मुख्य रसोइया हूँ। उस ज़माने में, राजा के किले में हर भोजन को परफेक्ट बनाना पड़ता था… वरना सिर कलम! हाहा, साला डर लगता था।' Ensure lip movements and pacing synchronize precisely with this dialogue over 10 seconds. Environment: Grand ancient Indian fort kitchen with stone walls, wooden counters, clay pots, flickering torches, spices scattered. Character: Middle-aged Indian chef, stout build, dark skin, mustache, wearing white dhoti-kurta and chef's turban, friendly yet nervous expression. Action: Gesturing with hands while speaking, slight smile with edgy humor. Movement: Subtle head nods and hand waves. Camera slowly pushes in.
[23:16:11] INFO        Output   : /home/sonupandit/Documents/ai-vide-api/twitter-automation/videos/module_1.mp4
[23:16:11] INFO     =======================================================
[23:16:11] INFO     STAGE 5: Entering prompt
[23:16:11] INFO     📝 «IMAGE CONTEXT:
ancient indian fort kitchen chef preparing food stone walls torches sepia vintage

VIDEO INSTRUCTIONS:
Talking character delivering dialogue on camera with synchronized lip movement. The dialogue being spoken is: 'नमस्कार, मैं राजा की रसोई का मुख्य रसोइया हूँ। उस ज़माने में, राजा के किले में हर भोजन को परफेक्ट बनाना पड़ता था… वरना सिर कलम! हाहा, साला डर लगता था।' Ensure lip movements and pacing synchronize precisely with this dialogue over 10 seconds. Environment: Grand ancient Indian fort kitchen with stone walls, wooden counters, clay pots, flickering torches, spices scattered. Character: Middle-aged Indian chef, stout build, dark skin, mustache, wearing white dhoti-kurta and chef's turban, friendly yet nervous expression. Action: Gesturing with hands while speaking, slight smile with edgy humor. Movement: Subtle head nods and hand waves. Camera slowly pushes in.»
[23:16:11] DEBUG    🖱️  Scroll down 149px
[23:16:11] DEBUG    🕐 Human delay 2.8s before typing prompt
[23:16:14] DEBUG    🖱️  Mouse jiggle → (276, 528)
[23:16:20] DEBUG    Strategy 'textarea' failed: Locator.wait_for: Timeout 5000ms exceeded.
Call log:
  - waiting for locator("textarea").first

[23:16:21] INFO     ✏️  Entered via ProseMirror.
[23:16:22] DEBUG    ✅ 'prompt in DOM' met on attempt 1/8
[23:16:22] INFO     ✅ STAGE 5 PASSED: Prompt confirmed in DOM.
[23:16:22] INFO     STAGE 6: Submitting generation request
[23:16:22] DEBUG    🕐 Human delay 1.5s before pressing Enter
[23:16:28] INFO     📸 Screenshot → /home/sonupandit/Documents/ai-vide-api/twitter-automation/06_after_submit.png
[23:16:28] INFO     ✅ STAGE 6 PASSED: Generation request submitted.
[23:16:28] INFO     ⏳ Waiting for generation to complete (looking for 'Make video' or video element) …
[23:16:28] INFO        ⏳ Still generating … 0s
[23:16:43] INFO        ⏳ Still generating … 15s
[23:16:58] INFO        ⏳ Still generating … 30s
[23:17:13] INFO        ⏳ Still generating … 45s
[23:17:28] INFO        ⏳ Still generating … 60s
[23:17:44] INFO        ⏳ Still generating … 75s
[23:17:53] INFO     ✅ Video element found after 84s — video generated directly.
[23:17:53] INFO     📸 Screenshot → /home/sonupandit/Documents/ai-vide-api/twitter-automation/06_video_direct.png
[23:17:53] INFO     STAGE 7: Clicking 'Make video' button
[23:17:53] WARNING  ⚠️  'Make video' button not visible — maybe video was generated directly.
[23:17:53] INFO     STAGE 8: Downloading generated video
[23:17:53] INFO        Trying Strategy 1: Extract video src URL …
[23:17:53] INFO     🔗 Video URL found: https://assets.grok.com/users/8dbf2400-2043-4217-8f1b-f55601499675/generated/f73437c9-d98c-486d-a551-29a03a13ab38/genera…
[23:17:53] INFO     ⬇️  Downloading video to /home/sonupandit/Documents/ai-vide-api/twitter-automation/videos/module_1.mp4 …
[23:17:55] WARNING  ⚠️  Direct download failed: HTTP Error 403: Forbidden — trying Strategy 2.
[23:17:55] INFO        Trying Strategy 2: Click download button …
[23:17:55] INFO        Found download element: button[aria-label*="ownload"]
[23:17:55] INFO     ⬇️  Attempt 1/3 …
[23:18:00] INFO     ✅ STAGE 8 PASSED (Strategy 2): /home/sonupandit/Documents/ai-vide-api/twitter-automation/videos/module_1.mp4 (1.66 MB)
[23:18:00] INFO     📸 Screenshot → /home/sonupandit/Documents/ai-vide-api/twitter-automation/08_download_success.png
[23:18:00] INFO     🎉 SUCCESS!
[23:18:00] INFO     STAGE 3: Ensuring Video mode is selected
[23:18:00] DEBUG    🕐 Human delay 0.9s before checking mode
[23:18:01] INFO        Current mode button text: ''
[23:18:01] INFO        Switching to Video mode …
[23:18:03] INFO     📸 Screenshot → /home/sonupandit/Documents/ai-vide-api/twitter-automation/03_settings_dropdown.png
[23:18:33] WARNING  ⚠️  STAGE 3 WARNING: Video option not found in dropdown.
[23:18:33] INFO     STAGE 4: Uploading image
[23:18:33] INFO     🖼️  Image: /home/sonupandit/Documents/ai-vide-api/twitter-automation/videos/module_2_start_frame.jpg (0.07 MB)
[23:18:34] INFO     📤 File set on input.
[23:18:34] DEBUG    🕐 Human delay 2.9s after file select
[23:18:37] DEBUG    ✅ 'upload visible' met on attempt 1/20
[23:18:37] INFO     ✅ STAGE 4 PASSED: Image visible in UI.
[23:18:37] INFO     ⏳ Waiting dynamically (up to 60s) for Grok to process image …
[23:18:37] DEBUG    ✅ 'upload finished' met on attempt 1/1
[23:18:37] INFO     ✅ STAGE 4: Image fully uploaded/processed after ~0s.
[23:18:39] INFO     =======================================================
[23:18:39] INFO     🎬 Grok Video Generation - New Video
[23:18:39] INFO        Prompt   : Talking character delivering dialogue on camera with synchronized lip movement. The dialogue being spoken is: 'एक दिन राजा ने बड़ा भोज मंगवाया। मैंने सोचा, कुछ नया बनाऊँ… लेकिन जल्दबाज़ी में सामान इधर-उधर हो गया। कमिना समय, कभी साथ नहीं देता!' Ensure lip movements and pacing synchronize precisely with this dialogue over 10 seconds. Environment: Busy fort kitchen with servants rushing, piles of puffed rice, sev, potatoes, chutneys on tables, steam from pots. Character: Middle-aged Indian chef, stout build, dark skin, mustache, wearing white dhoti-kurta and chef's turban, stressed but witty look. Action: Wiping forehead while speaking, light gali with chuckle. Movement: Pacing slightly side to side. Camera subtle zoom in.
[23:18:39] INFO        Output   : /home/sonupandit/Documents/ai-vide-api/twitter-automation/videos/module_2.mp4
[23:18:39] INFO     =======================================================
[23:18:39] INFO     STAGE 5: Entering prompt
[23:18:39] INFO     📝 «Talking character delivering dialogue on camera with synchronized lip movement. The dialogue being spoken is: 'एक दिन राजा ने बड़ा भोज मंगवाया। मैंने सोचा, कुछ नया बनाऊँ… लेकिन जल्दबाज़ी में सामान इधर-उधर हो गया। कमिना समय, कभी साथ नहीं देता!' Ensure lip movements and pacing synchronize precisely with this dialogue over 10 seconds. Environment: Busy fort kitchen with servants rushing, piles of puffed rice, sev, potatoes, chutneys on tables, steam from pots. Character: Middle-aged Indian chef, stout build, dark skin, mustache, wearing white dhoti-kurta and chef's turban, stressed but witty look. Action: Wiping forehead while speaking, light gali with chuckle. Movement: Pacing slightly side to side. Camera subtle zoom in.»
[23:18:39] DEBUG    🖱️  Scroll up 284px
[23:18:39] DEBUG    🕐 Human delay 2.5s before typing prompt
[23:18:42] DEBUG    🖱️  Mouse jiggle → (520, 365)
[23:18:47] DEBUG    Strategy 'textarea' failed: Locator.wait_for: Timeout 5000ms exceeded.
Call log:
  - waiting for locator("textarea").first

[23:18:48] INFO     ✏️  Entered via ProseMirror.
[23:18:49] DEBUG    ✅ 'prompt in DOM' met on attempt 1/8
[23:18:49] INFO     ✅ STAGE 5 PASSED: Prompt confirmed in DOM.
[23:18:49] INFO     STAGE 6: Submitting generation request
[23:18:49] DEBUG    🕐 Human delay 1.4s before pressing Enter
[23:18:57] INFO     📸 Screenshot → /home/sonupandit/Documents/ai-vide-api/twitter-automation/06_after_submit.png
[23:18:57] INFO     ✅ STAGE 6 PASSED: Generation request submitted.
[23:18:57] INFO     ⏳ Waiting for generation to complete (looking for 'Make video' or video element) …
[23:18:57] INFO        ⏳ Still generating … 0s
[23:19:12] INFO        ⏳ Still generating … 15s
[23:19:27] INFO        ⏳ Still generating … 30s
[23:19:42] INFO        ⏳ Still generating … 45s
[23:19:57] INFO        ⏳ Still generating … 60s
[23:20:00] INFO     ✅ Video element found after 63s — video generated directly.
[23:20:00] INFO     📸 Screenshot → /home/sonupandit/Documents/ai-vide-api/twitter-automation/06_video_direct.png
[23:20:00] INFO     STAGE 7: Clicking 'Make video' button
[23:20:00] WARNING  ⚠️  'Make video' button not visible — maybe video was generated directly.
[23:20:00] INFO     STAGE 8: Downloading generated video
[23:20:00] INFO        Trying Strategy 1: Extract video src URL …
[23:20:00] INFO     🔗 Video URL found: https://assets.grok.com/users/8dbf2400-2043-4217-8f1b-f55601499675/generated/7a6db58c-38dc-41de-8557-824b50b63de4/genera…
[23:20:00] INFO     ⬇️  Downloading video to /home/sonupandit/Documents/ai-vide-api/twitter-automation/videos/module_2.mp4 …
[23:20:00] WARNING  ⚠️  Direct download failed: HTTP Error 403: Forbidden — trying Strategy 2.
[23:20:00] INFO        Trying Strategy 2: Click download button …
[23:20:00] INFO        Found download element: button[aria-label*="ownload"]
[23:20:00] INFO     ⬇️  Attempt 1/3 …
[23:20:30] WARNING  Click attempt failed: Locator.click: Timeout 30000ms exceeded.
Call log:
  - waiting for locator("button[aria-label*=\"ownload\"]").first
    - locator resolved to <button type="button" data-state="closed" aria-label="Download" class="inline-flex items-center justify-center gap-2 whitespace-nowrap text-sm font-medium leading-[normal] cursor-pointer focus-visible:outline-none focus-visible:ring-1 focus-visible:ring-ring disabled:opacity-60 disabled:cursor-not-allowed transition-colors duration-100 [&_svg]:shrink-0 select-none hover:text-fg-primary disabled:hover:bg-transparent border border-transparent rounded-full overflow-hidden h-10 w-10 p-2 bg-surface-l2 text…>…</button>
  - attempting click action
    2 × waiting for element to be visible, enabled and stable
      - element is visible, enabled and stable
      - scrolling into view if needed
      - done scrolling
      - <div class="flex items-center p-2 gap-2 border-b border-border-l1">…</div> from <div class="absolute left-0 bottom-0 w-full px-3 pb-6 pointer-events-none z-10">…</div> subtree intercepts pointer events
    - retrying click action
    - waiting 20ms
    2 × waiting for element to be visible, enabled and stable
      - element is visible, enabled and stable
      - scrolling into view if needed
      - done scrolling
      - <div class="flex items-center p-2 gap-2 border-b border-border-l1">…</div> from <div class="absolute left-0 bottom-0 w-full px-3 pb-6 pointer-events-none z-10">…</div> subtree intercepts pointer events
    - retrying click action
      - waiting 100ms
    58 × waiting for element to be visible, enabled and stable
       - element is visible, enabled and stable
       - scrolling into view if needed
       - done scrolling
       - <div class="flex items-center p-2 gap-2 border-b border-border-l1">…</div> from <div class="absolute left-0 bottom-0 w-full px-3 pb-6 pointer-events-none z-10">…</div> subtree intercepts pointer events
     - retrying click action
       - waiting 500ms

[23:20:37] INFO     ✅ STAGE 8 PASSED (Strategy 2): /home/sonupandit/Documents/ai-vide-api/twitter-automation/videos/module_2.mp4 (2.66 MB)
[23:20:37] INFO     📸 Screenshot → /home/sonupandit/Documents/ai-vide-api/twitter-automation/08_download_success.png
[23:20:37] INFO     🎉 SUCCESS!
[23:20:37] INFO     STAGE 3: Ensuring Video mode is selected
[23:20:37] DEBUG    🕐 Human delay 0.7s before checking mode
[23:20:38] INFO        Current mode button text: ''
[23:20:38] INFO        Switching to Video mode …
[23:20:40] INFO     📸 Screenshot → /home/sonupandit/Documents/ai-vide-api/twitter-automation/03_settings_dropdown.png
[23:21:10] WARNING  ⚠️  STAGE 3 WARNING: Video option not found in dropdown.
[23:21:10] INFO     STAGE 4: Uploading image
[23:21:10] INFO     🖼️  Image: /home/sonupandit/Documents/ai-vide-api/twitter-automation/videos/module_3_start_frame.jpg (0.07 MB)
[23:21:11] INFO     📤 File set on input.
[23:21:11] DEBUG    🕐 Human delay 1.4s after file select
[23:21:12] DEBUG    ✅ 'upload visible' met on attempt 1/20
[23:21:12] INFO     ✅ STAGE 4 PASSED: Image visible in UI.
[23:21:12] INFO     ⏳ Waiting dynamically (up to 60s) for Grok to process image …
[23:21:12] DEBUG    ✅ 'upload finished' met on attempt 1/1
[23:21:12] INFO     ✅ STAGE 4: Image fully uploaded/processed after ~0s.
[23:21:14] INFO     =======================================================
[23:21:14] INFO     🎬 Grok Video Generation - New Video
[23:21:14] INFO        Prompt   : Talking character delivering dialogue on camera with synchronized lip movement. The dialogue being spoken is: 'मैंने चावल के फुले हुए दाने लिए, सेव मिलाई, आलू काटे… सोचा, क्या होगा अगर चटनी डाल दूँ? हरामी जिज्ञासा, रोक नहीं पाया।' Ensure lip movements and pacing synchronize precisely with this dialogue over 10 seconds. Environment: Close-up on kitchen counter with wooden bowls of ingredients, colorful spices, ancient utensils, dim torchlight. Character: Middle-aged Indian chef, stout build, dark skin, mustache, wearing white dhoti-kurta and chef's turban, curious and excited eyes. Action: Pretending to mix while speaking, smirk with humor. Movement: Leaning forward slightly. Camera slow pan right.
[23:21:14] INFO        Output   : /home/sonupandit/Documents/ai-vide-api/twitter-automation/videos/module_3.mp4
[23:21:14] INFO     =======================================================
[23:21:14] INFO     STAGE 5: Entering prompt
[23:21:14] INFO     📝 «Talking character delivering dialogue on camera with synchronized lip movement. The dialogue being spoken is: 'मैंने चावल के फुले हुए दाने लिए, सेव मिलाई, आलू काटे… सोचा, क्या होगा अगर चटनी डाल दूँ? हरामी जिज्ञासा, रोक नहीं पाया।' Ensure lip movements and pacing synchronize precisely with this dialogue over 10 seconds. Environment: Close-up on kitchen counter with wooden bowls of ingredients, colorful spices, ancient utensils, dim torchlight. Character: Middle-aged Indian chef, stout build, dark skin, mustache, wearing white dhoti-kurta and chef's turban, curious and excited eyes. Action: Pretending to mix while speaking, smirk with humor. Movement: Leaning forward slightly. Camera slow pan right.»
[23:21:14] DEBUG    🖱️  Scroll down 109px
[23:21:14] DEBUG    🕐 Human delay 1.5s before typing prompt
[23:21:16] DEBUG    🖱️  Mouse jiggle → (605, 358)
[23:21:22] DEBUG    Strategy 'textarea' failed: Locator.wait_for: Timeout 5000ms exceeded.
Call log:
  - waiting for locator("textarea").first

[23:21:23] INFO     ✏️  Entered via ProseMirror.
[23:21:24] DEBUG    ✅ 'prompt in DOM' met on attempt 1/8
[23:21:24] INFO     ✅ STAGE 5 PASSED: Prompt confirmed in DOM.
[23:21:24] INFO     STAGE 6: Submitting generation request
[23:21:24] DEBUG    🕐 Human delay 0.6s before pressing Enter
[23:21:31] INFO     📸 Screenshot → /home/sonupandit/Documents/ai-vide-api/twitter-automation/06_after_submit.png
[23:21:31] INFO     ✅ STAGE 6 PASSED: Generation request submitted.
[23:21:31] INFO     ⏳ Waiting for generation to complete (looking for 'Make video' or video element) …
[23:21:31] INFO        ⏳ Still generating … 0s
[23:21:46] INFO        ⏳ Still generating … 15s
[23:22:01] INFO        ⏳ Still generating … 30s
[23:22:17] INFO        ⏳ Still generating … 45s
[23:22:32] INFO        ⏳ Still generating … 60s
[23:22:47] INFO     ✅ Video element found after 75s — video generated directly.
[23:22:47] INFO     📸 Screenshot → /home/sonupandit/Documents/ai-vide-api/twitter-automation/06_video_direct.png
[23:22:47] INFO     STAGE 7: Clicking 'Make video' button
[23:22:47] WARNING  ⚠️  'Make video' button not visible — maybe video was generated directly.
[23:22:47] INFO     STAGE 8: Downloading generated video
[23:22:47] INFO        Trying Strategy 1: Extract video src URL …
[23:22:47] INFO     🔗 Video URL found: https://assets.grok.com/users/8dbf2400-2043-4217-8f1b-f55601499675/generated/b794ee7a-e8d7-4935-a0e9-f5b34b8d2abe/genera…
[23:22:47] INFO     ⬇️  Downloading video to /home/sonupandit/Documents/ai-vide-api/twitter-automation/videos/module_3.mp4 …
[23:22:48] WARNING  ⚠️  Direct download failed: HTTP Error 403: Forbidden — trying Strategy 2.
[23:22:48] INFO        Trying Strategy 2: Click download button …
[23:22:48] INFO        Found download element: button[aria-label*="ownload"]
[23:22:48] INFO     ⬇️  Attempt 1/3 …
[23:22:55] INFO     ✅ STAGE 8 PASSED (Strategy 2): /home/sonupandit/Documents/ai-vide-api/twitter-automation/videos/module_3.mp4 (2.87 MB)
[23:22:55] INFO     📸 Screenshot → /home/sonupandit/Documents/ai-vide-api/twitter-automation/08_download_success.png
[23:22:55] INFO     🎉 SUCCESS!
[23:22:56] INFO     STAGE 3: Ensuring Video mode is selected
[23:22:56] DEBUG    🕐 Human delay 0.9s before checking mode
[23:22:56] INFO        Current mode button text: ''
[23:22:56] INFO        Switching to Video mode …
[23:22:59] INFO     📸 Screenshot → /home/sonupandit/Documents/ai-vide-api/twitter-automation/03_settings_dropdown.png
[23:23:29] WARNING  ⚠️  STAGE 3 WARNING: Video option not found in dropdown.
[23:23:29] INFO     STAGE 4: Uploading image
[23:23:29] INFO     🖼️  Image: /home/sonupandit/Documents/ai-vide-api/twitter-automation/videos/module_4_start_frame.jpg (0.09 MB)
[23:23:29] INFO     📤 File set on input.
[23:23:29] DEBUG    🕐 Human delay 2.6s after file select
[23:23:31] DEBUG    ✅ 'upload visible' met on attempt 1/20
[23:23:31] INFO     ✅ STAGE 4 PASSED: Image visible in UI.
[23:23:31] INFO     ⏳ Waiting dynamically (up to 60s) for Grok to process image …
[23:23:31] DEBUG    ✅ 'upload finished' met on attempt 1/1
[23:23:31] INFO     ✅ STAGE 4: Image fully uploaded/processed after ~0s.
[23:23:33] INFO     =======================================================
[23:23:33] INFO     🎬 Grok Video Generation - New Video
[23:23:33] INFO        Prompt   : Talking character delivering dialogue on camera with synchronized lip movement. The dialogue being spoken is: 'फिर मैंने टमाटर, प्याज़, हरी चटनी सब मिला दिया। लेकिन गलती से नींबू ज्यादा निचोड़ दिया… भेंचो, अब क्या होगा?' Ensure lip movements and pacing synchronize precisely with this dialogue over 10 seconds. Environment: Detailed kitchen scene with mixing bowl center, spilled ingredients, fort windows showing outside battlements. Character: Middle-aged Indian chef, stout build, dark skin, mustache, wearing white dhoti-kurta and chef's turban, surprised expression with edgy gali. Action: Mimicking pouring action while speaking. Movement: Quick hand gestures. Camera gentle tilt up.
[23:23:33] INFO        Output   : /home/sonupandit/Documents/ai-vide-api/twitter-automation/videos/module_4.mp4
[23:23:33] INFO     =======================================================
[23:23:33] INFO     STAGE 5: Entering prompt
[23:23:33] INFO     📝 «Talking character delivering dialogue on camera with synchronized lip movement. The dialogue being spoken is: 'फिर मैंने टमाटर, प्याज़, हरी चटनी सब मिला दिया। लेकिन गलती से नींबू ज्यादा निचोड़ दिया… भेंचो, अब क्या होगा?' Ensure lip movements and pacing synchronize precisely with this dialogue over 10 seconds. Environment: Detailed kitchen scene with mixing bowl center, spilled ingredients, fort windows showing outside battlements. Character: Middle-aged Indian chef, stout build, dark skin, mustache, wearing white dhoti-kurta and chef's turban, surprised expression with edgy gali. Action: Mimicking pouring action while speaking. Movement: Quick hand gestures. Camera gentle tilt up.»
[23:23:33] DEBUG    🖱️  Scroll down 310px
[23:23:34] DEBUG    🕐 Human delay 2.5s before typing prompt
[23:23:37] DEBUG    🖱️  Mouse jiggle → (896, 165)
[23:23:42] DEBUG    Strategy 'textarea' failed: Locator.wait_for: Timeout 5000ms exceeded.
Call log:
  - waiting for locator("textarea").first

[23:23:43] INFO     ✏️  Entered via ProseMirror.
[23:23:44] DEBUG    ✅ 'prompt in DOM' met on attempt 1/8
[23:23:44] INFO     ✅ STAGE 5 PASSED: Prompt confirmed in DOM.
[23:23:44] INFO     STAGE 6: Submitting generation request
[23:23:44] DEBUG    🕐 Human delay 0.8s before pressing Enter
[23:23:52] INFO     📸 Screenshot → /home/sonupandit/Documents/ai-vide-api/twitter-automation/06_after_submit.png
[23:23:52] INFO     ✅ STAGE 6 PASSED: Generation request submitted.
[23:23:52] INFO     ⏳ Waiting for generation to complete (looking for 'Make video' or video element) …
[23:23:52] INFO        ⏳ Still generating … 0s
[23:24:07] INFO        ⏳ Still generating … 15s
[23:24:22] INFO        ⏳ Still generating … 30s
[23:24:37] INFO        ⏳ Still generating … 45s
[23:24:52] INFO        ⏳ Still generating … 60s
[23:25:07] INFO        ⏳ Still generating … 75s
[23:25:13] INFO     ✅ Video element found after 81s — video generated directly.
[23:25:13] INFO     📸 Screenshot → /home/sonupandit/Documents/ai-vide-api/twitter-automation/06_video_direct.png
[23:25:13] INFO     STAGE 7: Clicking 'Make video' button
[23:25:13] WARNING  ⚠️  'Make video' button not visible — maybe video was generated directly.
[23:25:13] INFO     STAGE 8: Downloading generated video
[23:25:13] INFO        Trying Strategy 1: Extract video src URL …
[23:25:13] INFO     🔗 Video URL found: https://assets.grok.com/users/8dbf2400-2043-4217-8f1b-f55601499675/generated/ef8141ac-6e1e-4d05-ad59-4d0d9cfc33aa/genera…
[23:25:13] INFO     ⬇️  Downloading video to /home/sonupandit/Documents/ai-vide-api/twitter-automation/videos/module_4.mp4 …
[23:25:15] WARNING  ⚠️  Direct download failed: HTTP Error 403: Forbidden — trying Strategy 2.
[23:25:15] INFO        Trying Strategy 2: Click download button …
[23:25:15] INFO        Found download element: button[aria-label*="ownload"]
[23:25:15] INFO     ⬇️  Attempt 1/3 …
[23:25:21] INFO     ✅ STAGE 8 PASSED (Strategy 2): /home/sonupandit/Documents/ai-vide-api/twitter-automation/videos/module_4.mp4 (2.43 MB)
[23:25:21] INFO     📸 Screenshot → /home/sonupandit/Documents/ai-vide-api/twitter-automation/08_download_success.png
[23:25:21] INFO     🎉 SUCCESS!
[23:25:22] INFO     STAGE 3: Ensuring Video mode is selected
[23:25:22] DEBUG    🕐 Human delay 0.9s before checking mode
[23:25:22] INFO        Current mode button text: ''
[23:25:22] INFO        Switching to Video mode …
[23:25:25] INFO     📸 Screenshot → /home/sonupandit/Documents/ai-vide-api/twitter-automation/03_settings_dropdown.png
[23:25:49] INFO     ✅ STAGE 3 PASSED: Clicked 'Video'.
[23:25:51] INFO     📸 Screenshot → /home/sonupandit/Documents/ai-vide-api/twitter-automation/03_video_mode_selected.png
[23:25:51] INFO     STAGE 4: Uploading image
[23:25:51] INFO     🖼️  Image: /home/sonupandit/Documents/ai-vide-api/twitter-automation/videos/module_5_start_frame.jpg (0.10 MB)
[23:25:51] INFO     📤 File set on input.
[23:25:51] DEBUG    🕐 Human delay 2.1s after file select
[23:25:53] DEBUG    ✅ 'upload visible' met on attempt 1/20
[23:25:53] INFO     ✅ STAGE 4 PASSED: Image visible in UI.
[23:25:53] INFO     ⏳ Waiting dynamically (up to 60s) for Grok to process image …
[23:25:53] DEBUG    ✅ 'upload finished' met on attempt 1/1
[23:25:53] INFO     ✅ STAGE 4: Image fully uploaded/processed after ~0s.
[23:25:55] INFO     =======================================================
[23:25:55] INFO     🎬 Grok Video Generation - New Video
[23:25:55] INFO        Prompt   : Talking character delivering dialogue on camera with synchronized lip movement. The dialogue being spoken is: 'चखा तो… वाह! खट्टा, मीठा, चटपटा सब एक साथ। साला गलती से कमाल हो गया! राजा को चखाया, वो बोले, 'ये क्या जादू है?' Ensure lip movements and pacing synchronize precisely with this dialogue over 10 seconds. Environment: Kitchen with finished mix in bowl, excited atmosphere, light streaming in. Character: Middle-aged Indian chef, stout build, dark skin, mustache, wearing white dhoti-kurta and chef's turban, shocked then delighted face. Action: Tasting gesture, laughing with surprise. Movement: Eyes widening. Camera quick push in.
[23:25:55] INFO        Output   : /home/sonupandit/Documents/ai-vide-api/twitter-automation/videos/module_5.mp4
[23:25:55] INFO     =======================================================
[23:25:55] INFO     STAGE 5: Entering prompt
[23:25:55] INFO     📝 «Talking character delivering dialogue on camera with synchronized lip movement. The dialogue being spoken is: 'चखा तो… वाह! खट्टा, मीठा, चटपटा सब एक साथ। साला गलती से कमाल हो गया! राजा को चखाया, वो बोले, 'ये क्या जादू है?' Ensure lip movements and pacing synchronize precisely with this dialogue over 10 seconds. Environment: Kitchen with finished mix in bowl, excited atmosphere, light streaming in. Character: Middle-aged Indian chef, stout build, dark skin, mustache, wearing white dhoti-kurta and chef's turban, shocked then delighted face. Action: Tasting gesture, laughing with surprise. Movement: Eyes widening. Camera quick push in.»
[23:25:55] DEBUG    🖱️  Scroll up 335px
[23:25:55] DEBUG    🕐 Human delay 1.5s before typing prompt
[23:25:57] DEBUG    🖱️  Mouse jiggle → (565, 377)
[23:25:58] INFO     ✏️  Entered via textarea.
[23:25:59] DEBUG    ✅ 'prompt in DOM' met on attempt 1/8
[23:25:59] INFO     ✅ STAGE 5 PASSED: Prompt confirmed in DOM.
[23:25:59] INFO     STAGE 6: Submitting generation request
[23:25:59] DEBUG    🕐 Human delay 1.1s before pressing Enter
