[22:02:42] INFO     📋 Full debug log → automation_20260305_220242.log
[22:02:42] INFO     =======================================================
[22:02:42] INFO     🚀 Grok Video Generation Automation
[22:02:42] INFO        Job Start: 2026-03-05T22:02:42.629497
[22:02:42] INFO        Prompt   : hen
[22:02:42] INFO        Image    : /home/sonupandit/Documents/ai-vide-api/twitter-automation/default.png
[22:02:42] INFO        Output   : /home/sonupandit/Documents/ai-vide-api/twitter-automation/output.mp4
[22:02:42] INFO     =======================================================
[22:02:43] INFO     STAGE 1: Launching Chrome
[22:02:43] INFO     ✅ STAGE 1 PASSED: Chrome launched.
[22:02:43] INFO     STAGE 2: Navigating to Grok
[22:02:45] INFO     ⏳ Waiting 8.3s for UI to settle …
[22:02:53] DEBUG    🖱️  Scroll up 96px
[22:02:54] DEBUG    🖱️  Mouse jiggle → (631, 294)
[22:02:54] INFO     ✅ STAGE 2 PASSED: Page loaded.
[22:02:54] DEBUG    🕐 Human delay 1.9s post-navigation
[22:02:56] INFO     STAGE 3: Ensuring Video mode is selected
[22:02:56] DEBUG    🕐 Human delay 1.1s before checking mode
[22:02:57] INFO        Current mode button text: 'Video'
[22:02:57] INFO     ✅ STAGE 3 PASSED: Already in Video mode.
[22:02:57] INFO     STAGE 4: Uploading image
[22:02:57] INFO     🖼️  Image: /home/sonupandit/Documents/ai-vide-api/twitter-automation/default.png (7.52 MB)
[22:02:57] INFO     📤 File set on input.
[22:02:57] DEBUG    🕐 Human delay 1.3s after file select
[22:02:58] DEBUG    ✅ 'upload visible' met on attempt 1/20
[22:02:58] INFO     ✅ STAGE 4 PASSED: Image visible in UI.
[22:02:58] INFO     ⏳ Waiting 60s for Grok to process image …
[22:03:08] INFO        … 50s remaining
[22:03:18] INFO        … 40s remaining
[22:03:28] INFO        … 30s remaining
[22:03:38] INFO        … 20s remaining
[22:03:48] INFO        … 10s remaining
[22:03:58] INFO     STAGE 5: Entering prompt
[22:03:58] INFO     📝 «hen»
[22:03:58] DEBUG    🖱️  Scroll down 101px
[22:03:59] DEBUG    🕐 Human delay 1.0s before typing prompt
[22:04:00] DEBUG    🖱️  Mouse jiggle → (992, 482)
[22:04:06] DEBUG    Strategy 'textarea' failed: Locator.wait_for: Timeout 5000ms exceeded.
Call log:
  - waiting for locator("textarea").first

[22:04:07] INFO     ✏️  Entered via ProseMirror.
[22:04:08] DEBUG    ✅ 'prompt in DOM' met on attempt 1/8
[22:04:08] INFO     ✅ STAGE 5 PASSED: Prompt confirmed in DOM.
[22:04:08] INFO     STAGE 6: Submitting generation request
[22:04:08] DEBUG    🕐 Human delay 0.8s before pressing Enter
[22:04:14] INFO     📸 Screenshot → /home/sonupandit/Documents/ai-vide-api/twitter-automation/06_after_submit.png
[22:04:14] INFO     ✅ STAGE 6 PASSED: Generation request submitted.
[22:04:14] INFO     ⏳ Waiting for generation to complete (looking for 'Make video' or video element) …
[22:04:14] INFO        ⏳ Still generating … 0s
[22:04:17] INFO     ✅ 'Make video' button found after 3s — images generated.
[22:04:17] INFO     📸 Screenshot → /home/sonupandit/Documents/ai-vide-api/twitter-automation/06_images_done.png
[22:04:17] INFO     STAGE 7: Clicking 'Make video' button
[22:04:17] DEBUG    🕐 Human delay 1.7s before clicking Make video
[22:04:19] DEBUG    🖱️  Mouse jiggle → (984, 492)
[22:04:19] INFO     🎬 Clicked 'Make video'!
[22:04:26] INFO     📸 Screenshot → /home/sonupandit/Documents/ai-vide-api/twitter-automation/07_make_video_clicked.png
[22:04:26] INFO     ⏳ Waiting for video generation (up to 600s) …
[22:04:26] INFO        ⏳ Video generating … 0s
[22:04:41] INFO        ⏳ Video generating … 15s
[22:04:56] INFO        ⏳ Video generating … 30s
[22:05:11] INFO        ⏳ Video generating … 45s
[22:05:26] INFO        ⏳ Video generating … 60s
[22:05:41] INFO        ⏳ Video generating … 75s
[22:05:50] INFO     ✅ Video element found after 84s!
[22:05:50] INFO        Video src: https://assets.grok.com/users/8dbf2400-2043-4217-8f1b-f55601499675/generated/78b0a6ee-ca13-4fac-bd40…
[22:05:50] INFO     📸 Screenshot → /home/sonupandit/Documents/ai-vide-api/twitter-automation/07_video_generated.png
[22:05:50] INFO     STAGE 8: Downloading generated video
[22:05:50] INFO        Trying Strategy 1: Extract video src URL …
[22:05:50] INFO     🔗 Video URL found: https://assets.grok.com/users/8dbf2400-2043-4217-8f1b-f55601499675/generated/78b0a6ee-ca13-4fac-bd40-aad80c0dc06e/genera…
[22:05:50] INFO     ⬇️  Downloading video to /home/sonupandit/Documents/ai-vide-api/twitter-automation/output.mp4 …
[22:05:50] WARNING  ⚠️  Direct download failed: HTTP Error 403: Forbidden — trying Strategy 2.
[22:05:50] INFO        Trying Strategy 2: Click download button …
[22:05:50] INFO        Found download element: button[aria-label*="ownload"]
[22:05:50] INFO     ⬇️  Attempt 1/3 …
[22:05:53] INFO     ✅ STAGE 8 PASSED (Strategy 2): /home/sonupandit/Documents/ai-vide-api/twitter-automation/output.mp4 (3.98 MB)
[22:05:53] INFO     📸 Screenshot → /home/sonupandit/Documents/ai-vide-api/twitter-automation/08_download_success.png
[22:05:54] INFO     
=======================================================
[22:05:54] INFO     📊 FINAL STAGE SUMMARY
[22:05:54] INFO     =======================================================
[22:05:54] INFO       ✅ LAUNCH          PASSED
[22:05:54] INFO       ✅ NAVIGATE        PASSED
[22:05:54] INFO       ✅ VIDEO_MODE      PASSED
[22:05:54] INFO       ✅ UPLOAD          PASSED
[22:05:54] INFO       ✅ PROMPT          PASSED
[22:05:54] INFO       ✅ SUBMIT          PASSED
[22:05:54] INFO       ✅ MAKE_VIDEO      PASSED
[22:05:54] INFO       ✅ DOWNLOAD        PASSED
[22:05:54] INFO        Job End  : 2026-03-05T22:05:54.073768
[22:05:54] INFO     =======================================================
[22:05:54] INFO     🎉 SUCCESS!
