[22:57:55] INFO     📋 Full debug log → automation_20260305_225755.log
[22:57:55] INFO     =======================================================
[22:57:55] INFO     🚀 Grok Video Generation Automation - Starting Session
[22:57:55] INFO        Image    : /home/sonupandit/Documents/ai-vide-api/twitter-automation/default.png
[22:57:55] INFO     =======================================================
[22:57:55] INFO     STAGE 1: Launching Chrome
[22:57:56] INFO     ✅ STAGE 1 PASSED: Chrome launched.
[22:57:56] INFO     STAGE 2: Navigating to Grok
[22:57:57] INFO     ⏳ Waiting 8.0s for UI to settle …
[22:58:05] DEBUG    🖱️  Scroll up 301px
[22:58:06] DEBUG    🖱️  Mouse jiggle → (333, 432)
[22:58:06] INFO     ✅ STAGE 2 PASSED: Page loaded.
[22:58:06] DEBUG    🕐 Human delay 1.9s post-navigation
[22:58:08] INFO     STAGE 3: Ensuring Video mode is selected
[22:58:08] DEBUG    🕐 Human delay 1.3s before checking mode
[22:58:09] INFO        Current mode button text: 'Video'
[22:58:09] INFO     ✅ STAGE 3 PASSED: Already in Video mode.
[22:58:09] INFO     STAGE 4: Uploading image
[22:58:09] INFO     🖼️  Image: /home/sonupandit/Documents/ai-vide-api/twitter-automation/default.png (7.52 MB)
[22:58:10] INFO     📤 File set on input.
[22:58:10] DEBUG    🕐 Human delay 2.3s after file select
[22:58:12] DEBUG    ✅ 'upload visible' met on attempt 1/20
[22:58:12] INFO     ✅ STAGE 4 PASSED: Image visible in UI.
[22:58:12] INFO     ⏳ Waiting 60s for Grok to process image …
[22:58:22] INFO        … 50s remaining
[22:58:32] INFO        … 40s remaining
[22:58:42] INFO        … 30s remaining
[22:58:52] INFO        … 20s remaining
[22:59:02] INFO        … 10s remaining
[22:59:12] INFO     =======================================================
[22:59:12] INFO     🎬 Grok Video Generation - New Video
[22:59:12] INFO        Prompt   : A slow zoom onto the tired but determined face of a teenage Indian boy studying late at night under a table lamp, books piled high around him, his mother's shadow looms in the background. [character_image_url]
[22:59:12] INFO        Output   : /home/sonupandit/Documents/ai-vide-api/twitter-automation/videos/module_1.mp4
[22:59:12] INFO     =======================================================
[22:59:12] INFO     STAGE 5: Entering prompt
[22:59:12] INFO     📝 «A slow zoom onto the tired but determined face of a teenage Indian boy studying late at night under a table lamp, books piled high around him, his mother's shadow looms in the background. [character_image_url]»
[22:59:12] DEBUG    🖱️  Scroll up 283px
[22:59:13] DEBUG    🕐 Human delay 1.5s before typing prompt
[22:59:14] DEBUG    🖱️  Mouse jiggle → (508, 274)
[22:59:19] DEBUG    Strategy 'textarea' failed: Locator.wait_for: Timeout 5000ms exceeded.
Call log:
  - waiting for locator("textarea").first

[22:59:21] INFO     ✏️  Entered via ProseMirror.
[22:59:22] DEBUG    ✅ 'prompt in DOM' met on attempt 1/8
[22:59:22] INFO     ✅ STAGE 5 PASSED: Prompt confirmed in DOM.
[22:59:22] INFO     STAGE 6: Submitting generation request
[22:59:22] DEBUG    🕐 Human delay 1.1s before pressing Enter
[22:59:28] INFO     📸 Screenshot → /home/sonupandit/Documents/ai-vide-api/twitter-automation/06_after_submit.png
[22:59:28] INFO     ✅ STAGE 6 PASSED: Generation request submitted.
[22:59:28] INFO     ⏳ Waiting for generation to complete (looking for 'Make video' or video element) …
[22:59:28] INFO        ⏳ Still generating … 0s
[22:59:31] INFO     ✅ 'Make video' button found after 3s — images generated.
[22:59:31] INFO     📸 Screenshot → /home/sonupandit/Documents/ai-vide-api/twitter-automation/06_images_done.png
[22:59:31] INFO     STAGE 7: Clicking 'Make video' button
[22:59:31] DEBUG    🕐 Human delay 1.7s before clicking Make video
[22:59:33] DEBUG    🖱️  Mouse jiggle → (738, 209)
[22:59:33] INFO     🎬 Clicked 'Make video'!
[22:59:39] INFO     📸 Screenshot → /home/sonupandit/Documents/ai-vide-api/twitter-automation/07_make_video_clicked.png
[22:59:39] INFO     ⏳ Waiting for video generation (up to 600s) …
[22:59:39] INFO        ⏳ Video generating … 0s
[22:59:54] INFO        ⏳ Video generating … 15s
[23:00:09] INFO        ⏳ Video generating … 30s
[23:00:24] INFO        ⏳ Video generating … 45s
[23:00:39] INFO        ⏳ Video generating … 60s
[23:00:54] INFO        ⏳ Video generating … 75s
[23:01:06] INFO     ✅ Video element found after 87s!
[23:01:06] INFO        Video src: https://assets.grok.com/users/8dbf2400-2043-4217-8f1b-f55601499675/generated/d64b7d7d-6ea4-4b19-9fc6…
[23:01:06] INFO     📸 Screenshot → /home/sonupandit/Documents/ai-vide-api/twitter-automation/07_video_generated.png
[23:01:06] INFO     STAGE 8: Downloading generated video
[23:01:06] INFO        Trying Strategy 1: Extract video src URL …
[23:01:06] INFO     🔗 Video URL found: https://assets.grok.com/users/8dbf2400-2043-4217-8f1b-f55601499675/generated/d64b7d7d-6ea4-4b19-9fc6-66bde863e05c/genera…
[23:01:06] INFO     ⬇️  Downloading video to /home/sonupandit/Documents/ai-vide-api/twitter-automation/videos/module_1.mp4 …
[23:01:06] WARNING  ⚠️  Direct download failed: HTTP Error 403: Forbidden — trying Strategy 2.
[23:01:06] INFO        Trying Strategy 2: Click download button …
[23:01:06] INFO        Found download element: button[aria-label*="ownload"]
[23:01:06] INFO     ⬇️  Attempt 1/3 …
[23:01:07] INFO     ✅ STAGE 8 PASSED (Strategy 2): /home/sonupandit/Documents/ai-vide-api/twitter-automation/videos/module_1.mp4 (1.45 MB)
[23:01:07] INFO     📸 Screenshot → /home/sonupandit/Documents/ai-vide-api/twitter-automation/08_download_success.png
[23:01:07] INFO     🎉 SUCCESS!
[23:01:07] INFO     =======================================================
[23:01:07] INFO     🎬 Grok Video Generation - New Video
[23:01:07] INFO        Prompt   : The boy's hands slam a thick textbook shut. The camera tilts up to his face, showing a look of finality and exhaustion, he looks directly at the camera breaking the fourth wall. [character_image_url]
[23:01:07] INFO        Output   : /home/sonupandit/Documents/ai-vide-api/twitter-automation/videos/module_2.mp4
[23:01:07] INFO     =======================================================
[23:01:07] INFO     STAGE 5: Entering prompt
[23:01:07] INFO     📝 «The boy's hands slam a thick textbook shut. The camera tilts up to his face, showing a look of finality and exhaustion, he looks directly at the camera breaking the fourth wall. [character_image_url]»
[23:01:07] DEBUG    🖱️  Scroll down 284px
[23:01:08] DEBUG    🕐 Human delay 1.2s before typing prompt
[23:01:09] DEBUG    🖱️  Mouse jiggle → (397, 285)
[23:01:15] DEBUG    Strategy 'textarea' failed: Locator.wait_for: Timeout 5000ms exceeded.
Call log:
  - waiting for locator("textarea").first

[23:01:16] INFO     ✏️  Entered via ProseMirror.
[23:01:17] DEBUG    ✅ 'prompt in DOM' met on attempt 1/8
[23:01:17] INFO     ✅ STAGE 5 PASSED: Prompt confirmed in DOM.
[23:01:17] INFO     STAGE 6: Submitting generation request
[23:01:17] DEBUG    🕐 Human delay 0.6s before pressing Enter
[23:01:23] INFO     📸 Screenshot → /home/sonupandit/Documents/ai-vide-api/twitter-automation/06_after_submit.png
[23:01:23] INFO     ✅ STAGE 6 PASSED: Generation request submitted.
[23:01:23] INFO     ⏳ Waiting for generation to complete (looking for 'Make video' or video element) …
[23:01:23] INFO        ⏳ Still generating … 0s
[23:01:38] INFO        ⏳ Still generating … 15s
[23:01:53] INFO        ⏳ Still generating … 30s
[23:02:08] INFO        ⏳ Still generating … 45s
[23:02:23] INFO        ⏳ Still generating … 60s
[23:02:38] INFO        ⏳ Still generating … 75s
[23:02:41] INFO     ✅ Video element found after 78s — video generated directly.
[23:02:41] INFO     📸 Screenshot → /home/sonupandit/Documents/ai-vide-api/twitter-automation/06_video_direct.png
[23:02:41] INFO     STAGE 7: Clicking 'Make video' button
[23:02:41] WARNING  ⚠️  'Make video' button not visible — maybe video was generated directly.
[23:02:41] INFO     STAGE 8: Downloading generated video
[23:02:41] INFO        Trying Strategy 1: Extract video src URL …
[23:02:41] INFO     🔗 Video URL found: https://assets.grok.com/users/8dbf2400-2043-4217-8f1b-f55601499675/generated/20837229-e6ea-4d15-b9fd-de089461e9b4/genera…
[23:02:41] INFO     ⬇️  Downloading video to /home/sonupandit/Documents/ai-vide-api/twitter-automation/videos/module_2.mp4 …
[23:02:42] WARNING  ⚠️  Direct download failed: HTTP Error 403: Forbidden — trying Strategy 2.
[23:02:42] INFO        Trying Strategy 2: Click download button …
[23:02:42] INFO        Found download element: button[aria-label*="ownload"]
[23:02:42] INFO     ⬇️  Attempt 1/3 …
[23:02:43] INFO     ✅ STAGE 8 PASSED (Strategy 2): /home/sonupandit/Documents/ai-vide-api/twitter-automation/videos/module_2.mp4 (1.54 MB)
[23:02:43] INFO     📸 Screenshot → /home/sonupandit/Documents/ai-vide-api/twitter-automation/08_download_success.png
[23:02:43] INFO     🎉 SUCCESS!
[23:02:43] INFO     =======================================================
[23:02:43] INFO     🎬 Grok Video Generation - New Video
[23:02:43] INFO        Prompt   : A close-up shot of the mother's trembling hands holding old, frayed marksheets. The camera slowly pulls back to reveal the tragically empty and silent room, her face filled with profound, silent grief.
[23:02:43] INFO        Output   : /home/sonupandit/Documents/ai-vide-api/twitter-automation/videos/module_3.mp4
[23:02:43] INFO     =======================================================
[23:02:43] INFO     STAGE 5: Entering prompt
[23:02:43] INFO     📝 «A close-up shot of the mother's trembling hands holding old, frayed marksheets. The camera slowly pulls back to reveal the tragically empty and silent room, her face filled with profound, silent grief.»
[23:02:43] DEBUG    🖱️  Scroll down 328px
[23:02:44] DEBUG    🕐 Human delay 2.7s before typing prompt
[23:02:47] DEBUG    🖱️  Mouse jiggle → (627, 396)
[23:02:52] DEBUG    Strategy 'textarea' failed: Locator.wait_for: Timeout 5000ms exceeded.
Call log:
  - waiting for locator("textarea").first

[23:02:53] INFO     ✏️  Entered via ProseMirror.
[23:02:54] DEBUG    ✅ 'prompt in DOM' met on attempt 1/8
[23:02:54] INFO     ✅ STAGE 5 PASSED: Prompt confirmed in DOM.
[23:02:54] INFO     STAGE 6: Submitting generation request
[23:02:54] DEBUG    🕐 Human delay 1.3s before pressing Enter
[23:03:01] INFO     📸 Screenshot → /home/sonupandit/Documents/ai-vide-api/twitter-automation/06_after_submit.png
[23:03:01] INFO     ✅ STAGE 6 PASSED: Generation request submitted.
[23:03:01] INFO     ⏳ Waiting for generation to complete (looking for 'Make video' or video element) …
[23:03:01] INFO        ⏳ Still generating … 0s
[23:03:16] INFO        ⏳ Still generating … 15s
[23:03:31] INFO        ⏳ Still generating … 30s
[23:03:46] INFO        ⏳ Still generating … 45s
[23:04:01] INFO        ⏳ Still generating … 60s
[23:04:16] INFO     ✅ Video element found after 75s — video generated directly.
[23:04:17] INFO     📸 Screenshot → /home/sonupandit/Documents/ai-vide-api/twitter-automation/06_video_direct.png
[23:04:17] INFO     STAGE 7: Clicking 'Make video' button
[23:04:17] WARNING  ⚠️  'Make video' button not visible — maybe video was generated directly.
[23:04:17] INFO     STAGE 8: Downloading generated video
[23:04:17] INFO        Trying Strategy 1: Extract video src URL …
[23:04:17] INFO     🔗 Video URL found: https://assets.grok.com/users/8dbf2400-2043-4217-8f1b-f55601499675/generated/c31a0632-e913-40d5-9a85-0048e962a35a/genera…
[23:04:17] INFO     ⬇️  Downloading video to /home/sonupandit/Documents/ai-vide-api/twitter-automation/videos/module_3.mp4 …
[23:04:17] WARNING  ⚠️  Direct download failed: HTTP Error 403: Forbidden — trying Strategy 2.
[23:04:17] INFO        Trying Strategy 2: Click download button …
[23:04:17] INFO        Found download element: button[aria-label*="ownload"]
[23:04:17] INFO     ⬇️  Attempt 1/3 …
[23:04:19] INFO     ✅ STAGE 8 PASSED (Strategy 2): /home/sonupandit/Documents/ai-vide-api/twitter-automation/videos/module_3.mp4 (1.82 MB)
[23:04:19] INFO     📸 Screenshot → /home/sonupandit/Documents/ai-vide-api/twitter-automation/08_download_success.png
[23:04:19] INFO     🎉 SUCCESS!
[23:04:19] INFO     =======================================================
[23:04:19] INFO     👋 Closing Grok session
[23:04:19] INFO     =======================================================
[23:16:41] INFO     =======================================================
[23:16:41] INFO     🚀 Grok Video Generation Automation - Starting Session
[23:16:41] INFO        Image    : /home/sonupandit/Documents/ai-vide-api/twitter-automation/default.png
[23:16:41] INFO     =======================================================
[23:16:41] INFO     STAGE 1: Launching Chrome
[23:16:42] INFO     ✅ STAGE 1 PASSED: Chrome launched.
[23:16:42] INFO     STAGE 2: Navigating to Grok
[23:16:42] INFO     ⏳ Waiting 7.2s for UI to settle …
[23:16:50] DEBUG    🖱️  Scroll up 186px
[23:16:50] DEBUG    🖱️  Mouse jiggle → (823, 267)
[23:16:51] INFO     ✅ STAGE 2 PASSED: Page loaded.
[23:16:51] DEBUG    🕐 Human delay 1.8s post-navigation
[23:16:52] INFO     STAGE 3: Ensuring Video mode is selected
[23:16:52] DEBUG    🕐 Human delay 0.9s before checking mode
[23:16:53] INFO        Current mode button text: 'Video'
[23:16:53] INFO     ✅ STAGE 3 PASSED: Already in Video mode.
[23:16:53] INFO     STAGE 4: Uploading image
[23:16:53] INFO     🖼️  Image: /home/sonupandit/Documents/ai-vide-api/twitter-automation/default.png (7.52 MB)
[23:16:53] INFO     📤 File set on input.
[23:16:53] DEBUG    🕐 Human delay 1.3s after file select
[23:16:55] DEBUG    ✅ 'upload visible' met on attempt 1/20
[23:16:55] INFO     ✅ STAGE 4 PASSED: Image visible in UI.
[23:16:55] INFO     ⏳ Waiting 60s for Grok to process image …
[23:17:05] INFO        … 50s remaining
[23:17:15] INFO        … 40s remaining
[23:17:25] INFO        … 30s remaining
[23:17:35] INFO        … 20s remaining
[23:17:45] INFO        … 10s remaining
[23:17:55] INFO     =======================================================
[23:17:55] INFO     🎬 Grok Video Generation - New Video
[23:17:55] INFO        Prompt   : (9:16 vertical; close-up to medium shot at a busy Indian mohalla chai-daan/tea stall at dusk; warm golden string-lights, steam rising from kulhads, painted walls with movie posters, motorbike parked; camera starts with a quick push-in from street into stall; show main character face/clothes exactly as in image https://res.cloudinary.com/djhhth7dx/image/upload/v1771852174/Gemini_Generated_Image_rj79bkrj79bkrj79_bbnosm.png — same expression and ghamcha; natural desi shirt, slight stubble; lively mohalla people blurred in background; mood: cozy with a tiny hint of mischief)
[23:17:55] INFO        Output   : /home/sonupandit/Documents/ai-vide-api/twitter-automation/videos/module_1.mp4
[23:17:55] INFO     =======================================================
[23:17:55] INFO     STAGE 5: Entering prompt
[23:17:55] INFO     📝 «(9:16 vertical; close-up to medium shot at a busy Indian mohalla chai-daan/tea stall at dusk; warm golden string-lights, steam rising from kulhads, painted walls with movie posters, motorbike parked; camera starts with a quick push-in from street into stall; show main character face/clothes exactly as in image https://res.cloudinary.com/djhhth7dx/image/upload/v1771852174/Gemini_Generated_Image_rj79bkrj79bkrj79_bbnosm.png — same expression and ghamcha; natural desi shirt, slight stubble; lively mohalla people blurred in background; mood: cozy with a tiny hint of mischief)»
[23:17:55] DEBUG    🖱️  Scroll up 239px
[23:17:55] DEBUG    🕐 Human delay 1.8s before typing prompt
[23:17:57] DEBUG    🖱️  Mouse jiggle → (734, 413)
[23:18:03] DEBUG    Strategy 'textarea' failed: Locator.wait_for: Timeout 5000ms exceeded.
Call log:
  - waiting for locator("textarea").first

[23:18:04] INFO     ✏️  Entered via ProseMirror.
[23:18:05] DEBUG    ✅ 'prompt in DOM' met on attempt 1/8
[23:18:05] INFO     ✅ STAGE 5 PASSED: Prompt confirmed in DOM.
[23:18:05] INFO     STAGE 6: Submitting generation request
[23:18:05] DEBUG    🕐 Human delay 0.9s before pressing Enter
[23:18:13] INFO     📸 Screenshot → /home/sonupandit/Documents/ai-vide-api/twitter-automation/06_after_submit.png
[23:18:13] INFO     ✅ STAGE 6 PASSED: Generation request submitted.
[23:18:13] INFO     ⏳ Waiting for generation to complete (looking for 'Make video' or video element) …
[23:18:13] INFO     ✅ 'Make video' button found after 0s — images generated.
[23:18:13] INFO     📸 Screenshot → /home/sonupandit/Documents/ai-vide-api/twitter-automation/06_images_done.png
[23:18:13] INFO     STAGE 7: Clicking 'Make video' button
[23:18:13] DEBUG    🕐 Human delay 2.5s before clicking Make video
[23:18:16] DEBUG    🖱️  Mouse jiggle → (484, 551)
[23:18:16] INFO     🎬 Clicked 'Make video'!
[23:18:21] INFO     📸 Screenshot → /home/sonupandit/Documents/ai-vide-api/twitter-automation/07_make_video_clicked.png
[23:18:21] INFO     ⏳ Waiting for video generation (up to 600s) …
[23:18:21] INFO        ⏳ Video generating … 0s
[23:18:36] INFO        ⏳ Video generating … 15s
[23:18:52] INFO        ⏳ Video generating … 30s
[23:19:07] INFO        ⏳ Video generating … 45s
[23:19:22] INFO        ⏳ Video generating … 60s
[23:19:37] INFO        ⏳ Video generating … 75s
[23:19:43] INFO     ✅ Video element found after 81s!
[23:19:43] INFO        Video src: https://assets.grok.com/users/8dbf2400-2043-4217-8f1b-f55601499675/generated/5ddc6404-e05e-4936-ac4f…
[23:19:45] INFO     📸 Screenshot → /home/sonupandit/Documents/ai-vide-api/twitter-automation/07_video_generated.png
[23:19:45] INFO     STAGE 8: Downloading generated video
[23:19:45] INFO        Trying Strategy 1: Extract video src URL …
[23:19:45] INFO     🔗 Video URL found: https://assets.grok.com/users/8dbf2400-2043-4217-8f1b-f55601499675/generated/5ddc6404-e05e-4936-ac4f-2bea4a8552da/genera…
[23:19:45] INFO     ⬇️  Downloading video to /home/sonupandit/Documents/ai-vide-api/twitter-automation/videos/module_1.mp4 …
[23:19:46] WARNING  ⚠️  Direct download failed: HTTP Error 403: Forbidden — trying Strategy 2.
[23:19:46] INFO        Trying Strategy 2: Click download button …
[23:19:46] INFO        Found download element: button[aria-label*="ownload"]
[23:19:46] INFO     ⬇️  Attempt 1/3 …
[23:19:47] INFO     ✅ STAGE 8 PASSED (Strategy 2): /home/sonupandit/Documents/ai-vide-api/twitter-automation/videos/module_1.mp4 (3.11 MB)
[23:19:48] INFO     📸 Screenshot → /home/sonupandit/Documents/ai-vide-api/twitter-automation/08_download_success.png
[23:19:48] INFO     🎉 SUCCESS!
[23:19:48] INFO     =======================================================
[23:19:48] INFO     🎬 Grok Video Generation - New Video
[23:19:48] INFO        Prompt   : (9:16 vertical; medium wide shot of bhaiya opening a tin, revealing puffed rice packet and jars of achar on wooden counter; hands mixing with a big spoon; close-up on the main character's hands and face from the provided image URL, consistent clothes; warm evening light, steam and spice flecks in air; camera does a quick whip-pan to reactions of surrounding mohalla people; mood: mischievous, upbeat)
[23:19:48] INFO        Output   : /home/sonupandit/Documents/ai-vide-api/twitter-automation/videos/module_2.mp4
[23:19:48] INFO     =======================================================
[23:19:48] INFO     STAGE 5: Entering prompt
[23:19:48] INFO     📝 «(9:16 vertical; medium wide shot of bhaiya opening a tin, revealing puffed rice packet and jars of achar on wooden counter; hands mixing with a big spoon; close-up on the main character's hands and face from the provided image URL, consistent clothes; warm evening light, steam and spice flecks in air; camera does a quick whip-pan to reactions of surrounding mohalla people; mood: mischievous, upbeat)»
[23:19:48] DEBUG    🖱️  Scroll up 80px
[23:19:49] DEBUG    🕐 Human delay 2.0s before typing prompt
[23:19:51] DEBUG    🖱️  Mouse jiggle → (515, 489)
[23:19:56] DEBUG    Strategy 'textarea' failed: Locator.wait_for: Timeout 5000ms exceeded.
Call log:
  - waiting for locator("textarea").first

[23:19:58] INFO     ✏️  Entered via ProseMirror.
[23:19:59] DEBUG    ✅ 'prompt in DOM' met on attempt 1/8
[23:19:59] INFO     ✅ STAGE 5 PASSED: Prompt confirmed in DOM.
[23:19:59] INFO     STAGE 6: Submitting generation request
[23:19:59] DEBUG    🕐 Human delay 1.0s before pressing Enter
[23:20:04] INFO     📸 Screenshot → /home/sonupandit/Documents/ai-vide-api/twitter-automation/06_after_submit.png
[23:20:04] INFO     ✅ STAGE 6 PASSED: Generation request submitted.
[23:20:04] INFO     ⏳ Waiting for generation to complete (looking for 'Make video' or video element) …
[23:20:04] INFO        ⏳ Still generating … 0s
[23:20:19] INFO        ⏳ Still generating … 15s
[23:20:35] INFO        ⏳ Still generating … 30s
[23:20:50] INFO        ⏳ Still generating … 45s
[23:21:05] INFO        ⏳ Still generating … 60s
[23:21:20] INFO        ⏳ Still generating … 75s
[23:21:29] INFO     ✅ Video element found after 84s — video generated directly.
[23:21:30] INFO     📸 Screenshot → /home/sonupandit/Documents/ai-vide-api/twitter-automation/06_video_direct.png
[23:21:30] INFO     STAGE 7: Clicking 'Make video' button
[23:21:30] WARNING  ⚠️  'Make video' button not visible — maybe video was generated directly.
[23:21:30] INFO     STAGE 8: Downloading generated video
[23:21:30] INFO        Trying Strategy 1: Extract video src URL …
[23:21:30] INFO     🔗 Video URL found: https://assets.grok.com/users/8dbf2400-2043-4217-8f1b-f55601499675/generated/02ae5cee-b1dc-4934-a018-e310351e3f5e/genera…
[23:21:30] INFO     ⬇️  Downloading video to /home/sonupandit/Documents/ai-vide-api/twitter-automation/videos/module_2.mp4 …
[23:21:31] WARNING  ⚠️  Direct download failed: HTTP Error 403: Forbidden — trying Strategy 2.
[23:21:31] INFO        Trying Strategy 2: Click download button …
[23:21:31] INFO        Found download element: button[aria-label*="ownload"]
[23:21:31] INFO     ⬇️  Attempt 1/3 …
[23:21:34] INFO     ✅ STAGE 8 PASSED (Strategy 2): /home/sonupandit/Documents/ai-vide-api/twitter-automation/videos/module_2.mp4 (4.04 MB)
[23:21:34] INFO     📸 Screenshot → /home/sonupandit/Documents/ai-vide-api/twitter-automation/08_download_success.png
[23:21:34] INFO     🎉 SUCCESS!
[23:21:34] INFO     =======================================================
[23:21:34] INFO     🎬 Grok Video Generation - New Video
[23:21:34] INFO        Prompt   : (9:16 vertical; sequence: close-up of people tasting; exaggerated comic faces, one guy suddenly freezes, slow zoom on his widened eyes — use main character image for bhaiya's reaction; lighting gets a tiny cool rim to add slight horror vibe; camera does a fast rack focus between laughing faces and the frozen man; background: chai-shop sign, small kids watching)
[23:21:34] INFO        Output   : /home/sonupandit/Documents/ai-vide-api/twitter-automation/videos/module_3.mp4
[23:21:34] INFO     =======================================================
[23:21:34] INFO     STAGE 5: Entering prompt
[23:21:34] INFO     📝 «(9:16 vertical; sequence: close-up of people tasting; exaggerated comic faces, one guy suddenly freezes, slow zoom on his widened eyes — use main character image for bhaiya's reaction; lighting gets a tiny cool rim to add slight horror vibe; camera does a fast rack focus between laughing faces and the frozen man; background: chai-shop sign, small kids watching)»
[23:21:34] DEBUG    🖱️  Scroll up 136px
[23:21:35] DEBUG    🕐 Human delay 1.6s before typing prompt
[23:21:37] DEBUG    🖱️  Mouse jiggle → (475, 510)
[23:21:42] DEBUG    Strategy 'textarea' failed: Locator.wait_for: Timeout 5000ms exceeded.
Call log:
  - waiting for locator("textarea").first

[23:21:43] INFO     ✏️  Entered via ProseMirror.
[23:21:44] DEBUG    ✅ 'prompt in DOM' met on attempt 1/8
[23:21:44] INFO     ✅ STAGE 5 PASSED: Prompt confirmed in DOM.
[23:21:44] INFO     STAGE 6: Submitting generation request
[23:21:44] DEBUG    🕐 Human delay 1.4s before pressing Enter
[23:21:52] INFO     📸 Screenshot → /home/sonupandit/Documents/ai-vide-api/twitter-automation/06_after_submit.png
[23:21:52] INFO     ✅ STAGE 6 PASSED: Generation request submitted.
[23:21:52] INFO     ⏳ Waiting for generation to complete (looking for 'Make video' or video element) …
[23:21:52] INFO        ⏳ Still generating … 0s
[23:22:07] INFO        ⏳ Still generating … 15s
[23:22:22] INFO        ⏳ Still generating … 30s
[23:22:37] INFO        ⏳ Still generating … 45s
[23:22:52] INFO        ⏳ Still generating … 60s
[23:23:07] INFO        ⏳ Still generating … 75s
[23:23:16] INFO     ✅ Video element found after 84s — video generated directly.
[23:23:17] INFO     📸 Screenshot → /home/sonupandit/Documents/ai-vide-api/twitter-automation/06_video_direct.png
[23:23:17] INFO     STAGE 7: Clicking 'Make video' button
[23:23:17] WARNING  ⚠️  'Make video' button not visible — maybe video was generated directly.
[23:23:17] INFO     STAGE 8: Downloading generated video
[23:23:17] INFO        Trying Strategy 1: Extract video src URL …
[23:23:17] INFO     🔗 Video URL found: https://assets.grok.com/users/8dbf2400-2043-4217-8f1b-f55601499675/generated/37dc1106-ba42-464f-bdaa-25e4e7e72ae6/genera…
[23:23:17] INFO     ⬇️  Downloading video to /home/sonupandit/Documents/ai-vide-api/twitter-automation/videos/module_3.mp4 …
[23:23:17] WARNING  ⚠️  Direct download failed: HTTP Error 403: Forbidden — trying Strategy 2.
[23:23:17] INFO        Trying Strategy 2: Click download button …
[23:23:17] INFO        Found download element: button[aria-label*="ownload"]
[23:23:17] INFO     ⬇️  Attempt 1/3 …
[23:23:19] INFO     ✅ STAGE 8 PASSED (Strategy 2): /home/sonupandit/Documents/ai-vide-api/twitter-automation/videos/module_3.mp4 (3.88 MB)
[23:23:19] INFO     📸 Screenshot → /home/sonupandit/Documents/ai-vide-api/twitter-automation/08_download_success.png
[23:23:19] INFO     🎉 SUCCESS!
[23:23:19] INFO     =======================================================
[23:23:19] INFO     🎬 Grok Video Generation - New Video
[23:23:19] INFO        Prompt   : (9:16 vertical; montage: happy mohalla crowd cheering, bhaiya serving in a cardboard cone, kids doing thumbs-up; quick close-up on cone showing puffed rice + achar mix; overlay of a small text-style visual reminder (desi poster look) reading safety tip; always use the same face/clothes from image URL for bhaiya shots; lighting bright warm celebratory; camera does a 180° pan revealing long line)
[23:23:19] INFO        Output   : /home/sonupandit/Documents/ai-vide-api/twitter-automation/videos/module_4.mp4
[23:23:19] INFO     =======================================================
[23:23:19] INFO     STAGE 5: Entering prompt
[23:23:19] INFO     📝 «(9:16 vertical; montage: happy mohalla crowd cheering, bhaiya serving in a cardboard cone, kids doing thumbs-up; quick close-up on cone showing puffed rice + achar mix; overlay of a small text-style visual reminder (desi poster look) reading safety tip; always use the same face/clothes from image URL for bhaiya shots; lighting bright warm celebratory; camera does a 180° pan revealing long line)»
[23:23:19] DEBUG    🖱️  Scroll down 181px
[23:23:20] DEBUG    🕐 Human delay 2.3s before typing prompt
[23:23:22] DEBUG    🖱️  Mouse jiggle → (997, 183)
[23:23:28] DEBUG    Strategy 'textarea' failed: Locator.wait_for: Timeout 5000ms exceeded.
Call log:
  - waiting for locator("textarea").first

[23:23:29] INFO     ✏️  Entered via ProseMirror.
[23:23:30] DEBUG    ✅ 'prompt in DOM' met on attempt 1/8
[23:23:30] INFO     ✅ STAGE 5 PASSED: Prompt confirmed in DOM.
[23:23:30] INFO     STAGE 6: Submitting generation request
[23:23:30] DEBUG    🕐 Human delay 0.6s before pressing Enter
[23:23:35] INFO     📸 Screenshot → /home/sonupandit/Documents/ai-vide-api/twitter-automation/06_after_submit.png
[23:23:35] INFO     ✅ STAGE 6 PASSED: Generation request submitted.
[23:23:35] INFO     ⏳ Waiting for generation to complete (looking for 'Make video' or video element) …
[23:23:35] INFO        ⏳ Still generating … 0s
[23:23:50] INFO        ⏳ Still generating … 15s
[23:24:05] INFO        ⏳ Still generating … 30s
