[23:27:58] INFO     📋 Full debug log → automation_20260305_232758.log
[23:27:58] INFO     =======================================================
[23:27:58] INFO     🚀 Grok Video Generation Automation - Starting Session
[23:27:58] INFO        Image    : /home/sonupandit/Documents/ai-vide-api/twitter-automation/default.png
[23:27:58] INFO     =======================================================
[23:27:58] INFO     STAGE 1: Launching Chrome
[23:27:59] INFO     ✅ STAGE 1 PASSED: Chrome launched.
[23:27:59] INFO     STAGE 2: Navigating to Grok
[23:28:00] INFO     ⏳ Waiting 8.4s for UI to settle …
[23:28:10] DEBUG    🖱️  Scroll up 206px
[23:28:12] DEBUG    🖱️  Mouse jiggle → (511, 209)
[23:28:12] INFO     ✅ STAGE 2 PASSED: Page loaded.
[23:28:12] DEBUG    🕐 Human delay 1.4s post-navigation
[23:28:14] INFO     STAGE 3: Ensuring Video mode is selected
[23:28:14] DEBUG    🕐 Human delay 1.3s before checking mode
[23:28:15] INFO        Current mode button text: 'Video'
[23:28:15] INFO     ✅ STAGE 3 PASSED: Already in Video mode.
[23:28:15] INFO     STAGE 4: Uploading image
[23:28:15] INFO     🖼️  Image: /home/sonupandit/Documents/ai-vide-api/twitter-automation/default.png (7.52 MB)
[23:28:15] INFO     📤 File set on input.
[23:28:15] DEBUG    🕐 Human delay 1.9s after file select
[23:28:17] DEBUG    ✅ 'upload visible' met on attempt 1/20
[23:28:17] INFO     ✅ STAGE 4 PASSED: Image visible in UI.
[23:28:17] INFO     ⏳ Waiting 60s for Grok to process image …
[23:28:27] INFO        … 50s remaining
[23:28:37] INFO        … 40s remaining
[23:28:47] INFO        … 30s remaining
[23:28:57] INFO        … 20s remaining
[23:29:07] INFO        … 10s remaining
[23:29:17] INFO     =======================================================
[23:29:17] INFO     🎬 Grok Video Generation - New Video
[23:29:17] INFO        Prompt   : {"shots": [{"shot_number": 1, "duration": "4s", "description": "Wide cinematic view of Chowpatty beach at sunset with waves touching the sand and people walking along the coastline.", "camera_movement_lighting": "Slow aerial glide toward the shoreline with warm golden sunset lighting.", "audio_cue": "Ocean waves and distant crowd ambience.", "voiceover_narration": "बहुत साल पहले मुंबई के चौपाटी समुद्र किनारे एक छोटा सा ठेला लगता था।", "voice_style": "dramatic storytelling tone"}, {"shot_number": 2, "duration": "3s", "description": "Street vendor standing beside a small wooden cart filled with puffed rice containers.", "camera_movement_lighting": "Slow push-in toward the vendor with warm evening light.", "audio_cue": "Soft sea breeze and distant chatter.", "voiceover_narration": "उस ठेले पर रामू नाम का आदमी बस मुरमुरा बेचता था,", "voice_style": "calm storytelling tone"}, {"shot_number": 3, "duration": "3s", "description": "People walking past the cart while enjoying the beach atmosphere.", "camera_movement_lighting": "Side tracking shot with warm sunset lighting.", "audio_cue": "Footsteps on sand and ocean waves.", "voiceover_narration": "और लोग समुद्र की हवा खाते हुए उसके पास से गुजर जाते थे।", "voice_style": "neutral storytelling tone"}]}
[23:29:17] INFO        Output   : /home/sonupandit/Documents/ai-vide-api/twitter-automation/videos/module_1.mp4
[23:29:17] INFO     =======================================================
[23:29:17] INFO     STAGE 5: Entering prompt
[23:29:17] INFO     📝 «{"shots": [{"shot_number": 1, "duration": "4s", "description": "Wide cinematic view of Chowpatty beach at sunset with waves touching the sand and people walking along the coastline.", "camera_movement_lighting": "Slow aerial glide toward the shoreline with warm golden sunset lighting.", "audio_cue": "Ocean waves and distant crowd ambience.", "voiceover_narration": "बहुत साल पहले मुंबई के चौपाटी समुद्र किनारे एक छोटा सा ठेला लगता था।", "voice_style": "dramatic storytelling tone"}, {"shot_number": 2, "duration": "3s", "description": "Street vendor standing beside a small wooden cart filled with puffed rice containers.", "camera_movement_lighting": "Slow push-in toward the vendor with warm evening light.", "audio_cue": "Soft sea breeze and distant chatter.", "voiceover_narration": "उस ठेले पर रामू नाम का आदमी बस मुरमुरा बेचता था,", "voice_style": "calm storytelling tone"}, {"shot_number": 3, "duration": "3s", "description": "People walking past the cart while enjoying the beach atmosphere.", "camera_movement_lighting": "Side tracking shot with warm sunset lighting.", "audio_cue": "Footsteps on sand and ocean waves.", "voiceover_narration": "और लोग समुद्र की हवा खाते हुए उसके पास से गुजर जाते थे।", "voice_style": "neutral storytelling tone"}]}»
[23:29:17] DEBUG    🖱️  Scroll up 217px
[23:29:18] DEBUG    🕐 Human delay 1.2s before typing prompt
[23:29:19] DEBUG    🖱️  Mouse jiggle → (446, 376)
[23:29:24] DEBUG    Strategy 'textarea' failed: Locator.wait_for: Timeout 5000ms exceeded.
Call log:
  - waiting for locator("textarea").first

[23:29:26] INFO     ✏️  Entered via ProseMirror.
[23:29:27] DEBUG    ✅ 'prompt in DOM' met on attempt 1/8
[23:29:27] INFO     ✅ STAGE 5 PASSED: Prompt confirmed in DOM.
[23:29:27] INFO     STAGE 6: Submitting generation request
[23:29:27] DEBUG    🕐 Human delay 1.0s before pressing Enter
[23:29:33] INFO     📸 Screenshot → /home/sonupandit/Documents/ai-vide-api/twitter-automation/06_after_submit.png
[23:29:33] INFO     ✅ STAGE 6 PASSED: Generation request submitted.
[23:29:33] INFO     ⏳ Waiting for generation to complete (looking for 'Make video' or video element) …
[23:29:33] INFO        ⏳ Still generating … 0s
[23:29:36] INFO     ✅ 'Make video' button found after 3s — images generated.
[23:29:37] INFO     📸 Screenshot → /home/sonupandit/Documents/ai-vide-api/twitter-automation/06_images_done.png
[23:29:37] INFO     STAGE 7: Clicking 'Make video' button
[23:29:37] DEBUG    🕐 Human delay 2.1s before clicking Make video
[23:29:39] DEBUG    🖱️  Mouse jiggle → (279, 361)
[23:29:39] INFO     🎬 Clicked 'Make video'!
[23:29:44] INFO     📸 Screenshot → /home/sonupandit/Documents/ai-vide-api/twitter-automation/07_make_video_clicked.png
[23:29:44] INFO     ⏳ Waiting for video generation (up to 600s) …
[23:29:44] INFO        ⏳ Video generating … 0s
[23:29:59] INFO        ⏳ Video generating … 15s
[23:30:14] INFO        ⏳ Video generating … 30s
[23:30:29] INFO        ⏳ Video generating … 45s
[23:30:44] INFO        ⏳ Video generating … 60s
[23:31:00] INFO        ⏳ Video generating … 75s
[23:31:15] INFO        ⏳ Video generating … 90s
[23:31:30] INFO        ⏳ Video generating … 105s
[23:31:45] INFO        ⏳ Video generating … 120s
[23:32:00] INFO        ⏳ Video generating … 135s
[23:32:15] INFO        ⏳ Video generating … 150s
[23:32:30] INFO        ⏳ Video generating … 165s
[23:32:45] INFO        ⏳ Video generating … 180s
[23:33:00] INFO        ⏳ Video generating … 195s
[23:33:15] INFO        ⏳ Video generating … 210s
[23:33:30] INFO        ⏳ Video generating … 225s
