[17:09:26] INFO     📋 Full debug log → automation_20260314_170926.log
[17:09:26] INFO     =======================================================
[17:09:26] INFO     🚀 Grok Video Generation Automation - Starting Session
[17:09:26] INFO        Image    : None
[17:09:26] INFO     =======================================================
[17:09:26] INFO     STAGE 1: Launching Chrome
[17:09:26] INFO     ✅ STAGE 1 PASSED: Chrome launched.
[17:09:26] INFO     STAGE 2: Navigating to Grok
[17:09:27] INFO     ⏳ Waiting 8.4s for UI to settle …
[17:09:36] DEBUG    🖱️  Scroll down 329px
[17:09:37] DEBUG    🖱️  Mouse jiggle → (651, 318)
[17:09:37] INFO     ✅ STAGE 2 PASSED: Page loaded.
[17:09:37] DEBUG    🕐 Human delay 2.4s post-navigation
[17:09:39] INFO     =======================================================
[17:09:39] INFO     👋 Closing Grok session
[17:09:39] INFO     =======================================================
[17:13:29] INFO     =======================================================
[17:13:29] INFO     🚀 Grok Video Generation Automation - Starting Session
[17:13:29] INFO        Image    : None
[17:13:29] INFO     =======================================================
[17:13:29] INFO     STAGE 1: Launching Chrome
[17:13:29] INFO     ✅ STAGE 1 PASSED: Chrome launched.
[17:13:29] INFO     STAGE 2: Navigating to Grok
[17:13:30] INFO     ⏳ Waiting 7.3s for UI to settle …
[17:13:38] DEBUG    🖱️  Scroll up 194px
[17:13:39] DEBUG    🖱️  Mouse jiggle → (976, 424)
[17:13:39] INFO     ✅ STAGE 2 PASSED: Page loaded.
[17:13:39] DEBUG    🕐 Human delay 1.4s post-navigation
[17:13:41] INFO     STAGE 3: Ensuring Video mode is selected
[17:13:41] DEBUG    🕐 Human delay 0.8s before checking mode
[17:13:41] WARNING  ⚠️  Settings button not found — trying to continue anyway.
[17:13:42] INFO     📸 Screenshot → /home/sonupandit/Documents/ai-vide-api/twitter-automation/03_no_settings_btn.png
[17:13:42] INFO     =======================================================
[17:13:42] INFO     🎬 Grok Video Generation - New Video
[17:13:42] INFO        Prompt   : IMAGE CONTEXT:
early 1900s laboratory interior, scientist working on strange machine, sepia vintage

VIDEO INSTRUCTIONS:
Talking character delivering dialogue on camera with synchronized lip movement. The dialogue being spoken is: 'मैं निकोला टेस्ला हूँ... एक ऐसी खोज पर काम कर रहा हूँ जो दुनिया बदल देगी।'. Ensure lip movements and pacing synchronize precisely with this dialogue over 10 seconds. Environment: A dimly lit, cluttered laboratory in the early 1900s with sparking machines and scattered papers. Character: Nikola Tesla, a middle-aged man with intense eyes, wearing a dark suit and messy hair. Action: Standing beside a large, mysterious machine, gesturing with excitement. Movement: Subtle hand movements as he speaks. Camera: Slow zoom-in on Tesla’s face.
[17:13:42] INFO        Output   : /home/sonupandit/Documents/ai-vide-api/twitter-automation/videos/module_1.mp4
[17:13:42] INFO     =======================================================
[17:13:42] INFO     STAGE 5: Entering prompt
[17:13:42] INFO     📝 «IMAGE CONTEXT:
early 1900s laboratory interior, scientist working on strange machine, sepia vintage

VIDEO INSTRUCTIONS:
Talking character delivering dialogue on camera with synchronized lip movement. The dialogue being spoken is: 'मैं निकोला टेस्ला हूँ... एक ऐसी खोज पर काम कर रहा हूँ जो दुनिया बदल देगी।'. Ensure lip movements and pacing synchronize precisely with this dialogue over 10 seconds. Environment: A dimly lit, cluttered laboratory in the early 1900s with sparking machines and scattered papers. Character: Nikola Tesla, a middle-aged man with intense eyes, wearing a dark suit and messy hair. Action: Standing beside a large, mysterious machine, gesturing with excitement. Movement: Subtle hand movements as he speaks. Camera: Slow zoom-in on Tesla’s face.»
[17:13:42] DEBUG    🖱️  Scroll up 202px
[17:13:42] DEBUG    🕐 Human delay 2.5s before typing prompt
[17:13:45] DEBUG    🖱️  Mouse jiggle → (210, 498)
[17:13:50] DEBUG    Strategy 'textarea' failed: Locator.wait_for: Timeout 5000ms exceeded.
Call log:
  - waiting for locator("textarea").first

[17:13:51] INFO     ✏️  Entered via ProseMirror.
[17:13:52] DEBUG    ✅ 'prompt in DOM' met on attempt 1/8
[17:13:52] INFO     ✅ STAGE 5 PASSED: Prompt confirmed in DOM.
[17:13:52] INFO     STAGE 6: Submitting generation request
[17:13:52] DEBUG    🕐 Human delay 0.7s before pressing Enter
[17:14:00] INFO     📸 Screenshot → /home/sonupandit/Documents/ai-vide-api/twitter-automation/06_after_submit.png
[17:14:00] INFO     ✅ STAGE 6 PASSED: Generation request submitted.
[17:14:00] INFO     ⏳ Waiting for generation to complete (looking for 'Make video' or video element) …
[17:14:00] INFO        ⏳ Still generating … 0s
[17:14:15] INFO        ⏳ Still generating … 15s
[17:14:30] INFO        ⏳ Still generating … 30s
[17:14:45] INFO        ⏳ Still generating … 45s
[17:15:00] INFO        ⏳ Still generating … 60s
[17:15:09] INFO     ✅ Video element found after 69s — video generated directly.
[17:15:09] INFO     📸 Screenshot → /home/sonupandit/Documents/ai-vide-api/twitter-automation/06_video_direct.png
[17:15:09] INFO     STAGE 7: Clicking 'Make video' button
[17:15:09] WARNING  ⚠️  'Make video' button not visible — maybe video was generated directly.
[17:15:09] INFO     STAGE 8: Downloading generated video
[17:15:09] INFO        Trying Strategy 1: Extract video src URL …
[17:15:09] INFO     🔗 Video URL found: https://assets.grok.com/users/8dbf2400-2043-4217-8f1b-f55601499675/generated/05bef1cd-acc5-4f00-9448-75c9ee902e8f/genera…
[17:15:09] INFO     ⬇️  Downloading video to /home/sonupandit/Documents/ai-vide-api/twitter-automation/videos/module_1.mp4 …
[17:15:09] WARNING  ⚠️  Direct download failed: HTTP Error 403: Forbidden — trying Strategy 2.
[17:15:09] INFO        Trying Strategy 2: Click download button …
[17:15:09] INFO        Found download element: button[aria-label*="ownload"]
[17:15:09] INFO     ⬇️  Attempt 1/3 …
[17:15:11] INFO     ✅ STAGE 8 PASSED (Strategy 2): /home/sonupandit/Documents/ai-vide-api/twitter-automation/videos/module_1.mp4 (1.46 MB)
[17:15:12] INFO     📸 Screenshot → /home/sonupandit/Documents/ai-vide-api/twitter-automation/08_download_success.png
[17:15:12] INFO     🎉 SUCCESS!
[17:15:12] INFO     STAGE 3: Ensuring Video mode is selected
[17:15:12] DEBUG    🕐 Human delay 1.1s before checking mode
[17:15:13] INFO        Current mode button text: ''
[17:15:13] INFO        Switching to Video mode …
[17:15:15] INFO     📸 Screenshot → /home/sonupandit/Documents/ai-vide-api/twitter-automation/03_settings_dropdown.png
[17:15:45] WARNING  ⚠️  STAGE 3 WARNING: Video option not found in dropdown.
[17:15:45] INFO     STAGE 4: Uploading image
[17:15:45] INFO     🖼️  Image: /home/sonupandit/Documents/ai-vide-api/twitter-automation/videos/module_2_start_frame.jpg (0.06 MB)
[17:15:45] INFO     📤 File set on input.
[17:15:45] DEBUG    🕐 Human delay 3.0s after file select
[17:15:48] DEBUG    ✅ 'upload visible' met on attempt 1/20
[17:15:48] INFO     ✅ STAGE 4 PASSED: Image visible in UI.
[17:15:48] INFO     ⏳ Waiting 60s for Grok to process image …
[17:15:58] INFO        … 50s remaining
[17:16:08] INFO        … 40s remaining
[17:16:18] INFO        … 30s remaining
[17:16:28] INFO        … 20s remaining
[17:16:38] INFO        … 10s remaining
[17:16:48] INFO     =======================================================
[17:16:48] INFO     🎬 Grok Video Generation - New Video
[17:16:48] INFO        Prompt   : Talking character delivering dialogue on camera with synchronized lip movement. The dialogue being spoken is: 'मेरी वायरलेस ऊर्जा... ये पूरी दुनिया को मुफ्त बिजली देगी!'. Ensure lip movements and pacing synchronize precisely with this dialogue over 10 seconds. Environment: The same lab, now with a glowing device emitting faint blue light, casting eerie shadows. Character: Tesla, now looking determined, with a slight smirk. Action: Adjusting dials on the glowing machine. Movement: Hands turning knobs slowly. Camera: Static wide shot focusing on Tesla and the machine.
[17:16:48] INFO        Output   : /home/sonupandit/Documents/ai-vide-api/twitter-automation/videos/module_2.mp4
[17:16:48] INFO     =======================================================
[17:16:48] INFO     STAGE 5: Entering prompt
[17:16:48] INFO     📝 «Talking character delivering dialogue on camera with synchronized lip movement. The dialogue being spoken is: 'मेरी वायरलेस ऊर्जा... ये पूरी दुनिया को मुफ्त बिजली देगी!'. Ensure lip movements and pacing synchronize precisely with this dialogue over 10 seconds. Environment: The same lab, now with a glowing device emitting faint blue light, casting eerie shadows. Character: Tesla, now looking determined, with a slight smirk. Action: Adjusting dials on the glowing machine. Movement: Hands turning knobs slowly. Camera: Static wide shot focusing on Tesla and the machine.»
[17:16:48] DEBUG    🖱️  Scroll up 328px
[17:16:49] DEBUG    🕐 Human delay 1.0s before typing prompt
[17:16:50] DEBUG    🖱️  Mouse jiggle → (359, 150)
[17:16:55] DEBUG    Strategy 'textarea' failed: Locator.wait_for: Timeout 5000ms exceeded.
Call log:
  - waiting for locator("textarea").first

[17:16:56] INFO     ✏️  Entered via ProseMirror.
[17:16:57] DEBUG    ✅ 'prompt in DOM' met on attempt 1/8
[17:16:57] INFO     ✅ STAGE 5 PASSED: Prompt confirmed in DOM.
[17:16:57] INFO     STAGE 6: Submitting generation request
[17:16:57] DEBUG    🕐 Human delay 1.4s before pressing Enter
[17:17:03] INFO     📸 Screenshot → /home/sonupandit/Documents/ai-vide-api/twitter-automation/06_after_submit.png
[17:17:03] INFO     ✅ STAGE 6 PASSED: Generation request submitted.
[17:17:03] INFO     ⏳ Waiting for generation to complete (looking for 'Make video' or video element) …
[17:17:03] INFO        ⏳ Still generating … 0s
[17:17:18] INFO        ⏳ Still generating … 15s
[17:17:33] INFO        ⏳ Still generating … 30s
[17:17:48] INFO        ⏳ Still generating … 45s
[17:18:03] INFO        ⏳ Still generating … 60s
[17:18:19] INFO        ⏳ Still generating … 75s
[17:18:31] INFO     ✅ Video element found after 87s — video generated directly.
[17:18:31] INFO     📸 Screenshot → /home/sonupandit/Documents/ai-vide-api/twitter-automation/06_video_direct.png
[17:18:31] INFO     STAGE 7: Clicking 'Make video' button
[17:18:31] WARNING  ⚠️  'Make video' button not visible — maybe video was generated directly.
[17:18:31] INFO     STAGE 8: Downloading generated video
[17:18:31] INFO        Trying Strategy 1: Extract video src URL …
[17:18:31] INFO     🔗 Video URL found: https://assets.grok.com/users/8dbf2400-2043-4217-8f1b-f55601499675/generated/f50a5803-928a-40f8-97df-6f2ca347aa71/genera…
[17:18:31] INFO     ⬇️  Downloading video to /home/sonupandit/Documents/ai-vide-api/twitter-automation/videos/module_2.mp4 …
[17:18:31] WARNING  ⚠️  Direct download failed: HTTP Error 403: Forbidden — trying Strategy 2.
[17:18:31] INFO        Trying Strategy 2: Click download button …
[17:18:31] INFO        Found download element: button[aria-label*="ownload"]
[17:18:31] INFO     ⬇️  Attempt 1/3 …
[17:19:01] WARNING  Click attempt failed: Locator.click: Timeout 30000ms exceeded.
Call log:
  - waiting for locator("button[aria-label*=\"ownload\"]").first
    - locator resolved to <button type="button" data-state="closed" aria-label="Download" class="inline-flex items-center justify-center gap-2 whitespace-nowrap text-sm font-medium leading-[normal] cursor-pointer focus-visible:outline-none focus-visible:ring-1 focus-visible:ring-ring disabled:opacity-60 disabled:cursor-not-allowed transition-colors duration-100 [&_svg]:shrink-0 select-none hover:text-fg-primary disabled:hover:bg-transparent border border-transparent rounded-full overflow-hidden h-10 w-10 p-2 bg-surface-l2 text…>…</button>
  - attempting click action
    2 × waiting for element to be visible, enabled and stable
      - element is visible, enabled and stable
      - scrolling into view if needed
      - done scrolling
      - <div class="flex items-center p-2 gap-2 border-b border-border-l1">…</div> from <div class="absolute left-0 bottom-0 w-full px-3 pb-6 pointer-events-none z-10">…</div> subtree intercepts pointer events
    - retrying click action
    - waiting 20ms
    2 × waiting for element to be visible, enabled and stable
      - element is visible, enabled and stable
      - scrolling into view if needed
      - done scrolling
      - <div class="flex items-center p-2 gap-2 border-b border-border-l1">…</div> from <div class="absolute left-0 bottom-0 w-full px-3 pb-6 pointer-events-none z-10">…</div> subtree intercepts pointer events
    - retrying click action
      - waiting 100ms
    58 × waiting for element to be visible, enabled and stable
       - element is visible, enabled and stable
       - scrolling into view if needed
       - done scrolling
       - <div class="flex items-center p-2 gap-2 border-b border-border-l1">…</div> from <div class="absolute left-0 bottom-0 w-full px-3 pb-6 pointer-events-none z-10">…</div> subtree intercepts pointer events
     - retrying click action
       - waiting 500ms

[17:19:03] INFO     ✅ STAGE 8 PASSED (Strategy 2): /home/sonupandit/Documents/ai-vide-api/twitter-automation/videos/module_2.mp4 (1.46 MB)
[17:19:03] INFO     📸 Screenshot → /home/sonupandit/Documents/ai-vide-api/twitter-automation/08_download_success.png
[17:19:03] INFO     🎉 SUCCESS!
[17:19:03] INFO     STAGE 3: Ensuring Video mode is selected
[17:19:03] DEBUG    🕐 Human delay 0.9s before checking mode
[17:19:04] INFO        Current mode button text: ''
[17:19:04] INFO        Switching to Video mode …
[17:19:06] INFO     📸 Screenshot → /home/sonupandit/Documents/ai-vide-api/twitter-automation/03_settings_dropdown.png
[17:19:36] WARNING  ⚠️  STAGE 3 WARNING: Video option not found in dropdown.
[17:19:36] INFO     STAGE 4: Uploading image
[17:19:36] INFO     🖼️  Image: /home/sonupandit/Documents/ai-vide-api/twitter-automation/videos/module_3_start_frame.jpg (0.09 MB)
[17:19:37] INFO     📤 File set on input.
[17:19:37] DEBUG    🕐 Human delay 2.7s after file select
[17:19:39] DEBUG    ✅ 'upload visible' met on attempt 1/20
[17:19:39] INFO     ✅ STAGE 4 PASSED: Image visible in UI.
[17:19:39] INFO     ⏳ Waiting 60s for Grok to process image …
[17:19:49] INFO        … 50s remaining
[17:19:59] INFO        … 40s remaining
[17:20:09] INFO        … 30s remaining
[17:20:19] INFO        … 20s remaining
[17:20:29] INFO        … 10s remaining
[17:20:39] INFO     =======================================================
[17:20:39] INFO     🎬 Grok Video Generation - New Video
[17:20:39] INFO        Prompt   : Talking character delivering dialogue on camera with synchronized lip movement. The dialogue being spoken is: 'लेकिन... अरे ये क्या? मशीन तो पागल हो गई!'. Ensure lip movements and pacing synchronize precisely with this dialogue over 10 seconds. Environment: The lab, now chaotic with the machine sparking uncontrollably and smoke rising. Character: Tesla, looking shocked and frustrated. Action: Stepping back from the machine in alarm. Movement: Quick backward step with wide eyes. Camera: Fast pan from machine to Tesla’s face.
[17:20:39] INFO        Output   : /home/sonupandit/Documents/ai-vide-api/twitter-automation/videos/module_3.mp4
[17:20:39] INFO     =======================================================
[17:20:39] INFO     STAGE 5: Entering prompt
[17:20:39] INFO     📝 «Talking character delivering dialogue on camera with synchronized lip movement. The dialogue being spoken is: 'लेकिन... अरे ये क्या? मशीन तो पागल हो गई!'. Ensure lip movements and pacing synchronize precisely with this dialogue over 10 seconds. Environment: The lab, now chaotic with the machine sparking uncontrollably and smoke rising. Character: Tesla, looking shocked and frustrated. Action: Stepping back from the machine in alarm. Movement: Quick backward step with wide eyes. Camera: Fast pan from machine to Tesla’s face.»
[17:20:39] DEBUG    🖱️  Scroll up 270px
[17:20:40] DEBUG    🕐 Human delay 2.1s before typing prompt
[17:20:42] DEBUG    🖱️  Mouse jiggle → (341, 472)
[17:20:48] DEBUG    Strategy 'textarea' failed: Locator.wait_for: Timeout 5000ms exceeded.
Call log:
  - waiting for locator("textarea").first

[17:20:49] INFO     ✏️  Entered via ProseMirror.
[17:20:50] DEBUG    ✅ 'prompt in DOM' met on attempt 1/8
[17:20:50] INFO     ✅ STAGE 5 PASSED: Prompt confirmed in DOM.
[17:20:50] INFO     STAGE 6: Submitting generation request
[17:20:50] DEBUG    🕐 Human delay 0.7s before pressing Enter
[17:20:57] INFO     📸 Screenshot → /home/sonupandit/Documents/ai-vide-api/twitter-automation/06_after_submit.png
[17:20:57] INFO     ✅ STAGE 6 PASSED: Generation request submitted.
[17:20:57] INFO     ⏳ Waiting for generation to complete (looking for 'Make video' or video element) …
[17:20:57] INFO        ⏳ Still generating … 0s
[17:21:12] INFO        ⏳ Still generating … 15s
[17:21:27] INFO        ⏳ Still generating … 30s
[17:21:42] INFO        ⏳ Still generating … 45s
[17:21:57] INFO        ⏳ Still generating … 60s
[17:22:12] INFO        ⏳ Still generating … 75s
[17:22:24] INFO     ✅ Video element found after 87s — video generated directly.
[17:22:24] INFO     📸 Screenshot → /home/sonupandit/Documents/ai-vide-api/twitter-automation/06_video_direct.png
[17:22:24] INFO     STAGE 7: Clicking 'Make video' button
[17:22:24] WARNING  ⚠️  'Make video' button not visible — maybe video was generated directly.
[17:22:24] INFO     STAGE 8: Downloading generated video
[17:22:24] INFO        Trying Strategy 1: Extract video src URL …
[17:22:24] INFO     🔗 Video URL found: https://assets.grok.com/users/8dbf2400-2043-4217-8f1b-f55601499675/generated/907abfe9-d132-4d2f-a08e-5bdd17eafb25/genera…
[17:22:24] INFO     ⬇️  Downloading video to /home/sonupandit/Documents/ai-vide-api/twitter-automation/videos/module_3.mp4 …
[17:22:24] WARNING  ⚠️  Direct download failed: HTTP Error 403: Forbidden — trying Strategy 2.
[17:22:24] INFO        Trying Strategy 2: Click download button …
[17:22:24] INFO        Found download element: button[aria-label*="ownload"]
[17:22:24] INFO     ⬇️  Attempt 1/3 …
[17:22:28] INFO     ✅ STAGE 8 PASSED (Strategy 2): /home/sonupandit/Documents/ai-vide-api/twitter-automation/videos/module_3.mp4 (3.86 MB)
[17:22:28] INFO     📸 Screenshot → /home/sonupandit/Documents/ai-vide-api/twitter-automation/08_download_success.png
[17:22:28] INFO     🎉 SUCCESS!
[17:22:28] INFO     STAGE 3: Ensuring Video mode is selected
[17:22:28] DEBUG    🕐 Human delay 0.7s before checking mode
[17:22:29] INFO        Current mode button text: ''
[17:22:29] INFO        Switching to Video mode …
[17:22:31] INFO     📸 Screenshot → /home/sonupandit/Documents/ai-vide-api/twitter-automation/03_settings_dropdown.png
[17:23:01] WARNING  ⚠️  STAGE 3 WARNING: Video option not found in dropdown.
[17:23:01] INFO     STAGE 4: Uploading image
[17:23:01] INFO     🖼️  Image: /home/sonupandit/Documents/ai-vide-api/twitter-automation/videos/module_4_start_frame.jpg (0.07 MB)
[17:23:01] INFO     📤 File set on input.
[17:23:01] DEBUG    🕐 Human delay 2.0s after file select
[17:23:03] DEBUG    ✅ 'upload visible' met on attempt 1/20
[17:23:03] INFO     ✅ STAGE 4 PASSED: Image visible in UI.
[17:23:03] INFO     ⏳ Waiting 60s for Grok to process image …
[17:23:13] INFO        … 50s remaining
[17:23:23] INFO        … 40s remaining
[17:23:33] INFO        … 30s remaining
[17:23:43] INFO        … 20s remaining
[17:23:53] INFO        … 10s remaining
[17:24:03] INFO     =======================================================
[17:24:03] INFO     🎬 Grok Video Generation - New Video
[17:24:03] INFO        Prompt   : Talking character delivering dialogue on camera with synchronized lip movement. The dialogue being spoken is: 'साला, सारी मेहनत बेकार... ये खोज तो फेल हो गई!'. Ensure lip movements and pacing synchronize precisely with this dialogue over 10 seconds. Environment: The lab in ruins, with broken machine parts scattered around. Character: Tesla, looking defeated, wiping sweat off his brow. Action: Sitting down on a chair, head in hands. Movement: Slow slump into the chair. Camera: Slow tilt down to capture his despair.
[17:24:03] INFO        Output   : /home/sonupandit/Documents/ai-vide-api/twitter-automation/videos/module_4.mp4
[17:24:03] INFO     =======================================================
[17:24:03] INFO     STAGE 5: Entering prompt
[17:24:03] INFO     📝 «Talking character delivering dialogue on camera with synchronized lip movement. The dialogue being spoken is: 'साला, सारी मेहनत बेकार... ये खोज तो फेल हो गई!'. Ensure lip movements and pacing synchronize precisely with this dialogue over 10 seconds. Environment: The lab in ruins, with broken machine parts scattered around. Character: Tesla, looking defeated, wiping sweat off his brow. Action: Sitting down on a chair, head in hands. Movement: Slow slump into the chair. Camera: Slow tilt down to capture his despair.»
[17:24:03] DEBUG    🖱️  Scroll down 228px
[17:24:03] DEBUG    🕐 Human delay 2.1s before typing prompt
[17:24:06] DEBUG    🖱️  Mouse jiggle → (287, 232)
[17:24:11] DEBUG    Strategy 'textarea' failed: Locator.wait_for: Timeout 5000ms exceeded.
Call log:
  - waiting for locator("textarea").first

[17:24:12] INFO     ✏️  Entered via ProseMirror.
[17:24:13] DEBUG    ✅ 'prompt in DOM' met on attempt 1/8
[17:24:13] INFO     ✅ STAGE 5 PASSED: Prompt confirmed in DOM.
[17:24:13] INFO     STAGE 6: Submitting generation request
[17:24:13] DEBUG    🕐 Human delay 0.5s before pressing Enter
[17:24:20] INFO     📸 Screenshot → /home/sonupandit/Documents/ai-vide-api/twitter-automation/06_after_submit.png
[17:24:20] INFO     ✅ STAGE 6 PASSED: Generation request submitted.
[17:24:20] INFO     ⏳ Waiting for generation to complete (looking for 'Make video' or video element) …
[17:24:20] INFO        ⏳ Still generating … 0s
[17:24:35] INFO        ⏳ Still generating … 15s
[17:24:50] INFO        ⏳ Still generating … 30s
[17:25:05] INFO        ⏳ Still generating … 45s
[17:25:20] INFO        ⏳ Still generating … 60s
[17:25:32] INFO     ✅ Video element found after 72s — video generated directly.
[17:25:32] INFO     📸 Screenshot → /home/sonupandit/Documents/ai-vide-api/twitter-automation/06_video_direct.png
[17:25:32] INFO     STAGE 7: Clicking 'Make video' button
[17:25:32] WARNING  ⚠️  'Make video' button not visible — maybe video was generated directly.
[17:25:32] INFO     STAGE 8: Downloading generated video
[17:25:32] INFO        Trying Strategy 1: Extract video src URL …
[17:25:32] INFO     🔗 Video URL found: https://assets.grok.com/users/8dbf2400-2043-4217-8f1b-f55601499675/generated/08ddf478-111d-4ada-a49d-f80b7f9abf5c/genera…
[17:25:32] INFO     ⬇️  Downloading video to /home/sonupandit/Documents/ai-vide-api/twitter-automation/videos/module_4.mp4 …
[17:25:32] WARNING  ⚠️  Direct download failed: HTTP Error 403: Forbidden — trying Strategy 2.
[17:25:32] INFO        Trying Strategy 2: Click download button …
[17:25:32] INFO        Found download element: button[aria-label*="ownload"]
[17:25:32] INFO     ⬇️  Attempt 1/3 …
[17:25:36] INFO     ✅ STAGE 8 PASSED (Strategy 2): /home/sonupandit/Documents/ai-vide-api/twitter-automation/videos/module_4.mp4 (2.65 MB)
[17:25:36] INFO     📸 Screenshot → /home/sonupandit/Documents/ai-vide-api/twitter-automation/08_download_success.png
[17:25:36] INFO     🎉 SUCCESS!
[17:25:36] INFO     STAGE 3: Ensuring Video mode is selected
[17:25:36] DEBUG    🕐 Human delay 0.7s before checking mode
[17:25:37] INFO        Current mode button text: ''
[17:25:37] INFO        Switching to Video mode …
[17:25:39] INFO     📸 Screenshot → /home/sonupandit/Documents/ai-vide-api/twitter-automation/03_settings_dropdown.png
[17:26:09] WARNING  ⚠️  STAGE 3 WARNING: Video option not found in dropdown.
[17:26:09] INFO     STAGE 4: Uploading image
[17:26:09] INFO     🖼️  Image: /home/sonupandit/Documents/ai-vide-api/twitter-automation/videos/module_5_start_frame.jpg (0.10 MB)
[17:26:09] INFO     📤 File set on input.
[17:26:09] DEBUG    🕐 Human delay 2.7s after file select
[17:26:12] DEBUG    ✅ 'upload visible' met on attempt 1/20
[17:26:12] INFO     ✅ STAGE 4 PASSED: Image visible in UI.
[17:26:12] INFO     ⏳ Waiting 60s for Grok to process image …
[17:26:22] INFO        … 50s remaining
[17:26:32] INFO        … 40s remaining
[17:26:42] INFO        … 30s remaining
[17:26:52] INFO        … 20s remaining
[17:27:02] INFO        … 10s remaining
[17:27:12] INFO     =======================================================
[17:27:12] INFO     🎬 Grok Video Generation - New Video
[17:27:12] INFO        Prompt   : Talking character delivering dialogue on camera with synchronized lip movement. The dialogue being spoken is: 'रुकिए... मेरे नोट्स में कुछ तो है... एक नया आइडिया!'. Ensure lip movements and pacing synchronize precisely with this dialogue over 10 seconds. Environment: The same ruined lab, but with a faint ray of light from a window. Character: Tesla, now with a spark of hope in his eyes. Action: Flipping through a small notebook excitedly. Movement: Quick page-turning with a slight smile. Camera: Close-up on Tesla’s face and notebook.
[17:27:12] INFO        Output   : /home/sonupandit/Documents/ai-vide-api/twitter-automation/videos/module_5.mp4
[17:27:12] INFO     =======================================================
[17:27:12] INFO     STAGE 5: Entering prompt
[17:27:12] INFO     📝 «Talking character delivering dialogue on camera with synchronized lip movement. The dialogue being spoken is: 'रुकिए... मेरे नोट्स में कुछ तो है... एक नया आइडिया!'. Ensure lip movements and pacing synchronize precisely with this dialogue over 10 seconds. Environment: The same ruined lab, but with a faint ray of light from a window. Character: Tesla, now with a spark of hope in his eyes. Action: Flipping through a small notebook excitedly. Movement: Quick page-turning with a slight smile. Camera: Close-up on Tesla’s face and notebook.»
[17:27:12] DEBUG    🖱️  Scroll down 324px
[17:27:13] DEBUG    🕐 Human delay 2.2s before typing prompt
[17:27:15] DEBUG    🖱️  Mouse jiggle → (428, 205)
[17:27:21] DEBUG    Strategy 'textarea' failed: Locator.wait_for: Timeout 5000ms exceeded.
Call log:
  - waiting for locator("textarea").first

[17:27:21] INFO     ✏️  Entered via ProseMirror.
[17:27:22] DEBUG    ✅ 'prompt in DOM' met on attempt 1/8
[17:27:22] INFO     ✅ STAGE 5 PASSED: Prompt confirmed in DOM.
[17:27:22] INFO     STAGE 6: Submitting generation request
[17:27:22] DEBUG    🕐 Human delay 1.1s before pressing Enter
[17:27:29] INFO     📸 Screenshot → /home/sonupandit/Documents/ai-vide-api/twitter-automation/06_after_submit.png
[17:27:29] INFO     ✅ STAGE 6 PASSED: Generation request submitted.
[17:27:29] INFO     ⏳ Waiting for generation to complete (looking for 'Make video' or video element) …
[17:27:29] INFO        ⏳ Still generating … 0s
[17:27:44] INFO        ⏳ Still generating … 15s
[17:27:59] INFO        ⏳ Still generating … 30s
[17:28:14] INFO        ⏳ Still generating … 45s
[17:28:29] INFO        ⏳ Still generating … 60s
[17:28:44] INFO        ⏳ Still generating … 75s
[17:28:47] INFO     ✅ Video element found after 78s — video generated directly.
[17:28:47] INFO     📸 Screenshot → /home/sonupandit/Documents/ai-vide-api/twitter-automation/06_video_direct.png
[17:28:47] INFO     STAGE 7: Clicking 'Make video' button
[17:28:47] WARNING  ⚠️  'Make video' button not visible — maybe video was generated directly.
[17:28:47] INFO     STAGE 8: Downloading generated video
[17:28:47] INFO        Trying Strategy 1: Extract video src URL …
[17:28:47] INFO     🔗 Video URL found: https://assets.grok.com/users/8dbf2400-2043-4217-8f1b-f55601499675/generated/1dede3b7-f0bb-48f1-aaca-0645391a8f74/genera…
[17:28:47] INFO     ⬇️  Downloading video to /home/sonupandit/Documents/ai-vide-api/twitter-automation/videos/module_5.mp4 …
[17:28:47] WARNING  ⚠️  Direct download failed: HTTP Error 403: Forbidden — trying Strategy 2.
[17:28:47] INFO        Trying Strategy 2: Click download button …
[17:28:47] INFO        Found download element: button[aria-label*="ownload"]
[17:28:47] INFO     ⬇️  Attempt 1/3 …
[17:28:50] INFO     ✅ STAGE 8 PASSED (Strategy 2): /home/sonupandit/Documents/ai-vide-api/twitter-automation/videos/module_5.mp4 (2.60 MB)
[17:28:50] INFO     📸 Screenshot → /home/sonupandit/Documents/ai-vide-api/twitter-automation/08_download_success.png
[17:28:50] INFO     🎉 SUCCESS!
[17:28:51] INFO     STAGE 3: Ensuring Video mode is selected
[17:28:51] DEBUG    🕐 Human delay 0.8s before checking mode
[17:28:52] INFO        Current mode button text: ''
[17:28:52] INFO        Switching to Video mode …
[17:28:54] INFO     📸 Screenshot → /home/sonupandit/Documents/ai-vide-api/twitter-automation/03_settings_dropdown.png
[17:29:24] WARNING  ⚠️  STAGE 3 WARNING: Video option not found in dropdown.
[17:29:24] INFO     STAGE 4: Uploading image
[17:29:24] INFO     🖼️  Image: /home/sonupandit/Documents/ai-vide-api/twitter-automation/videos/module_6_start_frame.jpg (0.07 MB)
[17:29:24] INFO     📤 File set on input.
[17:29:24] DEBUG    🕐 Human delay 2.0s after file select
[17:29:26] DEBUG    ✅ 'upload visible' met on attempt 1/20
[17:29:26] INFO     ✅ STAGE 4 PASSED: Image visible in UI.
[17:29:26] INFO     ⏳ Waiting 60s for Grok to process image …
[17:29:36] INFO        … 50s remaining
[17:29:46] INFO        … 40s remaining
[17:29:56] INFO        … 30s remaining
[17:30:06] INFO        … 20s remaining
[17:30:16] INFO        … 10s remaining
[17:30:26] INFO     =======================================================
[17:30:26] INFO     🎬 Grok Video Generation - New Video
[17:30:26] INFO        Prompt   : Talking character delivering dialogue on camera with synchronized lip movement. The dialogue being spoken is: 'हार नहीं मानूंगा... अगली बार दुनिया देखेगी मेरा कमाल!'. Ensure lip movements and pacing synchronize precisely with this dialogue over 10 seconds. Environment: The lab, now tidied up, with Tesla standing tall. Character: Tesla, full of renewed energy and determination. Action: Looking directly into the camera with a confident nod. Movement: Slight head tilt with a determined gaze. Camera: Slow zoom-out to show Tesla in the center of the lab.
[17:30:26] INFO        Output   : /home/sonupandit/Documents/ai-vide-api/twitter-automation/videos/module_6.mp4
[17:30:26] INFO     =======================================================
[17:30:26] INFO     STAGE 5: Entering prompt
[17:30:26] INFO     📝 «Talking character delivering dialogue on camera with synchronized lip movement. The dialogue being spoken is: 'हार नहीं मानूंगा... अगली बार दुनिया देखेगी मेरा कमाल!'. Ensure lip movements and pacing synchronize precisely with this dialogue over 10 seconds. Environment: The lab, now tidied up, with Tesla standing tall. Character: Tesla, full of renewed energy and determination. Action: Looking directly into the camera with a confident nod. Movement: Slight head tilt with a determined gaze. Camera: Slow zoom-out to show Tesla in the center of the lab.»
[17:30:26] DEBUG    🖱️  Scroll up 248px
[17:30:26] DEBUG    🕐 Human delay 1.1s before typing prompt
[17:30:27] DEBUG    🖱️  Mouse jiggle → (591, 467)
[17:30:33] DEBUG    Strategy 'textarea' failed: Locator.wait_for: Timeout 5000ms exceeded.
Call log:
  - waiting for locator("textarea").first

[17:30:34] INFO     ✏️  Entered via ProseMirror.
[17:30:35] DEBUG    ✅ 'prompt in DOM' met on attempt 1/8
[17:30:35] INFO     ✅ STAGE 5 PASSED: Prompt confirmed in DOM.
[17:30:35] INFO     STAGE 6: Submitting generation request
[17:30:35] DEBUG    🕐 Human delay 1.1s before pressing Enter
[17:30:42] INFO     📸 Screenshot → /home/sonupandit/Documents/ai-vide-api/twitter-automation/06_after_submit.png
[17:30:42] INFO     ✅ STAGE 6 PASSED: Generation request submitted.
[17:30:42] INFO     ⏳ Waiting for generation to complete (looking for 'Make video' or video element) …
[17:30:42] INFO        ⏳ Still generating … 0s
[17:30:57] INFO        ⏳ Still generating … 15s
[17:31:12] INFO        ⏳ Still generating … 30s
[17:31:27] INFO        ⏳ Still generating … 45s
[17:31:42] INFO        ⏳ Still generating … 60s
[17:31:57] INFO        ⏳ Still generating … 75s
[17:32:00] INFO     ✅ Video element found after 78s — video generated directly.
[17:32:00] INFO     📸 Screenshot → /home/sonupandit/Documents/ai-vide-api/twitter-automation/06_video_direct.png
[17:32:00] INFO     STAGE 7: Clicking 'Make video' button
[17:32:00] WARNING  ⚠️  'Make video' button not visible — maybe video was generated directly.
[17:32:00] INFO     STAGE 8: Downloading generated video
[17:32:00] INFO        Trying Strategy 1: Extract video src URL …
[17:32:00] INFO     🔗 Video URL found: https://assets.grok.com/users/8dbf2400-2043-4217-8f1b-f55601499675/generated/41bf4b07-24ff-4005-864c-4c1da1b3b837/genera…
[17:32:00] INFO     ⬇️  Downloading video to /home/sonupandit/Documents/ai-vide-api/twitter-automation/videos/module_6.mp4 …
[17:32:00] WARNING  ⚠️  Direct download failed: HTTP Error 403: Forbidden — trying Strategy 2.
[17:32:00] INFO        Trying Strategy 2: Click download button …
[17:32:00] INFO        Found download element: button[aria-label*="ownload"]
[17:32:00] INFO     ⬇️  Attempt 1/3 …
[17:32:03] INFO     ✅ STAGE 8 PASSED (Strategy 2): /home/sonupandit/Documents/ai-vide-api/twitter-automation/videos/module_6.mp4 (1.70 MB)
[17:32:03] INFO     📸 Screenshot → /home/sonupandit/Documents/ai-vide-api/twitter-automation/08_download_success.png
[17:32:03] INFO     🎉 SUCCESS!
[17:32:03] INFO     =======================================================
[17:32:03] INFO     👋 Closing Grok session
[17:32:03] INFO     =======================================================
