[23:38:11] INFO     📋 Full debug log → automation_20260318_233811.log
[23:38:11] INFO     =======================================================
[23:38:11] INFO     🚀 Grok Video Generation Automation - Starting Session
[23:38:11] INFO        Image    : None
[23:38:11] INFO     =======================================================
[23:38:11] INFO     STAGE 1: Launching Chrome
[23:38:12] INFO     ✅ STAGE 1 PASSED: Chrome launched.
[23:38:12] INFO     STAGE 2: Navigating to Grok
[23:38:14] INFO     ⏳ Waiting 7.8s for UI to settle …
[23:38:22] DEBUG    🖱️  Scroll down 349px
[23:38:22] DEBUG    🖱️  Mouse jiggle → (1019, 327)
[23:38:23] INFO     ✅ STAGE 2 PASSED: Page loaded.
[23:38:23] DEBUG    🕐 Human delay 1.8s post-navigation
[23:38:25] INFO     STAGE 3: Ensuring Video mode is selected
[23:38:25] DEBUG    🕐 Human delay 0.8s before checking mode
[23:38:25] WARNING  ⚠️  Settings button not found — trying to continue anyway.
[23:38:28] INFO     📸 Screenshot → /home/sonupandit/Documents/ai-vide-api/twitter-automation/03_no_settings_btn.png
[23:38:28] INFO     =======================================================
[23:38:28] INFO     🎬 Grok Video Generation - New Video
[23:38:28] INFO        Prompt   : IMAGE CONTEXT:
ancient indian fort kitchen chef preparing food stone walls torches sepia vintage

VIDEO INSTRUCTIONS:
Talking character delivering dialogue on camera with synchronized lip movement. The dialogue being spoken is: 'नमस्कार, मैं राजा की रसोई का मुख्य रसोइया हूँ। उस ज़माने में, राजा के किले में हर भोजन को परफेक्ट बनाना पड़ता था… वरना सिर कलम! हाहा, साला डर लगता था।' Ensure lip movements and pacing synchronize precisely with this dialogue over 10 seconds. Environment: Grand ancient Indian fort kitchen with stone walls, wooden counters, clay pots, flickering torches, spices scattered. Character: Middle-aged Indian chef, stout build, dark skin, mustache, wearing white dhoti-kurta and chef's turban, friendly yet nervous expression. Action: Gesturing with hands while speaking, slight smile with edgy humor. Movement: Subtle head nods and hand waves. Camera slowly pushes in.
[23:38:28] INFO        Output   : /home/sonupandit/Documents/ai-vide-api/twitter-automation/videos/module_1.mp4
[23:38:28] INFO     =======================================================
[23:38:28] INFO     STAGE 5: Entering prompt
[23:38:28] INFO     📝 «IMAGE CONTEXT:
ancient indian fort kitchen chef preparing food stone walls torches sepia vintage

VIDEO INSTRUCTIONS:
Talking character delivering dialogue on camera with synchronized lip movement. The dialogue being spoken is: 'नमस्कार, मैं राजा की रसोई का मुख्य रसोइया हूँ। उस ज़माने में, राजा के किले में हर भोजन को परफेक्ट बनाना पड़ता था… वरना सिर कलम! हाहा, साला डर लगता था।' Ensure lip movements and pacing synchronize precisely with this dialogue over 10 seconds. Environment: Grand ancient Indian fort kitchen with stone walls, wooden counters, clay pots, flickering torches, spices scattered. Character: Middle-aged Indian chef, stout build, dark skin, mustache, wearing white dhoti-kurta and chef's turban, friendly yet nervous expression. Action: Gesturing with hands while speaking, slight smile with edgy humor. Movement: Subtle head nods and hand waves. Camera slowly pushes in.»
[23:38:28] DEBUG    🖱️  Scroll up 240px
[23:38:29] DEBUG    🕐 Human delay 2.5s before typing prompt
[23:38:32] DEBUG    🖱️  Mouse jiggle → (525, 247)
[23:38:37] DEBUG    Strategy 'textarea' failed: Locator.wait_for: Timeout 5000ms exceeded.
Call log:
  - waiting for locator("textarea").first

[23:38:39] INFO     ✏️  Entered via ProseMirror.
[23:38:40] DEBUG    ✅ 'prompt in DOM' met on attempt 1/8
[23:38:40] INFO     ✅ STAGE 5 PASSED: Prompt confirmed in DOM.
[23:38:40] INFO     STAGE 6: Submitting generation request
[23:38:40] DEBUG    🕐 Human delay 1.4s before pressing Enter
[23:38:49] INFO     📸 Screenshot → /home/sonupandit/Documents/ai-vide-api/twitter-automation/06_after_submit.png
[23:38:49] INFO     ✅ STAGE 6 PASSED: Generation request submitted.
[23:38:49] INFO     ⏳ Waiting for generation to complete (looking for 'Make video' or video element) …
[23:38:49] INFO        ⏳ Still generating … 0s
[23:39:04] INFO        ⏳ Still generating … 15s
[23:39:19] INFO        ⏳ Still generating … 30s
[23:39:34] INFO        ⏳ Still generating … 45s
[23:39:49] INFO        ⏳ Still generating … 60s
[23:39:58] INFO     ✅ Video element found after 69s — video generated directly.
[23:40:00] INFO     📸 Screenshot → /home/sonupandit/Documents/ai-vide-api/twitter-automation/06_video_direct.png
[23:40:00] INFO     STAGE 7: Clicking 'Make video' button
[23:40:00] WARNING  ⚠️  'Make video' button not visible — maybe video was generated directly.
[23:40:00] INFO     STAGE 8: Downloading generated video
[23:40:00] INFO        Trying Strategy 1: Extract video src URL …
[23:40:00] INFO     🔗 Video URL found: https://assets.grok.com/users/8dbf2400-2043-4217-8f1b-f55601499675/generated/c6118e1e-92e4-4081-ae2c-3a3e0e37286c/genera…
[23:40:00] INFO     ⬇️  Downloading video to /home/sonupandit/Documents/ai-vide-api/twitter-automation/videos/module_1.mp4 …
[23:40:00] WARNING  ⚠️  Direct download failed: HTTP Error 403: Forbidden — trying Strategy 2.
[23:40:00] INFO        Trying Strategy 2: Click download button …
[23:40:00] INFO        Found download element: button[aria-label*="ownload"]
[23:40:00] INFO     ⬇️  Attempt 1/3 …
[23:40:05] INFO     ✅ STAGE 8 PASSED (Strategy 2): /home/sonupandit/Documents/ai-vide-api/twitter-automation/videos/module_1.mp4 (1.66 MB)
[23:40:05] INFO     📸 Screenshot → /home/sonupandit/Documents/ai-vide-api/twitter-automation/08_download_success.png
[23:40:05] INFO     🎉 SUCCESS!
[23:40:06] INFO     STAGE 3: Ensuring Video mode is selected
[23:40:06] DEBUG    🕐 Human delay 1.2s before checking mode
[23:40:07] INFO        Current mode button text: ''
[23:40:07] INFO        Switching to Video mode …
[23:40:10] INFO     📸 Screenshot → /home/sonupandit/Documents/ai-vide-api/twitter-automation/03_settings_dropdown.png
[23:40:40] WARNING  ⚠️  STAGE 3 WARNING: Video option not found in dropdown.
[23:40:40] INFO     STAGE 4: Uploading image
[23:40:40] INFO     🖼️  Image: /home/sonupandit/Documents/ai-vide-api/twitter-automation/videos/module_2_start_frame.jpg (0.08 MB)
[23:40:40] INFO     📤 File set on input.
[23:40:40] DEBUG    🕐 Human delay 2.2s after file select
[23:40:42] DEBUG    ✅ 'upload visible' met on attempt 1/20
[23:40:42] INFO     ✅ STAGE 4 PASSED: Image visible in UI.
[23:40:42] INFO     ⏳ Waiting dynamically (up to 60s) for Grok to process image …
[23:40:42] DEBUG    ✅ 'upload finished' met on attempt 1/1
[23:40:42] INFO     ✅ STAGE 4: Image fully uploaded/processed after ~0s.
[23:40:44] INFO     =======================================================
[23:40:44] INFO     🎬 Grok Video Generation - New Video
[23:40:44] INFO        Prompt   : Talking character delivering dialogue on camera with synchronized lip movement. The dialogue being spoken is: 'एक दिन राजा ने बड़ा भोज मंगवाया। मैंने सोचा, कुछ नया बनाऊँ… लेकिन जल्दबाज़ी में सामान इधर-उधर हो गया। कमिना समय, कभी साथ नहीं देता!' Ensure lip movements and pacing synchronize precisely with this dialogue over 10 seconds. Environment: Busy fort kitchen with servants rushing, piles of puffed rice, sev, potatoes, chutneys on tables, steam from pots. Character: Middle-aged Indian chef, stout build, dark skin, mustache, wearing white dhoti-kurta and chef's turban, stressed but witty look. Action: Wiping forehead while speaking, light gali with chuckle. Movement: Pacing slightly side to side. Camera subtle zoom in.
[23:40:44] INFO        Output   : /home/sonupandit/Documents/ai-vide-api/twitter-automation/videos/module_2.mp4
[23:40:44] INFO     =======================================================
[23:40:44] INFO     STAGE 5: Entering prompt
[23:40:44] INFO     📝 «Talking character delivering dialogue on camera with synchronized lip movement. The dialogue being spoken is: 'एक दिन राजा ने बड़ा भोज मंगवाया। मैंने सोचा, कुछ नया बनाऊँ… लेकिन जल्दबाज़ी में सामान इधर-उधर हो गया। कमिना समय, कभी साथ नहीं देता!' Ensure lip movements and pacing synchronize precisely with this dialogue over 10 seconds. Environment: Busy fort kitchen with servants rushing, piles of puffed rice, sev, potatoes, chutneys on tables, steam from pots. Character: Middle-aged Indian chef, stout build, dark skin, mustache, wearing white dhoti-kurta and chef's turban, stressed but witty look. Action: Wiping forehead while speaking, light gali with chuckle. Movement: Pacing slightly side to side. Camera subtle zoom in.»
[23:40:44] DEBUG    🖱️  Scroll up 84px
[23:40:45] DEBUG    🕐 Human delay 1.1s before typing prompt
[23:40:46] DEBUG    🖱️  Mouse jiggle → (242, 398)
[23:40:52] DEBUG    Strategy 'textarea' failed: Locator.wait_for: Timeout 5000ms exceeded.
Call log:
  - waiting for locator("textarea").first

[23:40:53] INFO     ✏️  Entered via ProseMirror.
[23:40:54] DEBUG    ✅ 'prompt in DOM' met on attempt 1/8
[23:40:54] INFO     ✅ STAGE 5 PASSED: Prompt confirmed in DOM.
[23:40:54] INFO     STAGE 6: Submitting generation request
[23:40:54] DEBUG    🕐 Human delay 1.5s before pressing Enter
[23:41:00] INFO     📸 Screenshot → /home/sonupandit/Documents/ai-vide-api/twitter-automation/06_after_submit.png
[23:41:00] INFO     ✅ STAGE 6 PASSED: Generation request submitted.
[23:41:00] INFO     ⏳ Waiting for generation to complete (looking for 'Make video' or video element) …
[23:41:00] INFO        ⏳ Still generating … 0s
[23:41:15] INFO        ⏳ Still generating … 15s
[23:41:30] INFO        ⏳ Still generating … 30s
[23:41:45] INFO        ⏳ Still generating … 45s
[23:42:00] INFO        ⏳ Still generating … 60s
[23:42:15] INFO        ⏳ Still generating … 75s
[23:42:27] INFO     ✅ Video element found after 87s — video generated directly.
[23:42:28] INFO     📸 Screenshot → /home/sonupandit/Documents/ai-vide-api/twitter-automation/06_video_direct.png
[23:42:28] INFO     STAGE 7: Clicking 'Make video' button
[23:42:28] WARNING  ⚠️  'Make video' button not visible — maybe video was generated directly.
[23:42:28] INFO     STAGE 8: Downloading generated video
[23:42:28] INFO        Trying Strategy 1: Extract video src URL …
[23:42:28] INFO     🔗 Video URL found: https://assets.grok.com/users/8dbf2400-2043-4217-8f1b-f55601499675/generated/39fbe032-ddf3-4375-b148-acf908e75b4f/genera…
[23:42:28] INFO     ⬇️  Downloading video to /home/sonupandit/Documents/ai-vide-api/twitter-automation/videos/module_2.mp4 …
[23:42:28] WARNING  ⚠️  Direct download failed: HTTP Error 403: Forbidden — trying Strategy 2.
[23:42:28] INFO        Trying Strategy 2: Click download button …
[23:42:28] INFO        Found download element: button[aria-label*="ownload"]
[23:42:28] INFO     ⬇️  Attempt 1/3 …
[23:42:58] WARNING  Click attempt failed: Locator.click: Timeout 30000ms exceeded.
Call log:
  - waiting for locator("button[aria-label*=\"ownload\"]").first
    - locator resolved to <button type="button" data-state="closed" aria-label="Download" class="inline-flex items-center justify-center gap-2 whitespace-nowrap text-sm font-medium leading-[normal] cursor-pointer focus-visible:outline-none focus-visible:ring-1 focus-visible:ring-ring disabled:opacity-60 disabled:cursor-not-allowed transition-colors duration-100 [&_svg]:shrink-0 select-none hover:text-fg-primary disabled:hover:bg-transparent border border-transparent rounded-full overflow-hidden h-10 w-10 p-2 bg-surface-l2 text…>…</button>
  - attempting click action
    2 × waiting for element to be visible, enabled and stable
      - element is visible, enabled and stable
      - scrolling into view if needed
      - done scrolling
      - <div class="flex items-center p-2 gap-2 border-b border-border-l1">…</div> from <div class="absolute left-0 bottom-0 w-full px-3 pb-6 pointer-events-none z-10">…</div> subtree intercepts pointer events
    - retrying click action
    - waiting 20ms
    2 × waiting for element to be visible, enabled and stable
      - element is visible, enabled and stable
      - scrolling into view if needed
      - done scrolling
      - <div class="flex items-center p-2 gap-2 border-b border-border-l1">…</div> from <div class="absolute left-0 bottom-0 w-full px-3 pb-6 pointer-events-none z-10">…</div> subtree intercepts pointer events
    - retrying click action
      - waiting 100ms
    58 × waiting for element to be visible, enabled and stable
       - element is visible, enabled and stable
       - scrolling into view if needed
       - done scrolling
       - <div class="flex items-center p-2 gap-2 border-b border-border-l1">…</div> from <div class="absolute left-0 bottom-0 w-full px-3 pb-6 pointer-events-none z-10">…</div> subtree intercepts pointer events
     - retrying click action
       - waiting 500ms

[23:43:03] INFO     ✅ STAGE 8 PASSED (Strategy 2): /home/sonupandit/Documents/ai-vide-api/twitter-automation/videos/module_2.mp4 (2.93 MB)
[23:43:03] INFO     📸 Screenshot → /home/sonupandit/Documents/ai-vide-api/twitter-automation/08_download_success.png
[23:43:03] INFO     🎉 SUCCESS!
[23:43:03] INFO     =======================================================
[23:43:03] INFO     👋 Closing Grok session
[23:43:03] INFO     =======================================================
