[22:39:42] INFO     📋 Full debug log → automation_20260310_223942.log
[22:39:42] INFO     =======================================================
[22:39:42] INFO     🚀 Grok Video Generation Automation - Starting Session
[22:39:42] INFO        Image    : /home/sonupandit/Documents/ai-vide-api/twitter-automation/default.jpg
[22:39:42] INFO     =======================================================
[22:39:42] INFO     STAGE 1: Launching Chrome
[22:39:42] INFO     ✅ STAGE 1 PASSED: Chrome launched.
[22:39:42] INFO     STAGE 2: Navigating to Grok
[22:39:44] INFO     ⏳ Waiting 8.8s for UI to settle …
[22:39:53] DEBUG    🖱️  Scroll up 348px
[22:39:53] DEBUG    🖱️  Mouse jiggle → (958, 386)
[22:39:54] INFO     ✅ STAGE 2 PASSED: Page loaded.
[22:39:54] DEBUG    🕐 Human delay 1.7s post-navigation
[22:39:56] INFO     STAGE 3: Ensuring Video mode is selected
[22:39:56] DEBUG    🕐 Human delay 0.8s before checking mode
[22:39:56] WARNING  ⚠️  Settings button not found — trying to continue anyway.
[22:39:57] INFO     📸 Screenshot → /home/sonupandit/Documents/ai-vide-api/twitter-automation/03_no_settings_btn.png
[22:39:57] INFO     STAGE 4: Uploading image
[22:39:57] INFO     🖼️  Image: /home/sonupandit/Documents/ai-vide-api/twitter-automation/default.jpg (0.85 MB)
[22:39:57] INFO     📤 File set on input.
[22:39:57] DEBUG    🕐 Human delay 2.1s after file select
[22:39:59] DEBUG    ✅ 'upload visible' met on attempt 1/20
[22:39:59] INFO     ✅ STAGE 4 PASSED: Image visible in UI.
[22:39:59] INFO     ⏳ Waiting 60s for Grok to process image …
[22:40:09] INFO        … 50s remaining
[22:40:19] INFO        … 40s remaining
[22:40:29] INFO        … 30s remaining
[22:40:39] INFO        … 20s remaining
[22:40:49] INFO        … 10s remaining
[22:40:59] INFO     =======================================================
[22:40:59] INFO     🎬 Grok Video Generation - New Video
[22:40:59] INFO        Prompt   : {"shots": [{"shot_number": 1, "duration": "5s", "description": "Medium shot inside an early 1900s laboratory. Nikola Tesla stands beside a wooden table filled with electrical coils and wires. He slowly looks toward the camera as if speaking directly to the viewer while faint sparks glow behind him.", "camera_movement_lighting": "Static early cinema framing with hand-cranked jitter and dim laboratory lighting.", "audio_cue": "Soft electrical humming and quiet room ambience.", "voiceover_narration": "टेस्ला कहता है, \"मेरा नाम निकोला टेस्ला है।\"", "voice_style": "calm reflective male voice"}, {"shot_number": 2, "duration": "5s", "description": "Closer shot of Tesla standing beside the same table of electrical equipment. He gestures toward the coils while speaking thoughtfully.", "camera_movement_lighting": "Soft flickering light from electrical equipment with vintage vignette.", "audio_cue": "Low electrical buzzing.", "voiceover_narration": "टेस्ला कहता है, \"बचपन से ही मुझे बिजली से एक अजीब आकर्षण था।\"", "voice_style": "thoughtful storytelling tone"}]}
[22:40:59] INFO        Output   : /home/sonupandit/Documents/ai-vide-api/twitter-automation/videos/module_1.mp4
[22:40:59] INFO     =======================================================
[22:40:59] INFO     STAGE 5: Entering prompt
[22:40:59] INFO     📝 «{"shots": [{"shot_number": 1, "duration": "5s", "description": "Medium shot inside an early 1900s laboratory. Nikola Tesla stands beside a wooden table filled with electrical coils and wires. He slowly looks toward the camera as if speaking directly to the viewer while faint sparks glow behind him.", "camera_movement_lighting": "Static early cinema framing with hand-cranked jitter and dim laboratory lighting.", "audio_cue": "Soft electrical humming and quiet room ambience.", "voiceover_narration": "टेस्ला कहता है, \"मेरा नाम निकोला टेस्ला है।\"", "voice_style": "calm reflective male voice"}, {"shot_number": 2, "duration": "5s", "description": "Closer shot of Tesla standing beside the same table of electrical equipment. He gestures toward the coils while speaking thoughtfully.", "camera_movement_lighting": "Soft flickering light from electrical equipment with vintage vignette.", "audio_cue": "Low electrical buzzing.", "voiceover_narration": "टेस्ला कहता है, \"बचपन से ही मुझे बिजली से एक अजीब आकर्षण था।\"", "voice_style": "thoughtful storytelling tone"}]}»
[22:40:59] DEBUG    🖱️  Scroll up 315px
[22:40:59] DEBUG    🕐 Human delay 1.4s before typing prompt
[22:41:01] DEBUG    🖱️  Mouse jiggle → (529, 190)
[22:41:06] DEBUG    Strategy 'textarea' failed: Locator.wait_for: Timeout 5000ms exceeded.
Call log:
  - waiting for locator("textarea").first

[22:41:07] INFO     ✏️  Entered via ProseMirror.
[22:41:08] DEBUG    ✅ 'prompt in DOM' met on attempt 1/8
[22:41:08] INFO     ✅ STAGE 5 PASSED: Prompt confirmed in DOM.
[22:41:08] INFO     STAGE 6: Submitting generation request
[22:41:08] DEBUG    🕐 Human delay 0.7s before pressing Enter
[22:41:14] INFO     📸 Screenshot → /home/sonupandit/Documents/ai-vide-api/twitter-automation/06_after_submit.png
[22:41:14] INFO     ✅ STAGE 6 PASSED: Generation request submitted.
[22:41:14] INFO     ⏳ Waiting for generation to complete (looking for 'Make video' or video element) …
[22:41:44] INFO        ⏳ Still generating … 30s
[22:41:59] INFO        ⏳ Still generating … 45s
[22:42:14] INFO        ⏳ Still generating … 60s
[22:42:29] INFO        ⏳ Still generating … 75s
[22:42:44] INFO        ⏳ Still generating … 90s
[22:42:59] INFO        ⏳ Still generating … 105s
[22:43:14] INFO        ⏳ Still generating … 120s
[22:43:17] INFO     ✅ Video element found after 123s — video generated directly.
[22:43:17] INFO     📸 Screenshot → /home/sonupandit/Documents/ai-vide-api/twitter-automation/06_video_direct.png
[22:43:17] INFO     STAGE 7: Clicking 'Make video' button
[22:43:17] WARNING  ⚠️  'Make video' button not visible — maybe video was generated directly.
[22:43:17] INFO     STAGE 8: Downloading generated video
[22:43:17] INFO        Trying Strategy 1: Extract video src URL …
[22:43:17] INFO     🔗 Video URL found: https://assets.grok.com/users/8dbf2400-2043-4217-8f1b-f55601499675/generated/42d20ad3-68b0-424d-9d36-254ac3589a88/genera…
[22:43:17] INFO     ⬇️  Downloading video to /home/sonupandit/Documents/ai-vide-api/twitter-automation/videos/module_1.mp4 …
[22:43:18] WARNING  ⚠️  Direct download failed: HTTP Error 403: Forbidden — trying Strategy 2.
[22:43:18] INFO        Trying Strategy 2: Click download button …
[22:43:18] INFO        Found download element: button[aria-label*="ownload"]
[22:43:18] INFO     ⬇️  Attempt 1/3 …
[22:43:21] INFO     ✅ STAGE 8 PASSED (Strategy 2): /home/sonupandit/Documents/ai-vide-api/twitter-automation/videos/module_1.mp4 (2.87 MB)
[22:43:21] INFO     📸 Screenshot → /home/sonupandit/Documents/ai-vide-api/twitter-automation/08_download_success.png
[22:43:21] INFO     🎉 SUCCESS!
[22:43:21] INFO     =======================================================
[22:43:21] INFO     🎬 Grok Video Generation - New Video
[22:43:21] INFO        Prompt   : {"shots": [{"shot_number": 1, "duration": "6s", "description": "Tesla spreads several papers with hand drawn electrical diagrams across a wooden table. The sketches show towers and waves moving through the air.", "camera_movement_lighting": "Slow vintage push in with dim laboratory lighting.", "audio_cue": "Paper rustling and faint electrical hum.", "voiceover_narration": "टेस्ला सोचते हुए कहता है, \"दुनिया तारों से बिजली भेजती थी।\"", "voice_style": "reflective narration tone"}, {"shot_number": 2, "duration": "4s", "description": "Tesla points toward a drawing showing energy waves traveling through the air while explaining his idea.", "camera_movement_lighting": "Static frame with flickering exposure and soft shadows.", "audio_cue": "Quiet ambient buzzing.", "voiceover_narration": "टेस्ला आगे कहता है, \"लेकिन मैं सोचता था... अगर बिजली हवा में जा सके तो?\"", "voice_style": "curious thoughtful tone"}]}
[22:43:21] INFO        Output   : /home/sonupandit/Documents/ai-vide-api/twitter-automation/videos/module_2.mp4
[22:43:21] INFO     =======================================================
[22:43:21] INFO     STAGE 5: Entering prompt
[22:43:21] INFO     📝 «{"shots": [{"shot_number": 1, "duration": "6s", "description": "Tesla spreads several papers with hand drawn electrical diagrams across a wooden table. The sketches show towers and waves moving through the air.", "camera_movement_lighting": "Slow vintage push in with dim laboratory lighting.", "audio_cue": "Paper rustling and faint electrical hum.", "voiceover_narration": "टेस्ला सोचते हुए कहता है, \"दुनिया तारों से बिजली भेजती थी।\"", "voice_style": "reflective narration tone"}, {"shot_number": 2, "duration": "4s", "description": "Tesla points toward a drawing showing energy waves traveling through the air while explaining his idea.", "camera_movement_lighting": "Static frame with flickering exposure and soft shadows.", "audio_cue": "Quiet ambient buzzing.", "voiceover_narration": "टेस्ला आगे कहता है, \"लेकिन मैं सोचता था... अगर बिजली हवा में जा सके तो?\"", "voice_style": "curious thoughtful tone"}]}»
[22:43:21] DEBUG    🖱️  Scroll up 307px
[22:43:21] DEBUG    🕐 Human delay 1.3s before typing prompt
[22:43:23] DEBUG    🖱️  Mouse jiggle → (643, 519)
[22:43:28] DEBUG    Strategy 'textarea' failed: Locator.wait_for: Timeout 5000ms exceeded.
Call log:
  - waiting for locator("textarea").first

[22:43:29] INFO     ✏️  Entered via ProseMirror.
[22:43:30] DEBUG    ✅ 'prompt in DOM' met on attempt 1/8
[22:43:30] INFO     ✅ STAGE 5 PASSED: Prompt confirmed in DOM.
[22:43:30] INFO     STAGE 6: Submitting generation request
[22:43:30] DEBUG    🕐 Human delay 1.4s before pressing Enter
[22:43:36] INFO     📸 Screenshot → /home/sonupandit/Documents/ai-vide-api/twitter-automation/06_after_submit.png
[22:43:36] INFO     ✅ STAGE 6 PASSED: Generation request submitted.
[22:43:36] INFO     ⏳ Waiting for generation to complete (looking for 'Make video' or video element) …
[22:43:36] INFO        ⏳ Still generating … 0s
[22:43:51] INFO        ⏳ Still generating … 15s
[22:44:06] INFO        ⏳ Still generating … 30s
[22:44:21] INFO        ⏳ Still generating … 45s
[22:44:36] INFO        ⏳ Still generating … 60s
[22:44:51] INFO        ⏳ Still generating … 75s
[22:44:54] INFO     ✅ Video element found after 78s — video generated directly.
[22:44:54] INFO     📸 Screenshot → /home/sonupandit/Documents/ai-vide-api/twitter-automation/06_video_direct.png
[22:44:54] INFO     STAGE 7: Clicking 'Make video' button
[22:44:54] WARNING  ⚠️  'Make video' button not visible — maybe video was generated directly.
[22:44:54] INFO     STAGE 8: Downloading generated video
[22:44:54] INFO        Trying Strategy 1: Extract video src URL …
[22:44:54] INFO     🔗 Video URL found: https://assets.grok.com/users/8dbf2400-2043-4217-8f1b-f55601499675/generated/3e395b0f-38ba-4d76-8d6c-8c24905f3a72/genera…
[22:44:54] INFO     ⬇️  Downloading video to /home/sonupandit/Documents/ai-vide-api/twitter-automation/videos/module_2.mp4 …
[22:44:55] WARNING  ⚠️  Direct download failed: HTTP Error 403: Forbidden — trying Strategy 2.
[22:44:55] INFO        Trying Strategy 2: Click download button …
[22:44:55] INFO        Found download element: button[aria-label*="ownload"]
[22:44:55] INFO     ⬇️  Attempt 1/3 …
[22:44:59] INFO     ✅ STAGE 8 PASSED (Strategy 2): /home/sonupandit/Documents/ai-vide-api/twitter-automation/videos/module_2.mp4 (3.82 MB)
[22:44:59] INFO     📸 Screenshot → /home/sonupandit/Documents/ai-vide-api/twitter-automation/08_download_success.png
[22:44:59] INFO     🎉 SUCCESS!
[22:44:59] INFO     =======================================================
[22:44:59] INFO     🎬 Grok Video Generation - New Video
[22:44:59] INFO        Prompt   : {"shots": [{"shot_number": 1, "duration": "5s", "description": "Tesla gestures toward a large electrical coil machine beside him while explaining his idea to the viewer.", "camera_movement_lighting": "Static early cinema framing with electrical flicker lighting.", "audio_cue": "Deep electrical humming.", "voiceover_narration": "टेस्ला कहता है, \"अगर धरती खुद एक सर्किट बन जाए...\"", "voice_style": "serious explanatory tone"}, {"shot_number": 2, "duration": "5s", "description": "Tesla places his hand gently on the electrical machine while continuing his explanation.", "camera_movement_lighting": "Soft electrical glow lighting with vignette edges.", "audio_cue": "Gentle crackling electricity.", "voiceover_narration": "टेस्ला कहता है, \"तो बिजली बिना तारों के भी भेजी जा सकती है।\"", "voice_style": "confident calm tone"}]}
[22:44:59] INFO        Output   : /home/sonupandit/Documents/ai-vide-api/twitter-automation/videos/module_3.mp4
[22:44:59] INFO     =======================================================
[22:44:59] INFO     STAGE 5: Entering prompt
[22:44:59] INFO     📝 «{"shots": [{"shot_number": 1, "duration": "5s", "description": "Tesla gestures toward a large electrical coil machine beside him while explaining his idea to the viewer.", "camera_movement_lighting": "Static early cinema framing with electrical flicker lighting.", "audio_cue": "Deep electrical humming.", "voiceover_narration": "टेस्ला कहता है, \"अगर धरती खुद एक सर्किट बन जाए...\"", "voice_style": "serious explanatory tone"}, {"shot_number": 2, "duration": "5s", "description": "Tesla places his hand gently on the electrical machine while continuing his explanation.", "camera_movement_lighting": "Soft electrical glow lighting with vignette edges.", "audio_cue": "Gentle crackling electricity.", "voiceover_narration": "टेस्ला कहता है, \"तो बिजली बिना तारों के भी भेजी जा सकती है।\"", "voice_style": "confident calm tone"}]}»
[22:44:59] DEBUG    🖱️  Scroll up 327px
[22:45:00] DEBUG    🕐 Human delay 1.8s before typing prompt
[22:45:02] DEBUG    🖱️  Mouse jiggle → (933, 187)
[22:45:07] DEBUG    Strategy 'textarea' failed: Locator.wait_for: Timeout 5000ms exceeded.
Call log:
  - waiting for locator("textarea").first

[22:45:08] INFO     ✏️  Entered via ProseMirror.
[22:45:09] DEBUG    ✅ 'prompt in DOM' met on attempt 1/8
[22:45:09] INFO     ✅ STAGE 5 PASSED: Prompt confirmed in DOM.
[22:45:09] INFO     STAGE 6: Submitting generation request
[22:45:09] DEBUG    🕐 Human delay 1.3s before pressing Enter
[22:45:14] INFO     📸 Screenshot → /home/sonupandit/Documents/ai-vide-api/twitter-automation/06_after_submit.png
[22:45:14] INFO     ✅ STAGE 6 PASSED: Generation request submitted.
[22:45:14] INFO     ⏳ Waiting for generation to complete (looking for 'Make video' or video element) …
[22:45:14] INFO     ✅ Video element found after 0s — video generated directly.
[22:45:14] INFO     📸 Screenshot → /home/sonupandit/Documents/ai-vide-api/twitter-automation/06_video_direct.png
[22:45:14] INFO     STAGE 7: Clicking 'Make video' button
[22:45:14] WARNING  ⚠️  'Make video' button not visible — maybe video was generated directly.
[22:45:14] INFO     STAGE 8: Downloading generated video
[22:45:14] INFO        Trying Strategy 1: Extract video src URL …
[22:45:14] INFO     🔗 Video URL found: https://assets.grok.com/users/8dbf2400-2043-4217-8f1b-f55601499675/generated/3e395b0f-38ba-4d76-8d6c-8c24905f3a72/genera…
[22:45:14] INFO     ⬇️  Downloading video to /home/sonupandit/Documents/ai-vide-api/twitter-automation/videos/module_3.mp4 …
[22:45:15] WARNING  ⚠️  Direct download failed: HTTP Error 403: Forbidden — trying Strategy 2.
[22:45:15] INFO        Trying Strategy 2: Click download button …
[22:45:15] INFO        Found download element: button[aria-label*="ownload"]
[22:45:15] INFO     ⬇️  Attempt 1/3 …
[22:45:15] INFO     ✅ STAGE 8 PASSED (Strategy 2): /home/sonupandit/Documents/ai-vide-api/twitter-automation/videos/module_3.mp4 (3.82 MB)
[22:45:15] INFO     📸 Screenshot → /home/sonupandit/Documents/ai-vide-api/twitter-automation/08_download_success.png
[22:45:15] INFO     🎉 SUCCESS!
[22:45:15] INFO     =======================================================
[22:45:15] INFO     🎬 Grok Video Generation - New Video
[22:45:15] INFO        Prompt   : {"shots": [{"shot_number": 1, "duration": "6s", "description": "Tesla places his hand on a large metal lever connected to the experimental machine, pausing for a moment before activating it.", "camera_movement_lighting": "Dramatic flickering lab lighting with vintage frame jitter.", "audio_cue": "Mechanical ticking and rising electrical buzz.", "voiceover_narration": "टेस्ला कहता है, \"उस रात मैंने अपना प्रयोग शुरू किया।\"", "voice_style": "tense reflective tone"}, {"shot_number": 2, "duration": "4s", "description": "Tesla looks briefly uncertain before pulling the lever beside the machine.", "camera_movement_lighting": "Dim lighting with sudden electrical flashes.", "audio_cue": "Quiet electrical crackling.", "voiceover_narration": "टेस्ला धीरे से कहता है, \"सच कहूँ... मुझे भी नहीं पता था क्या होगा।\"", "voice_style": "soft thoughtful tone"}]}
[22:45:15] INFO        Output   : /home/sonupandit/Documents/ai-vide-api/twitter-automation/videos/module_4.mp4
[22:45:15] INFO     =======================================================
[22:45:15] INFO     STAGE 5: Entering prompt
[22:45:15] INFO     📝 «{"shots": [{"shot_number": 1, "duration": "6s", "description": "Tesla places his hand on a large metal lever connected to the experimental machine, pausing for a moment before activating it.", "camera_movement_lighting": "Dramatic flickering lab lighting with vintage frame jitter.", "audio_cue": "Mechanical ticking and rising electrical buzz.", "voiceover_narration": "टेस्ला कहता है, \"उस रात मैंने अपना प्रयोग शुरू किया।\"", "voice_style": "tense reflective tone"}, {"shot_number": 2, "duration": "4s", "description": "Tesla looks briefly uncertain before pulling the lever beside the machine.", "camera_movement_lighting": "Dim lighting with sudden electrical flashes.", "audio_cue": "Quiet electrical crackling.", "voiceover_narration": "टेस्ला धीरे से कहता है, \"सच कहूँ... मुझे भी नहीं पता था क्या होगा।\"", "voice_style": "soft thoughtful tone"}]}»
[22:45:15] DEBUG    🖱️  Scroll down 110px
[22:45:16] DEBUG    🕐 Human delay 2.9s before typing prompt
[22:45:19] DEBUG    🖱️  Mouse jiggle → (422, 420)
[22:45:24] DEBUG    Strategy 'textarea' failed: Locator.wait_for: Timeout 5000ms exceeded.
Call log:
  - waiting for locator("textarea").first

[22:45:25] INFO     ✏️  Entered via ProseMirror.
[22:45:26] DEBUG    ✅ 'prompt in DOM' met on attempt 1/8
[22:45:26] INFO     ✅ STAGE 5 PASSED: Prompt confirmed in DOM.
[22:45:26] INFO     STAGE 6: Submitting generation request
[22:45:26] DEBUG    🕐 Human delay 1.0s before pressing Enter
[22:45:33] INFO     📸 Screenshot → /home/sonupandit/Documents/ai-vide-api/twitter-automation/06_after_submit.png
[22:45:33] INFO     ✅ STAGE 6 PASSED: Generation request submitted.
[22:45:33] INFO     ⏳ Waiting for generation to complete (looking for 'Make video' or video element) …
[22:45:33] INFO        ⏳ Still generating … 0s
[22:45:48] INFO        ⏳ Still generating … 15s
[22:46:04] INFO        ⏳ Still generating … 30s
[22:46:07] ERROR    ❌ Generation failed: Page.evaluate: Connection closed while reading from the driver
