[23:08:42] INFO     📋 Full debug log → automation_20260318_230842.log
[23:08:42] INFO     =======================================================
[23:08:42] INFO     🚀 Grok Video Generation Automation - Starting Session
[23:08:42] INFO        Image    : None
[23:08:42] INFO     =======================================================
[23:08:42] INFO     STAGE 1: Launching Chrome
[23:08:42] INFO     ✅ STAGE 1 PASSED: Chrome launched.
[23:08:42] INFO     STAGE 2: Navigating to Grok
[23:08:45] INFO     ⏳ Waiting 7.6s for UI to settle …
[23:08:53] DEBUG    🖱️  Scroll up 164px
[23:08:53] DEBUG    🖱️  Mouse jiggle → (975, 270)
[23:08:54] INFO     ✅ STAGE 2 PASSED: Page loaded.
[23:08:54] DEBUG    🕐 Human delay 1.2s post-navigation
[23:08:55] INFO     STAGE 3: Ensuring Video mode is selected
[23:08:55] DEBUG    🕐 Human delay 1.0s before checking mode
[23:08:56] WARNING  ⚠️  Settings button not found — trying to continue anyway.
[23:08:57] INFO     📸 Screenshot → /home/sonupandit/Documents/ai-vide-api/twitter-automation/03_no_settings_btn.png
[23:08:57] INFO     =======================================================
[23:08:57] INFO     🎬 Grok Video Generation - New Video
[23:08:57] INFO        Prompt   : IMAGE CONTEXT:
elderly dadi saree desert hot sun monkey sweating

VIDEO INSTRUCTIONS:
Wide desert pan Rajasthan dunes, dadi in colorful saree wipes sweat, sits with monkey, dramatic zoom on face, lip sync: 'Yaar bandar, yeh garmi saale mc kar rahi hai, bc kuch karte hain!'
[23:08:57] INFO        Output   : /home/sonupandit/Documents/ai-vide-api/twitter-automation/videos/module_1.mp4
[23:08:57] INFO     =======================================================
[23:08:57] INFO     STAGE 5: Entering prompt
[23:08:57] INFO     📝 «IMAGE CONTEXT:
elderly dadi saree desert hot sun monkey sweating

VIDEO INSTRUCTIONS:
Wide desert pan Rajasthan dunes, dadi in colorful saree wipes sweat, sits with monkey, dramatic zoom on face, lip sync: 'Yaar bandar, yeh garmi saale mc kar rahi hai, bc kuch karte hain!'»
[23:08:57] DEBUG    🖱️  Scroll up 303px
[23:08:57] DEBUG    🕐 Human delay 2.1s before typing prompt
[23:09:00] DEBUG    🖱️  Mouse jiggle → (417, 284)
[23:09:05] DEBUG    Strategy 'textarea' failed: Locator.wait_for: Timeout 5000ms exceeded.
Call log:
  - waiting for locator("textarea").first

[23:09:06] INFO     ✏️  Entered via ProseMirror.
[23:09:07] DEBUG    ✅ 'prompt in DOM' met on attempt 1/8
[23:09:07] INFO     ✅ STAGE 5 PASSED: Prompt confirmed in DOM.
[23:09:07] INFO     STAGE 6: Submitting generation request
[23:09:07] DEBUG    🕐 Human delay 1.1s before pressing Enter
