[23:25:42] INFO     📋 Full debug log → automation_20260310_232542.log
[23:25:42] INFO     =======================================================
[23:25:42] INFO     🚀 Grok Video Generation Automation - Starting Session
[23:25:42] INFO        Image    : /home/sonupandit/Documents/ai-vide-api/twitter-automation/default.jpg
[23:25:42] INFO     =======================================================
[23:25:42] INFO     STAGE 1: Launching Chrome
[23:25:42] INFO     ✅ STAGE 1 PASSED: Chrome launched.
[23:25:42] INFO     STAGE 2: Navigating to Grok
[23:25:44] INFO     ⏳ Waiting 7.0s for UI to settle …
[23:25:51] DEBUG    🖱️  Scroll up 90px
[23:25:52] DEBUG    🖱️  Mouse jiggle → (936, 457)
[23:25:52] INFO     ✅ STAGE 2 PASSED: Page loaded.
[23:25:52] DEBUG    🕐 Human delay 2.3s post-navigation
[23:25:55] INFO     STAGE 3: Ensuring Video mode is selected
[23:25:55] DEBUG    🕐 Human delay 1.0s before checking mode
[23:25:56] WARNING  ⚠️  Settings button not found — trying to continue anyway.
[23:25:56] INFO     📸 Screenshot → /home/sonupandit/Documents/ai-vide-api/twitter-automation/03_no_settings_btn.png
[23:25:56] INFO     STAGE 4: Uploading image
[23:25:56] INFO     🖼️  Image: /home/sonupandit/Documents/ai-vide-api/twitter-automation/default.jpg (0.85 MB)
[23:25:56] INFO     📤 File set on input.
[23:25:56] DEBUG    🕐 Human delay 2.1s after file select
[23:25:58] DEBUG    ✅ 'upload visible' met on attempt 1/20
[23:25:58] INFO     ✅ STAGE 4 PASSED: Image visible in UI.
[23:25:58] INFO     ⏳ Waiting 60s for Grok to process image …
[23:26:08] INFO        … 50s remaining
[23:26:18] INFO        … 40s remaining
[23:26:28] INFO        … 30s remaining
[23:26:38] INFO        … 20s remaining
[23:26:48] INFO        … 10s remaining
[23:26:58] INFO     =======================================================
[23:26:58] INFO     🎬 Grok Video Generation - New Video
[23:26:58] INFO        Prompt   : Environment: An early 1900s electrical laboratory filled with wooden tables, primitive electrical coils, wires, glass bulbs and scientific instruments. The room is dimly lit with a sepia black and white vintage documentary aesthetic, heavy film grain, scratches, dust particles and slight flickering exposure. Character: Nikola Tesla inspired inventor wearing a dark early twentieth century suit, vest, white shirt and tie with neatly combed hair. Objects: Electrical coils and glowing experimental equipment placed on a wooden table. Movement: Over 10 seconds Tesla slowly turns toward the camera, speaking thoughtfully while faint sparks flicker behind him as the camera performs a subtle cinematic push-in.
[23:26:58] INFO        Output   : /home/sonupandit/Documents/ai-vide-api/twitter-automation/videos/module_1.mp4
[23:26:58] INFO     =======================================================
[23:26:58] INFO     STAGE 5: Entering prompt
[23:26:58] INFO     📝 «Environment: An early 1900s electrical laboratory filled with wooden tables, primitive electrical coils, wires, glass bulbs and scientific instruments. The room is dimly lit with a sepia black and white vintage documentary aesthetic, heavy film grain, scratches, dust particles and slight flickering exposure. Character: Nikola Tesla inspired inventor wearing a dark early twentieth century suit, vest, white shirt and tie with neatly combed hair. Objects: Electrical coils and glowing experimental equipment placed on a wooden table. Movement: Over 10 seconds Tesla slowly turns toward the camera, speaking thoughtfully while faint sparks flicker behind him as the camera performs a subtle cinematic push-in.»
[23:26:58] DEBUG    🖱️  Scroll up 83px
[23:26:59] DEBUG    🕐 Human delay 1.8s before typing prompt
[23:27:01] DEBUG    🖱️  Mouse jiggle → (388, 282)
[23:27:06] DEBUG    Strategy 'textarea' failed: Locator.wait_for: Timeout 5000ms exceeded.
Call log:
  - waiting for locator("textarea").first

[23:27:07] INFO     ✏️  Entered via ProseMirror.
[23:27:08] DEBUG    ✅ 'prompt in DOM' met on attempt 1/8
[23:27:08] INFO     ✅ STAGE 5 PASSED: Prompt confirmed in DOM.
[23:27:08] INFO     STAGE 6: Submitting generation request
[23:27:08] DEBUG    🕐 Human delay 1.3s before pressing Enter
[23:27:15] INFO     📸 Screenshot → /home/sonupandit/Documents/ai-vide-api/twitter-automation/06_after_submit.png
[23:27:15] INFO     ✅ STAGE 6 PASSED: Generation request submitted.
[23:27:15] INFO     ⏳ Waiting for generation to complete (looking for 'Make video' or video element) …
[23:27:15] INFO        ⏳ Still generating … 0s
[23:27:30] INFO        ⏳ Still generating … 15s
[23:27:45] INFO        ⏳ Still generating … 30s
[23:28:00] INFO        ⏳ Still generating … 45s
[23:28:15] INFO        ⏳ Still generating … 60s
[23:28:30] INFO        ⏳ Still generating … 75s
[23:28:39] INFO     ✅ Video element found after 84s — video generated directly.
[23:28:39] INFO     📸 Screenshot → /home/sonupandit/Documents/ai-vide-api/twitter-automation/06_video_direct.png
[23:28:39] INFO     STAGE 7: Clicking 'Make video' button
[23:28:39] WARNING  ⚠️  'Make video' button not visible — maybe video was generated directly.
[23:28:39] INFO     STAGE 8: Downloading generated video
[23:28:39] INFO        Trying Strategy 1: Extract video src URL …
[23:28:39] INFO     🔗 Video URL found: https://assets.grok.com/users/8dbf2400-2043-4217-8f1b-f55601499675/generated/2a0a6128-f5a1-4533-93af-2e9b562a524e/genera…
[23:28:39] INFO     ⬇️  Downloading video to /home/sonupandit/Documents/ai-vide-api/twitter-automation/videos/module_1.mp4 …
[23:28:39] WARNING  ⚠️  Direct download failed: HTTP Error 403: Forbidden — trying Strategy 2.
[23:28:39] INFO        Trying Strategy 2: Click download button …
[23:28:39] INFO        Found download element: button[aria-label*="ownload"]
[23:28:39] INFO     ⬇️  Attempt 1/3 …
[23:28:43] INFO     ✅ STAGE 8 PASSED (Strategy 2): /home/sonupandit/Documents/ai-vide-api/twitter-automation/videos/module_1.mp4 (4.15 MB)
[23:28:43] INFO     📸 Screenshot → /home/sonupandit/Documents/ai-vide-api/twitter-automation/08_download_success.png
[23:28:43] INFO     🎉 SUCCESS!
[23:28:43] INFO     =======================================================
[23:28:43] INFO     🎬 Grok Video Generation - New Video
[23:28:43] INFO        Prompt   : Environment: The same early twentieth century laboratory with wooden tables, scattered scientific instruments and dim warm lighting creating a vintage documentary atmosphere with sepia tones, film grain and dust particles. Character: Tesla wearing the same formal dark suit and vest, appearing focused and curious. Objects: Several sheets of paper containing hand drawn electrical towers, energy waves and experimental sketches spread across a wooden work table. Movement: In the 10 second scene Tesla gently spreads the diagrams and points toward the drawings while explaining his idea. The camera slowly moves closer to the table revealing the sketches as subtle electrical humming fills the background.
[23:28:43] INFO        Output   : /home/sonupandit/Documents/ai-vide-api/twitter-automation/videos/module_2.mp4
[23:28:43] INFO     =======================================================
[23:28:43] INFO     STAGE 5: Entering prompt
[23:28:43] INFO     📝 «Environment: The same early twentieth century laboratory with wooden tables, scattered scientific instruments and dim warm lighting creating a vintage documentary atmosphere with sepia tones, film grain and dust particles. Character: Tesla wearing the same formal dark suit and vest, appearing focused and curious. Objects: Several sheets of paper containing hand drawn electrical towers, energy waves and experimental sketches spread across a wooden work table. Movement: In the 10 second scene Tesla gently spreads the diagrams and points toward the drawings while explaining his idea. The camera slowly moves closer to the table revealing the sketches as subtle electrical humming fills the background.»
[23:28:43] DEBUG    🖱️  Scroll up 213px
[23:28:44] DEBUG    🕐 Human delay 2.5s before typing prompt
[23:28:47] DEBUG    🖱️  Mouse jiggle → (556, 254)
[23:28:52] DEBUG    Strategy 'textarea' failed: Locator.wait_for: Timeout 5000ms exceeded.
Call log:
  - waiting for locator("textarea").first

[23:28:53] INFO     ✏️  Entered via ProseMirror.
[23:28:54] DEBUG    ✅ 'prompt in DOM' met on attempt 1/8
[23:28:54] INFO     ✅ STAGE 5 PASSED: Prompt confirmed in DOM.
[23:28:54] INFO     STAGE 6: Submitting generation request
[23:28:54] DEBUG    🕐 Human delay 1.3s before pressing Enter
[23:29:02] INFO     📸 Screenshot → /home/sonupandit/Documents/ai-vide-api/twitter-automation/06_after_submit.png
[23:29:02] INFO     ✅ STAGE 6 PASSED: Generation request submitted.
[23:29:02] INFO     ⏳ Waiting for generation to complete (looking for 'Make video' or video element) …
[23:29:02] INFO        ⏳ Still generating … 0s
[23:29:17] INFO        ⏳ Still generating … 15s
[23:29:32] INFO        ⏳ Still generating … 30s
[23:29:47] INFO        ⏳ Still generating … 45s
[23:30:02] INFO        ⏳ Still generating … 60s
[23:30:17] INFO        ⏳ Still generating … 75s
[23:30:23] INFO     ✅ Video element found after 81s — video generated directly.
[23:30:24] INFO     📸 Screenshot → /home/sonupandit/Documents/ai-vide-api/twitter-automation/06_video_direct.png
[23:30:24] INFO     STAGE 7: Clicking 'Make video' button
[23:30:24] WARNING  ⚠️  'Make video' button not visible — maybe video was generated directly.
[23:30:24] INFO     STAGE 8: Downloading generated video
[23:30:24] INFO        Trying Strategy 1: Extract video src URL …
[23:30:24] INFO     🔗 Video URL found: https://assets.grok.com/users/8dbf2400-2043-4217-8f1b-f55601499675/generated/dc02546b-29c2-4e72-800d-815aff6f75aa/genera…
[23:30:24] INFO     ⬇️  Downloading video to /home/sonupandit/Documents/ai-vide-api/twitter-automation/videos/module_2.mp4 …
[23:30:24] WARNING  ⚠️  Direct download failed: HTTP Error 403: Forbidden — trying Strategy 2.
[23:30:24] INFO        Trying Strategy 2: Click download button …
[23:30:24] INFO        Found download element: button[aria-label*="ownload"]
[23:30:24] INFO     ⬇️  Attempt 1/3 …
[23:30:26] INFO     ✅ STAGE 8 PASSED (Strategy 2): /home/sonupandit/Documents/ai-vide-api/twitter-automation/videos/module_2.mp4 (3.01 MB)
[23:30:27] INFO     📸 Screenshot → /home/sonupandit/Documents/ai-vide-api/twitter-automation/08_download_success.png
[23:30:27] INFO     🎉 SUCCESS!
[23:30:27] INFO     =======================================================
[23:30:27] INFO     🎬 Grok Video Generation - New Video
[23:30:27] INFO        Prompt   : Environment: A darker area of the laboratory where a large experimental electrical coil machine dominates the room. Dramatic shadows and faint electrical glow create a mysterious scientific atmosphere with sepia vintage film style, scratches and grain. Character: Tesla wearing his classic early twentieth century suit and vest, standing confidently beside the machine. Objects: A massive electrical coil device with metal rings, wires and glowing components. Movement: Over 10 seconds Tesla gestures toward the machine while explaining his theory and then gently places his hand on the coil apparatus. Small electrical sparks flicker as the camera slowly pushes in emphasizing the scale of the machine.
[23:30:27] INFO        Output   : /home/sonupandit/Documents/ai-vide-api/twitter-automation/videos/module_3.mp4
[23:30:27] INFO     =======================================================
[23:30:27] INFO     STAGE 5: Entering prompt
[23:30:27] INFO     📝 «Environment: A darker area of the laboratory where a large experimental electrical coil machine dominates the room. Dramatic shadows and faint electrical glow create a mysterious scientific atmosphere with sepia vintage film style, scratches and grain. Character: Tesla wearing his classic early twentieth century suit and vest, standing confidently beside the machine. Objects: A massive electrical coil device with metal rings, wires and glowing components. Movement: Over 10 seconds Tesla gestures toward the machine while explaining his theory and then gently places his hand on the coil apparatus. Small electrical sparks flicker as the camera slowly pushes in emphasizing the scale of the machine.»
[23:30:27] DEBUG    🖱️  Scroll up 173px
[23:30:27] DEBUG    🕐 Human delay 2.0s before typing prompt
[23:30:29] DEBUG    🖱️  Mouse jiggle → (909, 564)
[23:30:35] DEBUG    Strategy 'textarea' failed: Locator.wait_for: Timeout 5000ms exceeded.
Call log:
  - waiting for locator("textarea").first

[23:30:36] INFO     ✏️  Entered via ProseMirror.
[23:30:37] DEBUG    ✅ 'prompt in DOM' met on attempt 1/8
[23:30:37] INFO     ✅ STAGE 5 PASSED: Prompt confirmed in DOM.
[23:30:37] INFO     STAGE 6: Submitting generation request
[23:30:37] DEBUG    🕐 Human delay 1.1s before pressing Enter
[23:30:42] INFO     📸 Screenshot → /home/sonupandit/Documents/ai-vide-api/twitter-automation/06_after_submit.png
[23:30:42] INFO     ✅ STAGE 6 PASSED: Generation request submitted.
[23:30:42] INFO     ⏳ Waiting for generation to complete (looking for 'Make video' or video element) …
[23:30:42] INFO        ⏳ Still generating … 0s
[23:30:57] INFO        ⏳ Still generating … 15s
[23:31:12] INFO        ⏳ Still generating … 30s
[23:31:28] INFO        ⏳ Still generating … 45s
[23:31:43] INFO        ⏳ Still generating … 60s
[23:31:58] INFO        ⏳ Still generating … 75s
[23:32:01] INFO     ✅ Video element found after 78s — video generated directly.
[23:32:01] INFO     📸 Screenshot → /home/sonupandit/Documents/ai-vide-api/twitter-automation/06_video_direct.png
[23:32:01] INFO     STAGE 7: Clicking 'Make video' button
[23:32:01] WARNING  ⚠️  'Make video' button not visible — maybe video was generated directly.
[23:32:01] INFO     STAGE 8: Downloading generated video
[23:32:01] INFO        Trying Strategy 1: Extract video src URL …
[23:32:01] INFO     🔗 Video URL found: https://assets.grok.com/users/8dbf2400-2043-4217-8f1b-f55601499675/generated/f1aebbed-d0cd-4345-81de-6a2ed1be3ae6/genera…
[23:32:01] INFO     ⬇️  Downloading video to /home/sonupandit/Documents/ai-vide-api/twitter-automation/videos/module_3.mp4 …
[23:32:01] WARNING  ⚠️  Direct download failed: HTTP Error 403: Forbidden — trying Strategy 2.
[23:32:01] INFO        Trying Strategy 2: Click download button …
[23:32:01] INFO        Found download element: button[aria-label*="ownload"]
[23:32:01] INFO     ⬇️  Attempt 1/3 …
[23:32:06] INFO     ✅ STAGE 8 PASSED (Strategy 2): /home/sonupandit/Documents/ai-vide-api/twitter-automation/videos/module_3.mp4 (4.37 MB)
[23:32:06] INFO     📸 Screenshot → /home/sonupandit/Documents/ai-vide-api/twitter-automation/08_download_success.png
[23:32:06] INFO     🎉 SUCCESS!
[23:32:06] INFO     =======================================================
[23:32:06] INFO     🎬 Grok Video Generation - New Video
[23:32:06] INFO        Prompt   : Environment: A quiet nighttime laboratory illuminated by a few dim lamps and faint electrical light creating deep shadows across wooden tables and machines, maintaining a sepia vintage cinema documentary look with grain and scratches. Character: Tesla wearing the same formal suit and vest, appearing thoughtful and slightly tense. Objects: A large experimental generator machine connected to coils and wires with a metal activation lever. Movement: During the 10 second scene Tesla slowly approaches the machine and places his hand on the metal lever, pausing briefly as sparks begin appearing around the device before preparing to activate the experiment.
[23:32:06] INFO        Output   : /home/sonupandit/Documents/ai-vide-api/twitter-automation/videos/module_4.mp4
[23:32:06] INFO     =======================================================
[23:32:06] INFO     STAGE 5: Entering prompt
[23:32:06] INFO     📝 «Environment: A quiet nighttime laboratory illuminated by a few dim lamps and faint electrical light creating deep shadows across wooden tables and machines, maintaining a sepia vintage cinema documentary look with grain and scratches. Character: Tesla wearing the same formal suit and vest, appearing thoughtful and slightly tense. Objects: A large experimental generator machine connected to coils and wires with a metal activation lever. Movement: During the 10 second scene Tesla slowly approaches the machine and places his hand on the metal lever, pausing briefly as sparks begin appearing around the device before preparing to activate the experiment.»
[23:32:06] DEBUG    🖱️  Scroll down 319px
[23:32:06] DEBUG    🕐 Human delay 2.8s before typing prompt
[23:32:09] DEBUG    🖱️  Mouse jiggle → (646, 184)
[23:32:15] DEBUG    Strategy 'textarea' failed: Locator.wait_for: Timeout 5000ms exceeded.
Call log:
  - waiting for locator("textarea").first

[23:32:16] INFO     ✏️  Entered via ProseMirror.
[23:32:17] DEBUG    ✅ 'prompt in DOM' met on attempt 1/8
[23:32:17] INFO     ✅ STAGE 5 PASSED: Prompt confirmed in DOM.
[23:32:17] INFO     STAGE 6: Submitting generation request
[23:32:17] DEBUG    🕐 Human delay 0.5s before pressing Enter
[23:32:22] INFO     📸 Screenshot → /home/sonupandit/Documents/ai-vide-api/twitter-automation/06_after_submit.png
[23:32:22] INFO     ✅ STAGE 6 PASSED: Generation request submitted.
[23:32:22] INFO     ⏳ Waiting for generation to complete (looking for 'Make video' or video element) …
[23:32:22] INFO        ⏳ Still generating … 0s
[23:32:37] INFO        ⏳ Still generating … 15s
[23:32:52] INFO        ⏳ Still generating … 30s
[23:33:07] INFO        ⏳ Still generating … 45s
[23:33:22] INFO        ⏳ Still generating … 60s
[23:33:37] INFO        ⏳ Still generating … 75s
[23:33:52] INFO        ⏳ Still generating … 90s
[23:34:07] INFO        ⏳ Still generating … 105s
[23:34:22] INFO        ⏳ Still generating … 120s
[23:34:37] INFO        ⏳ Still generating … 135s
[23:34:52] INFO        ⏳ Still generating … 150s
[23:35:08] INFO        ⏳ Still generating … 165s
[23:35:23] INFO        ⏳ Still generating … 180s
[23:35:38] INFO        ⏳ Still generating … 195s
[23:35:53] INFO        ⏳ Still generating … 210s
[23:36:08] INFO        ⏳ Still generating … 225s
[23:36:23] INFO        ⏳ Still generating … 240s
[23:36:38] INFO        ⏳ Still generating … 256s
[23:36:53] INFO        ⏳ Still generating … 271s
[23:37:08] INFO        ⏳ Still generating … 286s
[23:37:23] INFO        ⏳ Still generating … 301s
[23:37:38] INFO     ✅ Video element found after 316s — video generated directly.
[23:37:38] INFO     📸 Screenshot → /home/sonupandit/Documents/ai-vide-api/twitter-automation/06_video_direct.png
[23:37:38] INFO     STAGE 7: Clicking 'Make video' button
[23:37:38] WARNING  ⚠️  'Make video' button not visible — maybe video was generated directly.
[23:37:38] INFO     STAGE 8: Downloading generated video
[23:37:38] INFO        Trying Strategy 1: Extract video src URL …
[23:37:38] INFO     🔗 Video URL found: https://assets.grok.com/users/8dbf2400-2043-4217-8f1b-f55601499675/generated/3891a65c-f3d2-42d3-8eee-c530d6e91165/genera…
[23:37:38] INFO     ⬇️  Downloading video to /home/sonupandit/Documents/ai-vide-api/twitter-automation/videos/module_4.mp4 …
[23:37:38] WARNING  ⚠️  Direct download failed: HTTP Error 403: Forbidden — trying Strategy 2.
[23:37:38] INFO        Trying Strategy 2: Click download button …
[23:37:38] INFO        Found download element: button[aria-label*="ownload"]
[23:37:38] INFO     ⬇️  Attempt 1/3 …
[23:37:42] INFO     ✅ STAGE 8 PASSED (Strategy 2): /home/sonupandit/Documents/ai-vide-api/twitter-automation/videos/module_4.mp4 (4.24 MB)
[23:37:42] INFO     📸 Screenshot → /home/sonupandit/Documents/ai-vide-api/twitter-automation/08_download_success.png
[23:37:42] INFO     🎉 SUCCESS!
[23:37:42] INFO     =======================================================
[23:37:42] INFO     🎬 Grok Video Generation - New Video
[23:37:42] INFO        Prompt   : Environment: The laboratory suddenly becomes brighter as electrical energy fills the room, still shown in sepia vintage film style with heavy grain and flickering exposure. Character: Tesla wearing his dark suit and vest watching the experiment with growing excitement and amazement. Objects: A large electrical coil machine in the center and several glass bulbs placed around the laboratory without wires. Movement: Over the 10 second moment the machine releases bright sparks and arcs of electricity while the surrounding bulbs slowly begin glowing wirelessly. Tesla looks around in surprise as the camera gently zooms out revealing the magical moment.
[23:37:42] INFO        Output   : /home/sonupandit/Documents/ai-vide-api/twitter-automation/videos/module_5.mp4
[23:37:42] INFO     =======================================================
[23:37:42] INFO     STAGE 5: Entering prompt
[23:37:42] INFO     📝 «Environment: The laboratory suddenly becomes brighter as electrical energy fills the room, still shown in sepia vintage film style with heavy grain and flickering exposure. Character: Tesla wearing his dark suit and vest watching the experiment with growing excitement and amazement. Objects: A large electrical coil machine in the center and several glass bulbs placed around the laboratory without wires. Movement: Over the 10 second moment the machine releases bright sparks and arcs of electricity while the surrounding bulbs slowly begin glowing wirelessly. Tesla looks around in surprise as the camera gently zooms out revealing the magical moment.»
[23:37:42] DEBUG    🖱️  Scroll down 248px
[23:37:43] DEBUG    🕐 Human delay 2.6s before typing prompt
[23:37:46] DEBUG    🖱️  Mouse jiggle → (698, 319)
[23:37:51] DEBUG    Strategy 'textarea' failed: Locator.wait_for: Timeout 5000ms exceeded.
Call log:
  - waiting for locator("textarea").first

[23:37:52] INFO     ✏️  Entered via ProseMirror.
[23:37:53] DEBUG    ✅ 'prompt in DOM' met on attempt 1/8
[23:37:53] INFO     ✅ STAGE 5 PASSED: Prompt confirmed in DOM.
[23:37:53] INFO     STAGE 6: Submitting generation request
[23:37:53] DEBUG    🕐 Human delay 1.0s before pressing Enter
[23:38:01] INFO     📸 Screenshot → /home/sonupandit/Documents/ai-vide-api/twitter-automation/06_after_submit.png
[23:38:01] INFO     ✅ STAGE 6 PASSED: Generation request submitted.
[23:38:01] INFO     ⏳ Waiting for generation to complete (looking for 'Make video' or video element) …
[23:38:01] INFO        ⏳ Still generating … 0s
[23:38:16] INFO        ⏳ Still generating … 15s
[23:38:31] INFO        ⏳ Still generating … 30s
[23:38:46] INFO        ⏳ Still generating … 45s
[23:39:01] INFO        ⏳ Still generating … 60s
[23:39:16] INFO        ⏳ Still generating … 75s
[23:39:28] INFO     ✅ Video element found after 87s — video generated directly.
[23:39:29] INFO     📸 Screenshot → /home/sonupandit/Documents/ai-vide-api/twitter-automation/06_video_direct.png
[23:39:29] INFO     STAGE 7: Clicking 'Make video' button
[23:39:29] WARNING  ⚠️  'Make video' button not visible — maybe video was generated directly.
[23:39:29] INFO     STAGE 8: Downloading generated video
[23:39:29] INFO        Trying Strategy 1: Extract video src URL …
[23:39:29] INFO     🔗 Video URL found: https://assets.grok.com/users/8dbf2400-2043-4217-8f1b-f55601499675/generated/ea3dfd17-5995-4019-8de5-674f00a535da/genera…
[23:39:29] INFO     ⬇️  Downloading video to /home/sonupandit/Documents/ai-vide-api/twitter-automation/videos/module_5.mp4 …
[23:39:29] WARNING  ⚠️  Direct download failed: HTTP Error 403: Forbidden — trying Strategy 2.
[23:39:29] INFO        Trying Strategy 2: Click download button …
[23:39:29] INFO        Found download element: button[aria-label*="ownload"]
[23:39:29] INFO     ⬇️  Attempt 1/3 …
[23:39:35] INFO     ✅ STAGE 8 PASSED (Strategy 2): /home/sonupandit/Documents/ai-vide-api/twitter-automation/videos/module_5.mp4 (5.82 MB)
[23:39:35] INFO     📸 Screenshot → /home/sonupandit/Documents/ai-vide-api/twitter-automation/08_download_success.png
[23:39:35] INFO     🎉 SUCCESS!
[23:39:35] INFO     =======================================================
[23:39:35] INFO     🎬 Grok Video Generation - New Video
[23:39:35] INFO        Prompt   : Environment: The laboratory is now filled with warm glowing light from many wireless bulbs illuminating the entire room, presented in a sepia vintage documentary aesthetic with film grain, dust particles and subtle flickering exposure. Character: Tesla wearing his elegant early twentieth century suit and vest standing confidently beside the experiment. Objects: Multiple glowing glass bulbs around the laboratory and the large electrical coil machine humming softly in the background. Movement: During the 10 second closing shot Tesla calmly observes the success of his invention while the camera slowly pulls back revealing the entire laboratory glowing with wireless electricity.
[23:39:35] INFO        Output   : /home/sonupandit/Documents/ai-vide-api/twitter-automation/videos/module_6.mp4
[23:39:35] INFO     =======================================================
[23:39:35] INFO     STAGE 5: Entering prompt
[23:39:35] INFO     📝 «Environment: The laboratory is now filled with warm glowing light from many wireless bulbs illuminating the entire room, presented in a sepia vintage documentary aesthetic with film grain, dust particles and subtle flickering exposure. Character: Tesla wearing his elegant early twentieth century suit and vest standing confidently beside the experiment. Objects: Multiple glowing glass bulbs around the laboratory and the large electrical coil machine humming softly in the background. Movement: During the 10 second closing shot Tesla calmly observes the success of his invention while the camera slowly pulls back revealing the entire laboratory glowing with wireless electricity.»
[23:39:35] DEBUG    🖱️  Scroll down 179px
[23:39:36] DEBUG    🕐 Human delay 1.9s before typing prompt
[23:39:38] DEBUG    🖱️  Mouse jiggle → (935, 183)
[23:39:43] DEBUG    Strategy 'textarea' failed: Locator.wait_for: Timeout 5000ms exceeded.
Call log:
  - waiting for locator("textarea").first

[23:39:45] INFO     ✏️  Entered via ProseMirror.
[23:39:46] DEBUG    ✅ 'prompt in DOM' met on attempt 1/8
[23:39:46] INFO     ✅ STAGE 5 PASSED: Prompt confirmed in DOM.
[23:39:46] INFO     STAGE 6: Submitting generation request
[23:39:46] DEBUG    🕐 Human delay 1.1s before pressing Enter
[23:39:52] INFO     📸 Screenshot → /home/sonupandit/Documents/ai-vide-api/twitter-automation/06_after_submit.png
[23:39:52] INFO     ✅ STAGE 6 PASSED: Generation request submitted.
[23:39:52] INFO     ⏳ Waiting for generation to complete (looking for 'Make video' or video element) …
[23:39:52] INFO        ⏳ Still generating … 0s
[23:40:07] INFO        ⏳ Still generating … 15s
[23:40:22] INFO        ⏳ Still generating … 30s
[23:40:37] INFO        ⏳ Still generating … 45s
[23:40:52] INFO        ⏳ Still generating … 60s
[23:41:07] INFO        ⏳ Still generating … 75s
[23:41:13] INFO     ✅ Video element found after 81s — video generated directly.
[23:41:13] INFO     📸 Screenshot → /home/sonupandit/Documents/ai-vide-api/twitter-automation/06_video_direct.png
[23:41:13] INFO     STAGE 7: Clicking 'Make video' button
[23:41:13] WARNING  ⚠️  'Make video' button not visible — maybe video was generated directly.
[23:41:13] INFO     STAGE 8: Downloading generated video
[23:41:13] INFO        Trying Strategy 1: Extract video src URL …
[23:41:13] INFO     🔗 Video URL found: https://assets.grok.com/users/8dbf2400-2043-4217-8f1b-f55601499675/generated/d1177971-f328-4580-9bf9-88b374a85bf9/genera…
[23:41:13] INFO     ⬇️  Downloading video to /home/sonupandit/Documents/ai-vide-api/twitter-automation/videos/module_6.mp4 …
[23:41:13] WARNING  ⚠️  Direct download failed: HTTP Error 403: Forbidden — trying Strategy 2.
[23:41:13] INFO        Trying Strategy 2: Click download button …
[23:41:13] INFO        Found download element: button[aria-label*="ownload"]
[23:41:13] INFO     ⬇️  Attempt 1/3 …
[23:41:17] INFO     ✅ STAGE 8 PASSED (Strategy 2): /home/sonupandit/Documents/ai-vide-api/twitter-automation/videos/module_6.mp4 (4.27 MB)
[23:41:17] INFO     📸 Screenshot → /home/sonupandit/Documents/ai-vide-api/twitter-automation/08_download_success.png
[23:41:17] INFO     🎉 SUCCESS!
[23:41:17] INFO     =======================================================
[23:41:17] INFO     👋 Closing Grok session
[23:41:17] INFO     =======================================================
