[01:17:26] INFO     📋 Full debug log → automation_20260311_011726.log
[01:17:26] INFO     =======================================================
[01:17:26] INFO     🚀 Grok Video Generation Automation - Starting Session
[01:17:26] INFO        Image    : None
[01:17:26] INFO     =======================================================
[01:17:26] INFO     STAGE 1: Launching Chrome
[01:17:26] INFO     ✅ STAGE 1 PASSED: Chrome launched.
[01:17:26] INFO     STAGE 2: Navigating to Grok
[01:17:28] INFO     ⏳ Waiting 8.6s for UI to settle …
[01:17:36] DEBUG    🖱️  Scroll down 317px
[01:17:37] DEBUG    🖱️  Mouse jiggle → (1079, 227)
[01:17:37] INFO     ✅ STAGE 2 PASSED: Page loaded.
[01:17:37] DEBUG    🕐 Human delay 2.3s post-navigation
[01:17:40] INFO     STAGE 3: Ensuring Video mode is selected
[01:17:40] DEBUG    🕐 Human delay 1.5s before checking mode
[01:17:41] WARNING  ⚠️  Settings button not found — trying to continue anyway.
[01:17:41] INFO     📸 Screenshot → /home/sonupandit/Documents/ai-vide-api/twitter-automation/03_no_settings_btn.png
[01:17:41] INFO     =======================================================
[01:17:41] INFO     🎬 Grok Video Generation - New Video
[01:17:41] INFO        Prompt   : IMAGE CONTEXT:
early 1900s laboratory interior with Nikola Tesla inspired inventor beside primitive electrical equipment and coils, sepia vintage film look heavy grain scratches

VIDEO INSTRUCTIONS:
Environment: An early 1900s electrical laboratory filled with wooden tables, primitive electrical coils, wires, glass bulbs and scientific instruments. The room is dimly lit with a sepia black and white vintage documentary aesthetic, heavy film grain, scratches, dust particles and slight flickering exposure. Character: Nikola Tesla inspired inventor wearing a dark early twentieth century suit, vest, white shirt and tie with neatly combed hair. Objects: Electrical coils and glowing experimental equipment placed on a wooden table. Movement: Over 10 seconds Tesla slowly turns toward the camera, speaking thoughtfully while faint sparks flicker behind him as the camera performs a subtle cinematic push-in.
[01:17:41] INFO        Output   : /home/sonupandit/Documents/ai-vide-api/twitter-automation/videos/module_1.mp4
[01:17:41] INFO     =======================================================
[01:17:41] INFO     STAGE 5: Entering prompt
[01:17:41] INFO     📝 «IMAGE CONTEXT:
early 1900s laboratory interior with Nikola Tesla inspired inventor beside primitive electrical equipment and coils, sepia vintage film look heavy grain scratches

VIDEO INSTRUCTIONS:
Environment: An early 1900s electrical laboratory filled with wooden tables, primitive electrical coils, wires, glass bulbs and scientific instruments. The room is dimly lit with a sepia black and white vintage documentary aesthetic, heavy film grain, scratches, dust particles and slight flickering exposure. Character: Nikola Tesla inspired inventor wearing a dark early twentieth century suit, vest, white shirt and tie with neatly combed hair. Objects: Electrical coils and glowing experimental equipment placed on a wooden table. Movement: Over 10 seconds Tesla slowly turns toward the camera, speaking thoughtfully while faint sparks flicker behind him as the camera performs a subtle cinematic push-in.»
[01:17:41] DEBUG    🖱️  Scroll down 145px
[01:17:42] DEBUG    🕐 Human delay 1.4s before typing prompt
[01:17:43] DEBUG    🖱️  Mouse jiggle → (263, 380)
[01:17:49] DEBUG    Strategy 'textarea' failed: Locator.wait_for: Timeout 5000ms exceeded.
Call log:
  - waiting for locator("textarea").first

[01:17:50] INFO     ✏️  Entered via ProseMirror.
[01:17:51] DEBUG    ✅ 'prompt in DOM' met on attempt 1/8
[01:17:51] INFO     ✅ STAGE 5 PASSED: Prompt confirmed in DOM.
[01:17:51] INFO     STAGE 6: Submitting generation request
[01:17:51] DEBUG    🕐 Human delay 0.8s before pressing Enter
[01:17:56] INFO     📸 Screenshot → /home/sonupandit/Documents/ai-vide-api/twitter-automation/06_after_submit.png
[01:17:56] INFO     ✅ STAGE 6 PASSED: Generation request submitted.
[01:17:56] INFO     ⏳ Waiting for generation to complete (looking for 'Make video' or video element) …
[01:17:56] INFO        ⏳ Still generating … 0s
[01:18:11] INFO        ⏳ Still generating … 15s
[01:18:26] INFO        ⏳ Still generating … 30s
[01:18:41] INFO        ⏳ Still generating … 45s
[01:18:56] INFO        ⏳ Still generating … 60s
[01:19:11] INFO        ⏳ Still generating … 75s
[01:19:26] INFO        ⏳ Still generating … 90s
[01:19:41] INFO        ⏳ Still generating … 105s
[01:19:56] INFO        ⏳ Still generating … 120s
[01:20:11] INFO        ⏳ Still generating … 135s
[01:20:26] INFO        ⏳ Still generating … 150s
[01:20:41] INFO        ⏳ Still generating … 165s
[01:20:56] INFO        ⏳ Still generating … 180s
[01:21:11] INFO        ⏳ Still generating … 195s
[01:21:27] INFO        ⏳ Still generating … 210s
[01:21:42] INFO        ⏳ Still generating … 225s
[01:21:57] INFO        ⏳ Still generating … 240s
[01:22:12] INFO        ⏳ Still generating … 255s
[01:22:27] INFO        ⏳ Still generating … 270s
[01:22:42] INFO        ⏳ Still generating … 286s
[01:22:57] INFO     📸 Screenshot → /home/sonupandit/Documents/ai-vide-api/twitter-automation/06_generation_timeout.png
[01:22:57] ERROR    ❌ Generation failed: Generation did not complete within 300s.
[01:23:02] INFO     =======================================================
[01:23:02] INFO     🎬 Grok Video Generation - New Video
[01:23:02] INFO        Prompt   : IMAGE CONTEXT:
early 1900s laboratory interior with Nikola Tesla inspired inventor beside primitive electrical equipment and coils, sepia vintage film look heavy grain scratches

VIDEO INSTRUCTIONS:
Environment: An early 1900s electrical laboratory filled with wooden tables, primitive electrical coils, wires, glass bulbs and scientific instruments. The room is dimly lit with a sepia black and white vintage documentary aesthetic, heavy film grain, scratches, dust particles and slight flickering exposure. Character: Nikola Tesla inspired inventor wearing a dark early twentieth century suit, vest, white shirt and tie with neatly combed hair. Objects: Electrical coils and glowing experimental equipment placed on a wooden table. Movement: Over 10 seconds Tesla slowly turns toward the camera, speaking thoughtfully while faint sparks flicker behind him as the camera performs a subtle cinematic push-in.
[01:23:02] INFO        Output   : /home/sonupandit/Documents/ai-vide-api/twitter-automation/videos/module_1.mp4
[01:23:02] INFO     =======================================================
[01:23:02] INFO     STAGE 5: Entering prompt
[01:23:02] INFO     📝 «IMAGE CONTEXT:
early 1900s laboratory interior with Nikola Tesla inspired inventor beside primitive electrical equipment and coils, sepia vintage film look heavy grain scratches

VIDEO INSTRUCTIONS:
Environment: An early 1900s electrical laboratory filled with wooden tables, primitive electrical coils, wires, glass bulbs and scientific instruments. The room is dimly lit with a sepia black and white vintage documentary aesthetic, heavy film grain, scratches, dust particles and slight flickering exposure. Character: Nikola Tesla inspired inventor wearing a dark early twentieth century suit, vest, white shirt and tie with neatly combed hair. Objects: Electrical coils and glowing experimental equipment placed on a wooden table. Movement: Over 10 seconds Tesla slowly turns toward the camera, speaking thoughtfully while faint sparks flicker behind him as the camera performs a subtle cinematic push-in.»
[01:23:02] DEBUG    🖱️  Scroll up 295px
[01:23:03] DEBUG    🕐 Human delay 2.7s before typing prompt
[01:23:06] DEBUG    🖱️  Mouse jiggle → (1042, 462)
[01:23:09] INFO     =======================================================
[01:23:09] INFO     👋 Closing Grok session
[01:23:09] INFO     =======================================================
